2025-04-24 23:16:02 - [ERROR]: !!!!!!!!!!!!!!!!!!!!!!!!!!!!!!!!!!!!!!!!!!!!!!!!!!
2025-04-24 23:16:02 - [ERROR]: Error: Failed to build image for 01-01-arrow (/media/kkk/Apps/jetc/buildx/build/01-01-arrow).
2025-04-24 23:16:02 - [ERROR]: !!!!!!!!!!!!!!!!!!!!!!!!!!!!!!!!!!!!!!!!!!!!!!!!!!
2025-04-24 23:16:02 - [ERROR]: Stage '01-01-arrow' failed with exit code 1.
2025-04-24 23:16:02 - [ERROR]: --- Build Process Aborted Due to Failure in Stage '01-01-arrow' ---
2025-04-24 23:16:02 - [ERROR]: Build process completed with errors during stages.
2025-04-24 23:16:02 - [ERROR]: Build process finished with ERRORS.
2025-04-24 23:16:02 - [WARN]: Last Successful Image Tag: kairin/jetc:01-00-build-essential
