❯ git push origin main
Enumerating objects: 8, done.
Counting objects: 100% (8/8), done.
Delta compression using up to 8 threads
Compressing objects: 100% (6/6), done.
Writing objects: 100% (6/6), 47.82 KiB | 4.78 MiB/s, done.
Total 6 (delta 3), reused 0 (delta 0), pack-reused 0
remote: Resolving deltas: 100% (3/3), completed with 2 local objects.
To https://github.com/kairin/jetc.git
   f9616c3..a46589d  main -> main
❯ git pull
remote: Enumerating objects: 35, done.
remote: Counting objects: 100% (35/35), done.
remote: Compressing objects: 100% (15/15), done.
remote: Total 29 (delta 23), reused 17 (delta 11), pack-reused 0 (from 0)
Unpacking objects: 100% (29/29), 5.36 KiB | 365.00 KiB/s, done.
From https://github.com/kairin/jetc
   a46589d..566bd7f  main       -> origin/main
Updating a46589d..566bd7f
Fast-forward
 .github/copilot-instructions.md | 78 +++++++++++++++++++++++++++++++++++++++++++++++++++++++++++++++++++++++++++---
 buildx/scripts/docker_utils.sh  | 37 +++++++++++++++++++++----------------
 2 files changed, 96 insertions(+), 19 deletions(-)
❯ git pull
remote: Enumerating objects: 300, done.
remote: Counting objects: 100% (300/300), done.
remote: Compressing objects: 100% (123/123), done.
remote: Total 242 (delta 155), reused 206 (delta 119), pack-reused 0 (from 0)
Receiving objects: 100% (242/242), 46.07 KiB | 1.02 MiB/s, done.
Resolving deltas: 100% (155/155), completed with 31 local objects.
From https://github.com/kairin/jetc
   566bd7f..273dbe5  main       -> origin/main
Updating 566bd7f..273dbe5
Fast-forward
 buildx/build.sh                                   | 109 ++++++++++++++++++++++++++++++++++++++++++++++++++++++++++++++++++-------------------------------------------
 buildx/build/01-00-build-essential/Dockerfile     |   7 ++++---
 buildx/build/01-01-arrow/Dockerfile               |   7 ++++---
 buildx/build/01-01-numba/Dockerfile               |  76 ++++++++++++++++++++++++++++++++++++++++++++++++++++++++++++++--------------
 buildx/build/01-01-numpy/Dockerfile               |   7 ++++---
 buildx/build/01-cuda/Dockerfile                   |   7 ++++---
 buildx/build/01-cuda/cuda-python/Dockerfile       |   3 ++-
 buildx/build/01-cuda/cuda/Dockerfile              |   3 ++-
 buildx/build/01-cuda/cudnn/Dockerfile             |   7 ++++---
 buildx/build/01-cuda/cupy/Dockerfile              |   7 ++++---
 buildx/build/01-cuda/pycuda/Dockerfile            |   7 ++++---
 buildx/build/02-bazel/Dockerfile                  |  15 ++++++++++++++-
 buildx/build/03-ninja/Dockerfile                  |  15 ++++++++++++++-
 buildx/build/04-python/Dockerfile                 |  20 +++++++++++++++++---
 buildx/build/05-h5py/Dockerfile                   |  21 +++++++++++++++++----
 buildx/build/06-rust/Dockerfile                   |  18 ++++++++++++++++--
 buildx/build/07-protobuf_apt/Dockerfile           |  19 ++++++++++++++++---
 buildx/build/08-protobuf_cpp/Dockerfile           |  23 ++++++++++++++++++-----
 buildx/build/09-opencv/Dockerfile                 |  17 +++++++++++++++--
 buildx/build/10-onnx/Dockerfile                   |  21 ++++++++++++++++-----
 buildx/build/10-onnxruntime/Dockerfile            |  20 ++++++++++++++++----
 buildx/build/10-triton/Dockerfile                 |  20 +++++++++++++++++++-
 buildx/build/11-diffusers/Dockerfile              |  19 ++++++++++++++++---
 buildx/build/12-huggingface_hub/Dockerfile        |  15 ++++++++++++++-
 buildx/build/13-transformers/Dockerfile           |   3 ++-
 buildx/build/14-xformers/Dockerfile               |  20 +++++++++++++++++---
 buildx/build/15-flash-attention/Dockerfile        |  20 +++++++++++++++++---
 buildx/build/16-stable-diffusion/Dockerfile       |  46 ++++++++++++++++++++++++++++++++++++++++++++--
 buildx/build/17-stable-diffusion-webui/Dockerfile |   9 +++++----
 buildx/build/18-comfyui/Dockerfile                |  22 +++++++++++++++++++---
 buildx/build/19-bitsandbytes/Dockerfile           |  15 ++++++++++++++-
 buildx/scripts/docker_utils.sh                    |  64 +++++++++++++++++++++++++++++++++++-----------------------------
 buildx/scripts/setup_env.sh                       |  18 ++++++++----------
 33 files changed, 529 insertions(+), 171 deletions(-)
❯ cd ..
❯ jls
zsh: command not found: jls
❯ ls
build  build.sh  jetcrun.sh  logs  scripts
❯ cd ..
❯ ls -a
.  ..  .git  .gitattributes  .github  .gitignore  .old_forAI_training  .vscode  README.md  buildx
❯ cd buildx
❯ ls -a
.  ..  build  build.sh  jetcrun.sh  logs  scripts
❯ ./build.sh
Found .env file in ../.vscode directory
Using existing buildx builder: jetson-builder
Do you want to build with cache? (y/n): n
Do you want to attempt squashing image layers (experimental)? (y/n): n
Skip intermediate push/pull for each stage (requires --load)? (y/n): n
Initial base image set to: kairin/001:jetc-nvidia-pytorch-25.03-py3-igpu
Determining build order...
Starting build process...
--- Building Numbered Directories ---
Processing numbered directory: build/01-00-build-essential
Using base image: kairin/001:jetc-nvidia-pytorch-25.03-py3-igpu
Generating fixed tag: kairin/001:01-00-build-essential
--------------------------------------------------
Building image from folder: build/01-00-build-essential
Image Name: 01-00-build-essential
Platform: linux/arm64
Tag: kairin/001:01-00-build-essential
Base Image (FROM via ARG): kairin/001:jetc-nvidia-pytorch-25.03-py3-igpu
Skip Intermediate Push/Pull: n
--------------------------------------------------
Using --push
Running: docker buildx build --platform linux/arm64 -t kairin/001:01-00-build-essential --build-arg BASE_IMAGE=kairin/001:jetc-nvidia-pytorch-25.03-py3-igpu --no-cache --push build/01-00-build-essential
[+] Building 20.8s (12/12) FINISHED                                                                                                                docker-container:jetson-builder
 => [internal] load build definition from Dockerfile                                                                                                                          0.0s
 => => transferring dockerfile: 7.73kB                                                                                                                                        0.0s
 => [internal] load metadata for docker.io/kairin/001:jetc-nvidia-pytorch-25.03-py3-igpu                                                                                      1.9s
 => [auth] kairin/001:pull token for registry-1.docker.io                                                                                                                     0.0s
 => [internal] load .dockerignore                                                                                                                                             0.0s
 => => transferring context: 2B                                                                                                                                               0.0s
 => CACHED [1/6] FROM docker.io/kairin/001:jetc-nvidia-pytorch-25.03-py3-igpu@sha256:dde556a5bcbffea413d29bca3f0f9c05eb7107c1e6b57dac08e8ed98e841e423                         0.0s
 => => resolve docker.io/kairin/001:jetc-nvidia-pytorch-25.03-py3-igpu@sha256:dde556a5bcbffea413d29bca3f0f9c05eb7107c1e6b57dac08e8ed98e841e423                                0.0s
 => [2/6] RUN touch /opt/list_app_checks.sh                                                                                                                                   0.2s
 => [3/6] RUN set -ex     && apt-get update     && apt-get install -y --no-install-recommends         locales         locales-all         tzdata         build-essential     10.5s
 => [4/6] RUN echo '#!/usr/bin/env bash' > /tmp/vercmp &&     echo '#' >> /tmp/vercmp &&     echo '# Backportable version comparison: https://stackoverflow.com/a/4025065' >  0.1s
 => [5/6] RUN echo '#!/usr/bin/env bash' > /tmp/tarpack &&     echo 'set -ex' >> /tmp/tarpack &&     echo '' >> /tmp/tarpack &&     echo 'COMMAND=$1' >> /tmp/tarpack &&      0.1s 
 => [6/6] RUN echo "# Check for build tools" >> /tmp/build_checks.sh     && echo "check_cmd gcc 'gcc --version'" >> /tmp/build_checks.sh     && echo "check_cmd g++ 'g++ --v  0.2s 
 => exporting to image                                                                                                                                                        7.6s 
 => => exporting layers                                                                                                                                                       0.5s 
 => => exporting manifest sha256:15d6d11eaee13c9284fc9107cd5e87eef0cf7750aa4e16a9ad207a0d113d3040                                                                             0.0s 
 => => exporting config sha256:5bcf686213d9df52931c103f68c58b6c172a5e04c8875ef6b8b8df611a82e8ec                                                                               0.0s
 => => exporting attestation manifest sha256:f6f5f614d198bf08fce81449222b91930200d68131280f6b9bba31e4ebff320e                                                                 0.0s
 => => exporting manifest list sha256:de753bbf537515ba50e505c0032c3100655a86ec450405decbb35346c665ab0b                                                                        0.0s
 => => pushing layers                                                                                                                                                         4.4s
 => => pushing manifest for docker.io/kairin/001:01-00-build-essential@sha256:de753bbf537515ba50e505c0032c3100655a86ec450405decbb35346c665ab0b                                2.6s
 => [auth] kairin/001:pull,push token for registry-1.docker.io                                                                                                                0.0s
Pulling built image: kairin/001:01-00-build-essential
01-00-build-essential: Pulling from kairin/001
14fcbe0c9272: Already exists 
9c92e5240789: Already exists 
7727fa23ba6a: Pull complete 
0ee8993960f4: Pull complete 
ed9cc4f6f859: Pull complete 
065c3c36dc07: Pull complete 
90afbce3262f: Pull complete 
Digest: sha256:de753bbf537515ba50e505c0032c3100655a86ec450405decbb35346c665ab0b
Status: Downloaded newer image for kairin/001:01-00-build-essential
docker.io/kairin/001:01-00-build-essential
Verifying image kairin/001:01-00-build-essential exists locally...
Image kairin/001:01-00-build-essential verified locally.
Successfully built, pushed, and pulled numbered image: kairin/001:01-00-build-essential
Next base image will be: kairin/001:01-00-build-essential
Processing numbered directory: build/01-01-arrow
Using base image: kairin/001:01-00-build-essential
Generating fixed tag: kairin/001:01-01-arrow
--------------------------------------------------
Building image from folder: build/01-01-arrow
Image Name: 01-01-arrow
Platform: linux/arm64
Tag: kairin/001:01-01-arrow
Base Image (FROM via ARG): kairin/001:01-00-build-essential
Skip Intermediate Push/Pull: n
--------------------------------------------------
Using --push
Running: docker buildx build --platform linux/arm64 -t kairin/001:01-01-arrow --build-arg BASE_IMAGE=kairin/001:01-00-build-essential --no-cache --push build/01-01-arrow
[+] Building 2.0s (5/11)                                                                                                                           docker-container:jetson-builder
 => [internal] load build definition from Dockerfile                                                                                                                          0.0s
 => => transferring dockerfile: 2.95kB                                                                                                                                        0.0s
 => [internal] load metadata for docker.io/kairin/001:01-00-build-essential                                                                                                   0.4s
 => [internal] load .dockerignore                                                                                                                                             0.0s
 => => transferring context: 2B                                                                                                                                               0.0s
 => [1/8] FROM docker.io/kairin/001:01-00-build-essential@sha256:de753bbf537515ba50e505c0032c3100655a86ec450405decbb35346c665ab0b                                             0.1s
 => => resolve docker.io/kairin/001:01-00-build-essential@sha256:de753bbf537515ba50e505c0032c3100655a86ec450405decbb35346c665ab0b                                             0.0s
 => ERROR [2/8] RUN git clone --branch=${ARROW_BRANCH} --depth=1 --recursive https://github.com/apache/arrow /opt/arrow                                                       1.4s
------                                                                                                                                                                             
 > [2/8] RUN git clone --branch=${ARROW_BRANCH} --depth=1 --recursive https://github.com/apache/arrow /opt/arrow:                                                                  
0.092 Cloning into '/opt/arrow'...
1.392 warning: Could not find remote branch  to clone.
1.394 fatal: Remote branch  not found in upstream origin
------
Dockerfile:27
--------------------
  25 |     ARG ARROW_BRANCH
  26 |     
  27 | >>> RUN git clone --branch=${ARROW_BRANCH} --depth=1 --recursive https://github.com/apache/arrow /opt/arrow
  28 |         
  29 |     RUN cd /opt/arrow/cpp && \
--------------------
ERROR: failed to solve: process "/bin/sh -c git clone --branch=${ARROW_BRANCH} --depth=1 --recursive https://github.com/apache/arrow /opt/arrow" did not complete successfully: exit code: 128
!!!!!!!!!!!!!!!!!!!!!!!!!!!!!!!!!!!!!!!!!!!!!!!!!!
Error: Failed to build image for 01-01-arrow (build/01-01-arrow).
!!!!!!!!!!!!!!!!!!!!!!!!!!!!!!!!!!!!!!!!!!!!!!!!!!
Build, push or pull failed for build/01-01-arrow. Subsequent dependent builds might fail.
Build process for build/01-01-arrow exited with code 1
Continuing with next build...
Processing numbered directory: build/01-01-numba
Using base image: kairin/001:01-00-build-essential
Generating fixed tag: kairin/001:01-01-numba
--------------------------------------------------
Building image from folder: build/01-01-numba
Image Name: 01-01-numba
Platform: linux/arm64
Tag: kairin/001:01-01-numba
Base Image (FROM via ARG): kairin/001:01-00-build-essential
Skip Intermediate Push/Pull: n
--------------------------------------------------
Using --push
Running: docker buildx build --platform linux/arm64 -t kairin/001:01-01-numba --build-arg BASE_IMAGE=kairin/001:01-00-build-essential --no-cache --push build/01-01-numba
[+] Building 38.0s (7/8)                                                                                                                           docker-container:jetson-builder
 => [internal] load build definition from Dockerfile                                                                                                                          0.0s
 => => transferring dockerfile: 7.96kB                                                                                                                                        0.0s
 => [internal] load metadata for docker.io/kairin/001:01-00-build-essential                                                                                                   0.3s
 => [internal] load .dockerignore                                                                                                                                             0.0s
 => => transferring context: 2B                                                                                                                                               0.0s
 => CACHED [1/5] FROM docker.io/kairin/001:01-00-build-essential@sha256:de753bbf537515ba50e505c0032c3100655a86ec450405decbb35346c665ab0b                                      0.0s
 => => resolve docker.io/kairin/001:01-00-build-essential@sha256:de753bbf537515ba50e505c0032c3100655a86ec450405decbb35346c665ab0b                                             0.0s
 => [2/5] RUN apt-get update &&     apt-get install -y --no-install-recommends     llvm-dev     && rm -rf /var/lib/apt/lists/*     && apt-get clean     && echo "Installed   32.2s
 => [3/5] RUN pip3 install --no-cache-dir --break-system-packages numba &&     echo "Installed numba version:" &&     pip3 show numba && python3 -c 'import numba; print(num  4.4s 
 => ERROR [4/5] RUN echo '#!/usr/bin/env python3' > /tmp/test_numba.py &&     echo "print('testing numba...')" >> /tmp/test_numba.py &&     echo "" >> /tmp/test_numba.py &&  0.9s 
------                                                                                                                                                                             
 > [4/5] RUN echo '#!/usr/bin/env python3' > /tmp/test_numba.py &&     echo "print('testing numba...')" >> /tmp/test_numba.py &&     echo "" >> /tmp/test_numba.py &&     echo "import math" >> /tmp/test_numba.py &&     echo "import numba" >> /tmp/test_numba.py &&     echo "from numba import vectorize, guvectorize, cuda" >> /tmp/test_numba.py &&     echo "import numpy as np" >> /tmp/test_numba.py &&     echo "" >> /tmp/test_numba.py &&     echo "print('numba version: ' + str(numba.__version__))" >> /tmp/test_numba.py &&     echo "" >> /tmp/test_numba.py &&     echo "# test scalar vectorization" >> /tmp/test_numba.py &&     echo "print('testing cuda vectorized ufunc...')" >> /tmp/test_numba.py &&     echo "" >> /tmp/test_numba.py &&     echo "@vectorize(['float32(float32, float32, float32)'," >> /tmp/test_numba.py &&     echo "            'float64(float64, float64, float64)']," >> /tmp/test_numba.py &&     echo "           target='cuda')" >> /tmp/test_numba.py &&     echo "def cu_discriminant(a, b, c):" >> /tmp/test_numba.py &&     echo "    return math.sqrt(b ** 2 - 4 * a * c)" >> /tmp/test_numba.py &&     echo "" >> /tmp/test_numba.py &&     echo "N = 10000" >> /tmp/test_numba.py &&     echo "dtype = np.float32" >> /tmp/test_numba.py &&     echo "" >> /tmp/test_numba.py &&     echo "# prepare the input" >> /tmp/test_numba.py &&     echo "A = np.array(np.random.sample(N), dtype=dtype)" >> /tmp/test_numba.py &&     echo "B = np.array(np.random.sample(N) + 10, dtype=dtype)" >> /tmp/test_numba.py &&     echo "C = np.array(np.random.sample(N), dtype=dtype)" >> /tmp/test_numba.py &&     echo "" >> /tmp/test_numba.py &&     echo "D = cu_discriminant(A, B, C)" >> /tmp/test_numba.py &&     echo "" >> /tmp/test_numba.py &&     echo "print('cuda vectorized ufunc result:')" >> /tmp/test_numba.py &&     echo "# print(D) # Commented out to avoid excessive output" >> /tmp/test_numba.py &&     echo "" >> /tmp/test_numba.py &&     echo "# test array vectorization" >> /tmp/test_numba.py &&     echo "print('testing cuda guvectorized ufunc...')" >> /tmp/test_numba.py &&     echo "" >> /tmp/test_numba.py &&     echo "@guvectorize(['uint8[:], uint8[:], uint8[:]'," >> /tmp/test_numba.py &&     echo "              'float32[:], float32[:], float32[:]'], " >> /tmp/test_numba.py &&     echo "              '(n),(n)->(n)'," >> /tmp/test_numba.py &&     echo "             target='cuda')" >> /tmp/test_numba.py &&     echo "def cu_add_arrays(x, y, res):" >> /tmp/test_numba.py &&     echo "    for i in range(x.shape[0]):" >> /tmp/test_numba.py &&     echo "        res[i] = x[i] + y[i]" >> /tmp/test_numba.py &&     echo "" >> /tmp/test_numba.py &&     echo "A = np.full((2,4,3), 1, dtype)" >> /tmp/test_numba.py &&     echo "B = np.full(A.shape, 2, dtype)" >> /tmp/test_numba.py &&     echo "C = cu_add_arrays(A, B)" >> /tmp/test_numba.py &&     echo "" >> /tmp/test_numba.py &&     echo "print('cuda guvectorized ufunc result:')" >> /tmp/test_numba.py &&     echo "# print(C) # Commented out to avoid excessive output" >> /tmp/test_numba.py &&     echo "" >> /tmp/test_numba.py &&     echo "print('numba OK\n')" >> /tmp/test_numba.py &&     echo "Running embedded numba test script..." &&     python3 /tmp/test_numba.py &&     rm /tmp/test_numba.py:
0.110 Running embedded numba test script...
0.764 testing numba...
0.764 numba version: 0.61.0
0.764 testing cuda vectorized ufunc...
0.764 Traceback (most recent call last):
0.764   File "/tmp/test_numba.py", line 14, in <module>
0.764     @vectorize(['float32(float32, float32, float32)',
0.764      ^^^^^^^^^^^^^^^^^^^^^^^^^^^^^^^^^^^^^^^^^^^^^^^^
0.764   File "/usr/local/lib/python3.12/dist-packages/numba/np/ufunc/decorators.py", line 131, in wrap
0.765     vec.add(sig)
0.765   File "/usr/local/lib/python3.12/dist-packages/numba/cuda/deviceufunc.py", line 391, in add
0.765     corefn, return_type = self._compile_core(devfnsig)
0.765                           ^^^^^^^^^^^^^^^^^^^^^^^^^^^^
0.765   File "/usr/local/lib/python3.12/dist-packages/numba/cuda/vectorizers.py", line 202, in _compile_core
0.766     cudevfn = cuda.jit(sig, device=True, inline=True)(self.pyfunc)
0.766               ^^^^^^^^^^^^^^^^^^^^^^^^^^^^^^^^^^^^^^^^^^^^^^^^^^^^
0.766   File "/usr/local/lib/python3.12/dist-packages/numba/cuda/decorators.py", line 131, in _jit
0.767     disp.compile_device(argtypes, restype)
0.767   File "/usr/local/lib/python3.12/dist-packages/numba/cuda/dispatcher.py", line 882, in compile_device
0.768     cc = get_current_device().compute_capability
0.768          ^^^^^^^^^^^^^^^^^^^^
0.768   File "/usr/local/lib/python3.12/dist-packages/numba/cuda/api.py", line 443, in get_current_device
0.769     return current_context().device
0.769            ^^^^^^^^^^^^^^^^^
0.769   File "/usr/local/lib/python3.12/dist-packages/numba/cuda/cudadrv/devices.py", line 220, in get_context
0.769     return _runtime.get_or_create_context(devnum)
0.769            ^^^^^^^^^^^^^^^^^^^^^^^^^^^^^^^^^^^^^^
0.769   File "/usr/local/lib/python3.12/dist-packages/numba/cuda/cudadrv/devices.py", line 138, in get_or_create_context
0.770     return self._get_or_create_context_uncached(devnum)
0.770            ^^^^^^^^^^^^^^^^^^^^^^^^^^^^^^^^^^^^^^^^^^^^
0.770   File "/usr/local/lib/python3.12/dist-packages/numba/cuda/cudadrv/devices.py", line 153, in _get_or_create_context_uncached
0.770     with driver.get_active_context() as ac:
0.770   File "/usr/local/lib/python3.12/dist-packages/numba/cuda/cudadrv/driver.py", line 495, in __enter__
0.771     driver.cuCtxGetCurrent(byref(hctx))
0.771     ^^^^^^^^^^^^^^^^^^^^^^
0.771   File "/usr/local/lib/python3.12/dist-packages/numba/cuda/cudadrv/driver.py", line 295, in __getattr__
0.771     raise CudaSupportError("Error at driver init: \n%s:" %
0.771 numba.cuda.cudadrv.error.CudaSupportError: Error at driver init: 
0.771 
0.771 CUDA driver library cannot be found.
0.771 If you are sure that a CUDA driver is installed,
0.771 try setting environment variable NUMBA_CUDA_DRIVER
0.771 with the file path of the CUDA driver shared library.
0.771 :
------
Dockerfile:93
--------------------
  92 |     # For more complex tests, consider using `COPY test.py /tmp/test_numba.py` instead.
  93 | >>> RUN echo '#!/usr/bin/env python3' > /tmp/test_numba.py && \
  94 | >>>     echo "print('testing numba...')" >> /tmp/test_numba.py && \
  95 | >>>     echo "" >> /tmp/test_numba.py && \
  96 | >>>     echo "import math" >> /tmp/test_numba.py && \
  97 | >>>     echo "import numba" >> /tmp/test_numba.py && \
  98 | >>>     echo "from numba import vectorize, guvectorize, cuda" >> /tmp/test_numba.py && \
  99 | >>>     echo "import numpy as np" >> /tmp/test_numba.py && \
 100 | >>>     echo "" >> /tmp/test_numba.py && \
 101 | >>>     echo "print('numba version: ' + str(numba.__version__))" >> /tmp/test_numba.py && \
 102 | >>>     echo "" >> /tmp/test_numba.py && \
 103 | >>>     echo "# test scalar vectorization" >> /tmp/test_numba.py && \
 104 | >>>     echo "print('testing cuda vectorized ufunc...')" >> /tmp/test_numba.py && \
 105 | >>>     echo "" >> /tmp/test_numba.py && \
 106 | >>>     echo "@vectorize(['float32(float32, float32, float32)'," >> /tmp/test_numba.py && \
 107 | >>>     echo "            'float64(float64, float64, float64)']," >> /tmp/test_numba.py && \
 108 | >>>     echo "           target='cuda')" >> /tmp/test_numba.py && \
 109 | >>>     echo "def cu_discriminant(a, b, c):" >> /tmp/test_numba.py && \
 110 | >>>     echo "    return math.sqrt(b ** 2 - 4 * a * c)" >> /tmp/test_numba.py && \
 111 | >>>     echo "" >> /tmp/test_numba.py && \
 112 | >>>     echo "N = 10000" >> /tmp/test_numba.py && \
 113 | >>>     echo "dtype = np.float32" >> /tmp/test_numba.py && \
 114 | >>>     echo "" >> /tmp/test_numba.py && \
 115 | >>>     echo "# prepare the input" >> /tmp/test_numba.py && \
 116 | >>>     echo "A = np.array(np.random.sample(N), dtype=dtype)" >> /tmp/test_numba.py && \
 117 | >>>     echo "B = np.array(np.random.sample(N) + 10, dtype=dtype)" >> /tmp/test_numba.py && \
 118 | >>>     echo "C = np.array(np.random.sample(N), dtype=dtype)" >> /tmp/test_numba.py && \
 119 | >>>     echo "" >> /tmp/test_numba.py && \
 120 | >>>     echo "D = cu_discriminant(A, B, C)" >> /tmp/test_numba.py && \
 121 | >>>     echo "" >> /tmp/test_numba.py && \
 122 | >>>     echo "print('cuda vectorized ufunc result:')" >> /tmp/test_numba.py && \
 123 | >>>     echo "# print(D) # Commented out to avoid excessive output" >> /tmp/test_numba.py && \
 124 | >>>     echo "" >> /tmp/test_numba.py && \
 125 | >>>     echo "# test array vectorization" >> /tmp/test_numba.py && \
 126 | >>>     echo "print('testing cuda guvectorized ufunc...')" >> /tmp/test_numba.py && \
 127 | >>>     echo "" >> /tmp/test_numba.py && \
 128 | >>>     echo "@guvectorize(['uint8[:], uint8[:], uint8[:]'," >> /tmp/test_numba.py && \
 129 | >>>     echo "              'float32[:], float32[:], float32[:]'], " >> /tmp/test_numba.py && \
 130 | >>>     echo "              '(n),(n)->(n)'," >> /tmp/test_numba.py && \
 131 | >>>     echo "             target='cuda')" >> /tmp/test_numba.py && \
 132 | >>>     echo "def cu_add_arrays(x, y, res):" >> /tmp/test_numba.py && \
 133 | >>>     echo "    for i in range(x.shape[0]):" >> /tmp/test_numba.py && \
 134 | >>>     echo "        res[i] = x[i] + y[i]" >> /tmp/test_numba.py && \
 135 | >>>     echo "" >> /tmp/test_numba.py && \
 136 | >>>     echo "A = np.full((2,4,3), 1, dtype)" >> /tmp/test_numba.py && \
 137 | >>>     echo "B = np.full(A.shape, 2, dtype)" >> /tmp/test_numba.py && \
 138 | >>>     echo "C = cu_add_arrays(A, B)" >> /tmp/test_numba.py && \
 139 | >>>     echo "" >> /tmp/test_numba.py && \
 140 | >>>     echo "print('cuda guvectorized ufunc result:')" >> /tmp/test_numba.py && \
 141 | >>>     echo "# print(C) # Commented out to avoid excessive output" >> /tmp/test_numba.py && \
 142 | >>>     echo "" >> /tmp/test_numba.py && \
 143 | >>>     echo "print('numba OK\\n')" >> /tmp/test_numba.py && \
 144 | >>>     echo "Running embedded numba test script..." && \
 145 | >>>     python3 /tmp/test_numba.py && \
 146 | >>>     rm /tmp/test_numba.py
 147 |     
--------------------
ERROR: failed to solve: process "/bin/sh -c echo '#!/usr/bin/env python3' > /tmp/test_numba.py &&     echo \"print('testing numba...')\" >> /tmp/test_numba.py &&     echo \"\" >> /tmp/test_numba.py &&     echo \"import math\" >> /tmp/test_numba.py &&     echo \"import numba\" >> /tmp/test_numba.py &&     echo \"from numba import vectorize, guvectorize, cuda\" >> /tmp/test_numba.py &&     echo \"import numpy as np\" >> /tmp/test_numba.py &&     echo \"\" >> /tmp/test_numba.py &&     echo \"print('numba version: ' + str(numba.__version__))\" >> /tmp/test_numba.py &&     echo \"\" >> /tmp/test_numba.py &&     echo \"# test scalar vectorization\" >> /tmp/test_numba.py &&     echo \"print('testing cuda vectorized ufunc...')\" >> /tmp/test_numba.py &&     echo \"\" >> /tmp/test_numba.py &&     echo \"@vectorize(['float32(float32, float32, float32)',\" >> /tmp/test_numba.py &&     echo \"            'float64(float64, float64, float64)'],\" >> /tmp/test_numba.py &&     echo \"           target='cuda')\" >> /tmp/test_numba.py &&     echo \"def cu_discriminant(a, b, c):\" >> /tmp/test_numba.py &&     echo \"    return math.sqrt(b ** 2 - 4 * a * c)\" >> /tmp/test_numba.py &&     echo \"\" >> /tmp/test_numba.py &&     echo \"N = 10000\" >> /tmp/test_numba.py &&     echo \"dtype = np.float32\" >> /tmp/test_numba.py &&     echo \"\" >> /tmp/test_numba.py &&     echo \"# prepare the input\" >> /tmp/test_numba.py &&     echo \"A = np.array(np.random.sample(N), dtype=dtype)\" >> /tmp/test_numba.py &&     echo \"B = np.array(np.random.sample(N) + 10, dtype=dtype)\" >> /tmp/test_numba.py &&     echo \"C = np.array(np.random.sample(N), dtype=dtype)\" >> /tmp/test_numba.py &&     echo \"\" >> /tmp/test_numba.py &&     echo \"D = cu_discriminant(A, B, C)\" >> /tmp/test_numba.py &&     echo \"\" >> /tmp/test_numba.py &&     echo \"print('cuda vectorized ufunc result:')\" >> /tmp/test_numba.py &&     echo \"# print(D) # Commented out to avoid excessive output\" >> /tmp/test_numba.py &&     echo \"\" >> /tmp/test_numba.py &&     echo \"# test array vectorization\" >> /tmp/test_numba.py &&     echo \"print('testing cuda guvectorized ufunc...')\" >> /tmp/test_numba.py &&     echo \"\" >> /tmp/test_numba.py &&     echo \"@guvectorize(['uint8[:], uint8[:], uint8[:]',\" >> /tmp/test_numba.py &&     echo \"              'float32[:], float32[:], float32[:]'], \" >> /tmp/test_numba.py &&     echo \"              '(n),(n)->(n)',\" >> /tmp/test_numba.py &&     echo \"             target='cuda')\" >> /tmp/test_numba.py &&     echo \"def cu_add_arrays(x, y, res):\" >> /tmp/test_numba.py &&     echo \"    for i in range(x.shape[0]):\" >> /tmp/test_numba.py &&     echo \"        res[i] = x[i] + y[i]\" >> /tmp/test_numba.py &&     echo \"\" >> /tmp/test_numba.py &&     echo \"A = np.full((2,4,3), 1, dtype)\" >> /tmp/test_numba.py &&     echo \"B = np.full(A.shape, 2, dtype)\" >> /tmp/test_numba.py &&     echo \"C = cu_add_arrays(A, B)\" >> /tmp/test_numba.py &&     echo \"\" >> /tmp/test_numba.py &&     echo \"print('cuda guvectorized ufunc result:')\" >> /tmp/test_numba.py &&     echo \"# print(C) # Commented out to avoid excessive output\" >> /tmp/test_numba.py &&     echo \"\" >> /tmp/test_numba.py &&     echo \"print('numba OK\\\\n')\" >> /tmp/test_numba.py &&     echo \"Running embedded numba test script...\" &&     python3 /tmp/test_numba.py &&     rm /tmp/test_numba.py" did not complete successfully: exit code: 1
!!!!!!!!!!!!!!!!!!!!!!!!!!!!!!!!!!!!!!!!!!!!!!!!!!
Error: Failed to build image for 01-01-numba (build/01-01-numba).
!!!!!!!!!!!!!!!!!!!!!!!!!!!!!!!!!!!!!!!!!!!!!!!!!!
Build, push or pull failed for build/01-01-numba. Subsequent dependent builds might fail.
Build process for build/01-01-numba exited with code 1
Continuing with next build...
Processing numbered directory: build/01-01-numpy
Using base image: kairin/001:01-00-build-essential
Generating fixed tag: kairin/001:01-01-numpy
--------------------------------------------------
Building image from folder: build/01-01-numpy
Image Name: 01-01-numpy
Platform: linux/arm64
Tag: kairin/001:01-01-numpy
Base Image (FROM via ARG): kairin/001:01-00-build-essential
Skip Intermediate Push/Pull: n
--------------------------------------------------
Using --push
Running: docker buildx build --platform linux/arm64 -t kairin/001:01-01-numpy --build-arg BASE_IMAGE=kairin/001:01-00-build-essential --no-cache --push build/01-01-numpy
[+] Building 8.6s (9/9) FINISHED                                                                                                                   docker-container:jetson-builder
 => [internal] load build definition from Dockerfile                                                                                                                          0.0s
 => => transferring dockerfile: 2.67kB                                                                                                                                        0.0s
 => [internal] load metadata for docker.io/kairin/001:01-00-build-essential                                                                                                   0.8s
 => [internal] load .dockerignore                                                                                                                                             0.0s
 => => transferring context: 2B                                                                                                                                               0.0s
 => CACHED [1/4] FROM docker.io/kairin/001:01-00-build-essential@sha256:de753bbf537515ba50e505c0032c3100655a86ec450405decbb35346c665ab0b                                      0.0s
 => => resolve docker.io/kairin/001:01-00-build-essential@sha256:de753bbf537515ba50e505c0032c3100655a86ec450405decbb35346c665ab0b                                             0.0s
 => [2/4] RUN set -ex &&     pip3 install --no-cache-dir --force-reinstall numpy &&     echo "Installed numpy version:" &&     pip3 show numpy && python3 -c 'import numpy;   1.0s
 => [3/4] RUN echo '#!/usr/bin/env python3' > /tmp/test_numpy.py &&     echo "print('testing numpy...')" >> /tmp/test_numpy.py &&     echo "import numpy as np" >> /tmp/test  0.4s
 => [4/4] RUN echo "# Check for Numpy" >> /tmp/numpy_checks.sh     && echo "check_python_package numpy 'Numpy numerical computing library'" >> /tmp/numpy_checks.sh     && c  0.1s
 => exporting to image                                                                                                                                                        6.0s 
 => => exporting layers                                                                                                                                                       0.3s 
 => => exporting manifest sha256:48ec68bea2b98f74b66d4deb01d3fa65be987ccfec3d53ef47d8c3badb763d1e                                                                             0.0s 
 => => exporting config sha256:557de78b82f1ee891b31309120759a56ca42e2a48eee7e1e516f2e206d33d98a                                                                               0.0s 
 => => exporting attestation manifest sha256:2929b27c1efd590e89bfadbccdab3f633b1d1c6a70a53b54db277c30398b08ae                                                                 0.0s 
 => => exporting manifest list sha256:cfb1b6f4fc8e379205db250270f5de961eae1c3f11d52728b3fe65d63c4dcb7b                                                                        0.0s
 => => pushing layers                                                                                                                                                         2.7s
 => => pushing manifest for docker.io/kairin/001:01-01-numpy@sha256:cfb1b6f4fc8e379205db250270f5de961eae1c3f11d52728b3fe65d63c4dcb7b                                          2.7s
 => [auth] kairin/001:pull,push token for registry-1.docker.io                                                                                                                0.0s
Pulling built image: kairin/001:01-01-numpy
01-01-numpy: Pulling from kairin/001
14fcbe0c9272: Already exists 
9c92e5240789: Already exists 
7727fa23ba6a: Already exists 
0ee8993960f4: Already exists 
ed9cc4f6f859: Already exists 
065c3c36dc07: Already exists 
90afbce3262f: Already exists 
4f4fb700ef54: Pull complete 
25a803142cd2: Pull complete 
Digest: sha256:cfb1b6f4fc8e379205db250270f5de961eae1c3f11d52728b3fe65d63c4dcb7b
Status: Downloaded newer image for kairin/001:01-01-numpy
docker.io/kairin/001:01-01-numpy
Verifying image kairin/001:01-01-numpy exists locally...
Image kairin/001:01-01-numpy verified locally.
Successfully built, pushed, and pulled numbered image: kairin/001:01-01-numpy
Next base image will be: kairin/001:01-01-numpy
Processing numbered directory: build/01-cuda
Using base image: kairin/001:01-01-numpy
Generating fixed tag: kairin/001:01-cuda
--------------------------------------------------
Building image from folder: build/01-cuda
Image Name: 01-cuda
Platform: linux/arm64
Tag: kairin/001:01-cuda
Base Image (FROM via ARG): kairin/001:01-01-numpy
Skip Intermediate Push/Pull: n
--------------------------------------------------
Using --push
Running: docker buildx build --platform linux/arm64 -t kairin/001:01-cuda --build-arg BASE_IMAGE=kairin/001:01-01-numpy --no-cache --push build/01-cuda
[+] Building 0.6s (6/8)                                                                                                                            docker-container:jetson-builder
 => [internal] load build definition from Dockerfile                                                                                                                          0.0s
 => => transferring dockerfile: 2.12kB                                                                                                                                        0.0s
 => [internal] load metadata for docker.io/kairin/001:01-01-numpy                                                                                                             0.3s
 => [internal] load .dockerignore                                                                                                                                             0.0s
 => => transferring context: 2B                                                                                                                                               0.0s
 => [internal] load build context                                                                                                                                             0.0s
 => => transferring context: 2B                                                                                                                                               0.0s
 => [1/5] FROM docker.io/kairin/001:01-01-numpy@sha256:cfb1b6f4fc8e379205db250270f5de961eae1c3f11d52728b3fe65d63c4dcb7b                                                       0.2s
 => => resolve docker.io/kairin/001:01-01-numpy@sha256:cfb1b6f4fc8e379205db250270f5de961eae1c3f11d52728b3fe65d63c4dcb7b                                                       0.0s
 => ERROR [2/5] COPY cuda/install.sh /tmp/cuda/install.sh                                                                                                                     0.0s
------
 > [2/5] COPY cuda/install.sh /tmp/cuda/install.sh:
------

 1 warning found (use docker --debug to expand):
 - UndefinedVar: Usage of undefined variable '$LD_LIBRARY_PATH' (line 35)
Dockerfile:29
--------------------
  27 |         DISTRO
  28 |     
  29 | >>> COPY cuda/install.sh /tmp/cuda/install.sh
  30 |     RUN /tmp/cuda/install.sh
  31 |     
--------------------
ERROR: failed to solve: failed to compute cache key: failed to calculate checksum of ref kfcfcjoj9cv7l48t1svsyu42x::wtgv78tvtirq5ib16qziq13ce: "/cuda/install.sh": not found
!!!!!!!!!!!!!!!!!!!!!!!!!!!!!!!!!!!!!!!!!!!!!!!!!!
Error: Failed to build image for 01-cuda (build/01-cuda).
!!!!!!!!!!!!!!!!!!!!!!!!!!!!!!!!!!!!!!!!!!!!!!!!!!
Build, push or pull failed for build/01-cuda. Subsequent dependent builds might fail.
Build process for build/01-cuda exited with code 1
Continuing with next build...
Processing numbered directory: build/02-bazel
Using base image: kairin/001:01-01-numpy
Generating fixed tag: kairin/001:02-bazel
--------------------------------------------------
Building image from folder: build/02-bazel
Image Name: 02-bazel
Platform: linux/arm64
Tag: kairin/001:02-bazel
Base Image (FROM via ARG): kairin/001:01-01-numpy
Skip Intermediate Push/Pull: n
--------------------------------------------------
Using --push
Running: docker buildx build --platform linux/arm64 -t kairin/001:02-bazel --build-arg BASE_IMAGE=kairin/001:01-01-numpy --no-cache --push build/02-bazel
[+] Building 28.0s (8/8) FINISHED                                                                                                                  docker-container:jetson-builder
 => [internal] load build definition from Dockerfile                                                                                                                          0.0s
 => => transferring dockerfile: 2.10kB                                                                                                                                        0.0s
 => [internal] load metadata for docker.io/kairin/001:01-01-numpy                                                                                                             0.3s
 => [internal] load .dockerignore                                                                                                                                             0.0s
 => => transferring context: 2B                                                                                                                                               0.0s
 => CACHED [1/3] FROM docker.io/kairin/001:01-01-numpy@sha256:cfb1b6f4fc8e379205db250270f5de961eae1c3f11d52728b3fe65d63c4dcb7b                                                0.0s
 => => resolve docker.io/kairin/001:01-01-numpy@sha256:cfb1b6f4fc8e379205db250270f5de961eae1c3f11d52728b3fe65d63c4dcb7b                                                       0.0s
 => [2/3] RUN BAZELISK_RELEASE=$(wget -qO- https://api.github.com/repos/bazelbuild/bazelisk/releases/latest | grep -Po '"tag_name": "\K.*?(?=")') &&     BAZELISK_URL="https  1.6s
 => [3/3] RUN bazel --version                                                                                                                                                10.0s
 => exporting to image                                                                                                                                                       15.7s 
 => => exporting layers                                                                                                                                                       3.2s 
 => => exporting manifest sha256:7171eed9bfdb493bdc97bb041b9f6494a389c954bdb842fe76b4d1600910070d                                                                             0.0s
 => => exporting config sha256:967268c85636cfe11c0f22cf495b5a3dd653c2d46302e43cf0c15d75565c137c                                                                               0.0s
 => => exporting attestation manifest sha256:6543dd5f3b7faa713f174088d2286d70d68942afeda0dcc2510543ad53608f06                                                                 0.0s
 => => exporting manifest list sha256:eeb58f3e481c60372acc9108262141ce09ce69060101ad1e176b527fd045e63b                                                                        0.0s
 => => pushing layers                                                                                                                                                         9.7s
 => => pushing manifest for docker.io/kairin/001:02-bazel@sha256:eeb58f3e481c60372acc9108262141ce09ce69060101ad1e176b527fd045e63b                                             2.7s
 => [auth] kairin/001:pull,push token for registry-1.docker.io                                                                                                                0.0s
Pulling built image: kairin/001:02-bazel
02-bazel: Pulling from kairin/001
14fcbe0c9272: Already exists 
9c92e5240789: Already exists 
7727fa23ba6a: Already exists 
0ee8993960f4: Already exists 
ed9cc4f6f859: Already exists 
065c3c36dc07: Already exists 
90afbce3262f: Already exists 
4f4fb700ef54: Pull complete 
25a803142cd2: Already exists 
a2cd38081f2d: Pull complete 
Digest: sha256:eeb58f3e481c60372acc9108262141ce09ce69060101ad1e176b527fd045e63b
Status: Downloaded newer image for kairin/001:02-bazel
docker.io/kairin/001:02-bazel
Verifying image kairin/001:02-bazel exists locally...
Image kairin/001:02-bazel verified locally.
Successfully built, pushed, and pulled numbered image: kairin/001:02-bazel
Next base image will be: kairin/001:02-bazel
Processing numbered directory: build/03-ninja
Using base image: kairin/001:02-bazel
Generating fixed tag: kairin/001:03-ninja
--------------------------------------------------
Building image from folder: build/03-ninja
Image Name: 03-ninja
Platform: linux/arm64
Tag: kairin/001:03-ninja
Base Image (FROM via ARG): kairin/001:02-bazel
Skip Intermediate Push/Pull: n
--------------------------------------------------
Using --push
Running: docker buildx build --platform linux/arm64 -t kairin/001:03-ninja --build-arg BASE_IMAGE=kairin/001:02-bazel --no-cache --push build/03-ninja
[+] Building 38.1s (8/8) FINISHED                                                                                                                  docker-container:jetson-builder
 => [internal] load build definition from Dockerfile                                                                                                                          0.0s
 => => transferring dockerfile: 1.75kB                                                                                                                                        0.0s
 => [internal] load metadata for docker.io/kairin/001:02-bazel                                                                                                                0.3s
 => [internal] load .dockerignore                                                                                                                                             0.0s
 => => transferring context: 2B                                                                                                                                               0.0s
 => [1/3] FROM docker.io/kairin/001:02-bazel@sha256:eeb58f3e481c60372acc9108262141ce09ce69060101ad1e176b527fd045e63b                                                          0.1s
 => => resolve docker.io/kairin/001:02-bazel@sha256:eeb58f3e481c60372acc9108262141ce09ce69060101ad1e176b527fd045e63b                                                          0.0s
 => [2/3] RUN apt-get update &&     apt-get install -y --no-install-recommends     unzip wget curl jq                                                                        14.1s
 => [3/3] RUN LATEST_VERSION=$(curl -s https://api.github.com/repos/ninja-build/ninja/releases/latest | jq -r .tag_name) &&     wget -q "https://github.com/ninja-build/ninj  8.2s 
 => exporting to image                                                                                                                                                       15.0s 
 => => exporting layers                                                                                                                                                       3.2s 
 => => exporting manifest sha256:fa77b9c4eb3e674f352589607c2667bb86fb8db985497bf6fd321d770c1ce7f7                                                                             0.0s 
 => => exporting config sha256:8035c45acdfd5e26f4d81ce8d49c986f3b26edfd563423663a03f11532848c42                                                                               0.0s 
 => => exporting attestation manifest sha256:6f71685a5e966fbf3696a93e3fc485c3a8723640db58b5465f3d06c208006549                                                                 0.0s 
 => => exporting manifest list sha256:ef79bde5cdb5dcf6218f7a049108fcfacf34783df8252e0bde9f315820a9b410                                                                        0.0s 
 => => pushing layers                                                                                                                                                         8.9s
 => => pushing manifest for docker.io/kairin/001:03-ninja@sha256:ef79bde5cdb5dcf6218f7a049108fcfacf34783df8252e0bde9f315820a9b410                                             2.8s
 => [auth] kairin/001:pull,push token for registry-1.docker.io                                                                                                                0.0s
Pulling built image: kairin/001:03-ninja
03-ninja: Pulling from kairin/001
14fcbe0c9272: Already exists 
9c92e5240789: Already exists 
7727fa23ba6a: Already exists 
0ee8993960f4: Already exists 
ed9cc4f6f859: Already exists 
065c3c36dc07: Already exists 
90afbce3262f: Already exists 
4f4fb700ef54: Already exists 
25a803142cd2: Already exists 
a2cd38081f2d: Already exists 
0e6e27425c1f: Pull complete 
f2181a3cba2b: Pull complete 
Digest: sha256:ef79bde5cdb5dcf6218f7a049108fcfacf34783df8252e0bde9f315820a9b410
Status: Downloaded newer image for kairin/001:03-ninja
docker.io/kairin/001:03-ninja
Verifying image kairin/001:03-ninja exists locally...
Image kairin/001:03-ninja verified locally.
Successfully built, pushed, and pulled numbered image: kairin/001:03-ninja
Next base image will be: kairin/001:03-ninja
Processing numbered directory: build/04-python
Using base image: kairin/001:03-ninja
Generating fixed tag: kairin/001:04-python
--------------------------------------------------
Building image from folder: build/04-python
Image Name: 04-python
Platform: linux/arm64
Tag: kairin/001:04-python
Base Image (FROM via ARG): kairin/001:03-ninja
Skip Intermediate Push/Pull: n
--------------------------------------------------
Using --push
Running: docker buildx build --platform linux/arm64 -t kairin/001:04-python --build-arg BASE_IMAGE=kairin/001:03-ninja --no-cache --push build/04-python
[+] Building 41.8s (9/9) FINISHED                                                                                                                  docker-container:jetson-builder
 => [internal] load build definition from Dockerfile                                                                                                                          0.0s
 => => transferring dockerfile: 1.90kB                                                                                                                                        0.0s
 => [internal] load metadata for docker.io/kairin/001:03-ninja                                                                                                                0.3s
 => [internal] load .dockerignore                                                                                                                                             0.0s
 => => transferring context: 2B                                                                                                                                               0.0s
 => [internal] load build context                                                                                                                                             0.0s
 => => transferring context: 32B                                                                                                                                              0.0s
 => [1/3] FROM docker.io/kairin/001:03-ninja@sha256:ef79bde5cdb5dcf6218f7a049108fcfacf34783df8252e0bde9f315820a9b410                                                          0.2s
 => => resolve docker.io/kairin/001:03-ninja@sha256:ef79bde5cdb5dcf6218f7a049108fcfacf34783df8252e0bde9f315820a9b410                                                          0.0s
 => [2/3] COPY install.sh /tmp/install_python.sh                                                                                                                              0.1s
 => [3/3] RUN /tmp/install_python.sh                                                                                                                                         32.0s
 => exporting to image                                                                                                                                                        9.1s 
 => => exporting layers                                                                                                                                                       1.4s 
 => => exporting manifest sha256:1561a56ab3045e9f64153d61015eada5bdf22bfedcb6233c2b640eeb71106561                                                                             0.0s 
 => => exporting config sha256:976eb78a3c21b024f2f3f7ef4b2f20ad9420275f110d6974a8662d2cd652b788                                                                               0.0s 
 => => exporting attestation manifest sha256:0e0fb79ec8ca6b7510d21d1e1b017c621f8f7b62fa6ab80da4c123b3d3601bfd                                                                 0.0s 
 => => exporting manifest list sha256:b74f5564e00ddcdf87795e1eb676c887dd2fc346b330df0584d99d9afdcac716                                                                        0.0s 
 => => pushing layers                                                                                                                                                         4.9s
 => => pushing manifest for docker.io/kairin/001:04-python@sha256:b74f5564e00ddcdf87795e1eb676c887dd2fc346b330df0584d99d9afdcac716                                            2.7s
 => [auth] kairin/001:pull,push token for registry-1.docker.io                                                                                                                0.0s
Pulling built image: kairin/001:04-python
04-python: Pulling from kairin/001
14fcbe0c9272: Already exists 
9c92e5240789: Already exists 
7727fa23ba6a: Already exists 
0ee8993960f4: Already exists 
ed9cc4f6f859: Already exists 
065c3c36dc07: Already exists 
90afbce3262f: Already exists 
4f4fb700ef54: Already exists 
25a803142cd2: Already exists 
a2cd38081f2d: Already exists 
0e6e27425c1f: Already exists 
f2181a3cba2b: Already exists 
c4521bb97d5f: Pull complete 
22f208790824: Pull complete 
Digest: sha256:b74f5564e00ddcdf87795e1eb676c887dd2fc346b330df0584d99d9afdcac716
Status: Downloaded newer image for kairin/001:04-python
docker.io/kairin/001:04-python
Verifying image kairin/001:04-python exists locally...
Image kairin/001:04-python verified locally.
Successfully built, pushed, and pulled numbered image: kairin/001:04-python
Next base image will be: kairin/001:04-python
Processing numbered directory: build/05-h5py
Using base image: kairin/001:04-python
Generating fixed tag: kairin/001:05-h5py
--------------------------------------------------
Building image from folder: build/05-h5py
Image Name: 05-h5py
Platform: linux/arm64
Tag: kairin/001:05-h5py
Base Image (FROM via ARG): kairin/001:04-python
Skip Intermediate Push/Pull: n
--------------------------------------------------
Using --push
Running: docker buildx build --platform linux/arm64 -t kairin/001:05-h5py --build-arg BASE_IMAGE=kairin/001:04-python --no-cache --push build/05-h5py
[+] Building 19.1s (7/7) FINISHED                                                                                                                  docker-container:jetson-builder
 => [internal] load build definition from Dockerfile                                                                                                                          0.0s
 => => transferring dockerfile: 1.74kB                                                                                                                                        0.0s
 => [internal] load metadata for docker.io/kairin/001:04-python                                                                                                               0.3s
 => [internal] load .dockerignore                                                                                                                                             0.0s
 => => transferring context: 2B                                                                                                                                               0.0s
 => [1/2] FROM docker.io/kairin/001:04-python@sha256:b74f5564e00ddcdf87795e1eb676c887dd2fc346b330df0584d99d9afdcac716                                                         0.2s
 => => resolve docker.io/kairin/001:04-python@sha256:b74f5564e00ddcdf87795e1eb676c887dd2fc346b330df0584d99d9afdcac716                                                         0.0s
 => [2/2] RUN set -ex &&     apt-get update &&     apt-get install -y --no-install-recommends         libhdf5-serial-dev         hdf5-tools         libhdf5-dev &&     rm -  11.4s
 => exporting to image                                                                                                                                                        7.0s 
 => => exporting layers                                                                                                                                                       0.1s 
 => => exporting manifest sha256:0c1c564c037f4d8a4efa2e06e2763f48c5f721246a48d5cc93a899b63ff6d197                                                                             0.0s 
 => => exporting config sha256:76ae2a3f42847fa0d53b7edabc06fa279976aeae81664422b0fde4df2af55ff3                                                                               0.0s 
 => => exporting attestation manifest sha256:02191e45bb7e24e294a7b84999bda8342e333b159c914e7d4fbe8b7e8a263f1a                                                                 0.0s 
 => => exporting manifest list sha256:2bb0d42d79b9ca366d7a570664aee3f07163c22af06edf021e02319b35d54d23                                                                        0.0s 
 => => pushing layers                                                                                                                                                         3.8s
 => => pushing manifest for docker.io/kairin/001:05-h5py@sha256:2bb0d42d79b9ca366d7a570664aee3f07163c22af06edf021e02319b35d54d23                                              2.9s
 => [auth] kairin/001:pull,push token for registry-1.docker.io                                                                                                                0.0s
Pulling built image: kairin/001:05-h5py
05-h5py: Pulling from kairin/001
14fcbe0c9272: Already exists 
9c92e5240789: Already exists 
7727fa23ba6a: Already exists 
0ee8993960f4: Already exists 
ed9cc4f6f859: Already exists 
065c3c36dc07: Already exists 
90afbce3262f: Already exists 
4f4fb700ef54: Already exists 
25a803142cd2: Already exists 
a2cd38081f2d: Already exists 
0e6e27425c1f: Already exists 
f2181a3cba2b: Already exists 
c4521bb97d5f: Already exists 
22f208790824: Already exists 
a9a5c8abd927: Pull complete 
Digest: sha256:2bb0d42d79b9ca366d7a570664aee3f07163c22af06edf021e02319b35d54d23
Status: Downloaded newer image for kairin/001:05-h5py
docker.io/kairin/001:05-h5py
Verifying image kairin/001:05-h5py exists locally...
Image kairin/001:05-h5py verified locally.
Successfully built, pushed, and pulled numbered image: kairin/001:05-h5py
Next base image will be: kairin/001:05-h5py
Processing numbered directory: build/06-rust
Using base image: kairin/001:05-h5py
Generating fixed tag: kairin/001:06-rust
--------------------------------------------------
Building image from folder: build/06-rust
Image Name: 06-rust
Platform: linux/arm64
Tag: kairin/001:06-rust
Base Image (FROM via ARG): kairin/001:05-h5py
Skip Intermediate Push/Pull: n
--------------------------------------------------
Using --push
Running: docker buildx build --platform linux/arm64 -t kairin/001:06-rust --build-arg BASE_IMAGE=kairin/001:05-h5py --no-cache --push build/06-rust
[+] Building 13.7s (8/8) FINISHED                                                                                                                  docker-container:jetson-builder
 => [internal] load build definition from Dockerfile                                                                                                                          0.0s
 => => transferring dockerfile: 1.35kB                                                                                                                                        0.0s
 => [internal] load metadata for docker.io/kairin/001:05-h5py                                                                                                                 0.3s
 => [internal] load .dockerignore                                                                                                                                             0.0s
 => => transferring context: 2B                                                                                                                                               0.0s
 => [1/3] FROM docker.io/kairin/001:05-h5py@sha256:2bb0d42d79b9ca366d7a570664aee3f07163c22af06edf021e02319b35d54d23                                                           0.2s
 => => resolve docker.io/kairin/001:05-h5py@sha256:2bb0d42d79b9ca366d7a570664aee3f07163c22af06edf021e02319b35d54d23                                                           0.0s
 => [2/3] RUN curl https://sh.rustup.rs -sSf | sh -s -- -y                                                                                                                    1.4s
 => [3/3] RUN rustc --version &&     pip3 install setuptools-rust                                                                                                             1.9s
 => exporting to image                                                                                                                                                        9.6s 
 => => exporting layers                                                                                                                                                       1.2s 
 => => exporting manifest sha256:2937cf196c68f11ceb5319c6493526f15a65c63da639b69a7d0e0fe9601d6a24                                                                             0.0s 
 => => exporting config sha256:ff9b142ec8cd8e7b5e6e6eb8d0d9d0a7357531f4ec03ff7206f53a1d0d768974                                                                               0.0s 
 => => exporting attestation manifest sha256:280d48ab7ea869df9e82b055ea7a681257bb4becc4e8ba3c1d8a35a8102ce7da                                                                 0.0s 
 => => exporting manifest list sha256:317f9a11045a112a9e72f6752c797773eff6e23935ac71e5e2696f6f55979589                                                                        0.0s 
 => => pushing layers                                                                                                                                                         5.5s
 => => pushing manifest for docker.io/kairin/001:06-rust@sha256:317f9a11045a112a9e72f6752c797773eff6e23935ac71e5e2696f6f55979589                                              2.8s
 => [auth] kairin/001:pull,push token for registry-1.docker.io                                                                                                                0.0s
Pulling built image: kairin/001:06-rust
06-rust: Pulling from kairin/001
14fcbe0c9272: Already exists 
9c92e5240789: Already exists 
7727fa23ba6a: Already exists 
0ee8993960f4: Already exists 
ed9cc4f6f859: Already exists 
065c3c36dc07: Already exists 
90afbce3262f: Already exists 
4f4fb700ef54: Pull complete 
25a803142cd2: Already exists 
a2cd38081f2d: Already exists 
0e6e27425c1f: Already exists 
f2181a3cba2b: Already exists 
c4521bb97d5f: Already exists 
22f208790824: Already exists 
a9a5c8abd927: Already exists 
f611b189f0c3: Pull complete 
Digest: sha256:317f9a11045a112a9e72f6752c797773eff6e23935ac71e5e2696f6f55979589
Status: Downloaded newer image for kairin/001:06-rust
docker.io/kairin/001:06-rust
Verifying image kairin/001:06-rust exists locally...
Image kairin/001:06-rust verified locally.
Successfully built, pushed, and pulled numbered image: kairin/001:06-rust
Next base image will be: kairin/001:06-rust
Processing numbered directory: build/07-protobuf_apt
Using base image: kairin/001:06-rust
Generating fixed tag: kairin/001:07-protobuf_apt
--------------------------------------------------
Building image from folder: build/07-protobuf_apt
Image Name: 07-protobuf_apt
Platform: linux/arm64
Tag: kairin/001:07-protobuf_apt
Base Image (FROM via ARG): kairin/001:06-rust
Skip Intermediate Push/Pull: n
--------------------------------------------------
Using --push
Running: docker buildx build --platform linux/arm64 -t kairin/001:07-protobuf_apt --build-arg BASE_IMAGE=kairin/001:06-rust --no-cache --push build/07-protobuf_apt
[+] Building 6.5s (7/7) FINISHED                                                                                                                   docker-container:jetson-builder
 => [internal] load build definition from Dockerfile                                                                                                                          0.0s
 => => transferring dockerfile: 1.62kB                                                                                                                                        0.0s
 => [internal] load metadata for docker.io/kairin/001:06-rust                                                                                                                 0.4s
 => [internal] load .dockerignore                                                                                                                                             0.0s
 => => transferring context: 2B                                                                                                                                               0.0s
 => [1/2] FROM docker.io/kairin/001:06-rust@sha256:317f9a11045a112a9e72f6752c797773eff6e23935ac71e5e2696f6f55979589                                                           0.2s
 => => resolve docker.io/kairin/001:06-rust@sha256:317f9a11045a112a9e72f6752c797773eff6e23935ac71e5e2696f6f55979589                                                           0.0s
 => [2/2] RUN if [ -z "$(which protoc)" ]; then         apt-get update;     apt-get install -y --no-install-recommends         protobuf-compiler     libprotoc-dev     libpr  0.1s
 => exporting to image                                                                                                                                                        5.6s
 => => exporting layers                                                                                                                                                       0.1s
 => => exporting manifest sha256:754ba67e76f94f69f2c6bdb8a9c033b21b991a8e480c79879e86eb0164a8de56                                                                             0.0s
 => => exporting config sha256:3d35d6d393273f888a485519fc72ed7954c6a6d18b59dbe63fbc8ba776d15931                                                                               0.0s
 => => exporting attestation manifest sha256:1d614d83606a5fbc8eaabab8339497413ea798ede18d0b1faaf859efa0c57d27                                                                 0.0s
 => => exporting manifest list sha256:f5d03f745b375535ecb559e798ced337ee32dc0806dd3a6ec00482ab041dad9a                                                                        0.0s
 => => pushing layers                                                                                                                                                         2.8s
 => => pushing manifest for docker.io/kairin/001:07-protobuf_apt@sha256:f5d03f745b375535ecb559e798ced337ee32dc0806dd3a6ec00482ab041dad9a                                      2.6s
 => [auth] kairin/001:pull,push token for registry-1.docker.io                                                                                                                0.0s
Pulling built image: kairin/001:07-protobuf_apt
07-protobuf_apt: Pulling from kairin/001
14fcbe0c9272: Already exists 
9c92e5240789: Already exists 
7727fa23ba6a: Already exists 
0ee8993960f4: Already exists 
ed9cc4f6f859: Already exists 
065c3c36dc07: Already exists 
90afbce3262f: Already exists 
4f4fb700ef54: Pull complete 
25a803142cd2: Already exists 
a2cd38081f2d: Already exists 
0e6e27425c1f: Already exists 
f2181a3cba2b: Already exists 
c4521bb97d5f: Already exists 
22f208790824: Already exists 
a9a5c8abd927: Already exists 
f611b189f0c3: Already exists 
Digest: sha256:f5d03f745b375535ecb559e798ced337ee32dc0806dd3a6ec00482ab041dad9a
Status: Downloaded newer image for kairin/001:07-protobuf_apt
docker.io/kairin/001:07-protobuf_apt
Verifying image kairin/001:07-protobuf_apt exists locally...
Image kairin/001:07-protobuf_apt verified locally.
Successfully built, pushed, and pulled numbered image: kairin/001:07-protobuf_apt
Next base image will be: kairin/001:07-protobuf_apt
Processing numbered directory: build/08-protobuf_cpp
Using base image: kairin/001:07-protobuf_apt
Generating fixed tag: kairin/001:08-protobuf_cpp
--------------------------------------------------
Building image from folder: build/08-protobuf_cpp
Image Name: 08-protobuf_cpp
Platform: linux/arm64
Tag: kairin/001:08-protobuf_cpp
Base Image (FROM via ARG): kairin/001:07-protobuf_apt
Skip Intermediate Push/Pull: n
--------------------------------------------------
Using --push
Running: docker buildx build --platform linux/arm64 -t kairin/001:08-protobuf_cpp --build-arg BASE_IMAGE=kairin/001:07-protobuf_apt --no-cache --push build/08-protobuf_cpp
[+] Building 27.8s (9/9) FINISHED                                                                                                                  docker-container:jetson-builder
 => [internal] load build definition from Dockerfile                                                                                                                          0.0s
 => => transferring dockerfile: 1.40kB                                                                                                                                        0.0s
 => [internal] load metadata for docker.io/kairin/001:07-protobuf_apt                                                                                                         1.1s
 => [auth] kairin/001:pull token for registry-1.docker.io                                                                                                                     0.0s
 => [internal] load .dockerignore                                                                                                                                             0.0s
 => => transferring context: 2B                                                                                                                                               0.0s
 => [1/3] FROM docker.io/kairin/001:07-protobuf_apt@sha256:f5d03f745b375535ecb559e798ced337ee32dc0806dd3a6ec00482ab041dad9a                                                   0.2s
 => => resolve docker.io/kairin/001:07-protobuf_apt@sha256:f5d03f745b375535ecb559e798ced337ee32dc0806dd3a6ec00482ab041dad9a                                                   0.0s
 => [2/3] RUN apt-get update && apt-get install -y --no-install-recommends python3-pip                                                                                       10.2s
 => [3/3] RUN pip install --upgrade protobuf                                                                                                                                  2.7s
 => exporting to image                                                                                                                                                       13.4s 
 => => exporting layers                                                                                                                                                       3.1s 
 => => exporting manifest sha256:d9aad484b5ef133146d2521bf2bf6eb93411b485e7855ff3f71457807925e7b9                                                                             0.0s 
 => => exporting config sha256:49f649ca128ecbeeb2a4db7080fc8bd707b8d6d52db9c14649df69478523be61                                                                               0.0s 
 => => exporting attestation manifest sha256:d2496088e69328378f7f502a0238e7e8f49bdeacbc035d72555fddca5133daed                                                                 0.0s 
 => => exporting manifest list sha256:0644517dd695fad855b52aac9df2d0ea814633db3d505bfc0180254f2f8b4141                                                                        0.0s 
 => => pushing layers                                                                                                                                                         7.4s
 => => pushing manifest for docker.io/kairin/001:08-protobuf_cpp@sha256:0644517dd695fad855b52aac9df2d0ea814633db3d505bfc0180254f2f8b4141                                      2.8s
 => [auth] kairin/001:pull,push token for registry-1.docker.io                                                                                                                0.0s
Pulling built image: kairin/001:08-protobuf_cpp
08-protobuf_cpp: Pulling from kairin/001
14fcbe0c9272: Already exists 
9c92e5240789: Already exists 
7727fa23ba6a: Already exists 
0ee8993960f4: Already exists 
ed9cc4f6f859: Already exists 
065c3c36dc07: Already exists 
90afbce3262f: Already exists 
4f4fb700ef54: Already exists 
25a803142cd2: Already exists 
a2cd38081f2d: Already exists 
0e6e27425c1f: Already exists 
f2181a3cba2b: Already exists 
c4521bb97d5f: Already exists 
22f208790824: Already exists 
a9a5c8abd927: Already exists 
f611b189f0c3: Already exists 
01729d14ce86: Pull complete 
f5599f003789: Pull complete 
Digest: sha256:0644517dd695fad855b52aac9df2d0ea814633db3d505bfc0180254f2f8b4141
Status: Downloaded newer image for kairin/001:08-protobuf_cpp
docker.io/kairin/001:08-protobuf_cpp
Verifying image kairin/001:08-protobuf_cpp exists locally...
Image kairin/001:08-protobuf_cpp verified locally.
Successfully built, pushed, and pulled numbered image: kairin/001:08-protobuf_cpp
Next base image will be: kairin/001:08-protobuf_cpp
Processing numbered directory: build/09-opencv
Using base image: kairin/001:08-protobuf_cpp
Generating fixed tag: kairin/001:09-opencv
--------------------------------------------------
Building image from folder: build/09-opencv
Image Name: 09-opencv
Platform: linux/arm64
Tag: kairin/001:09-opencv
Base Image (FROM via ARG): kairin/001:08-protobuf_cpp
Skip Intermediate Push/Pull: n
--------------------------------------------------
Using --push
Running: docker buildx build --platform linux/arm64 -t kairin/001:09-opencv --build-arg BASE_IMAGE=kairin/001:08-protobuf_cpp --no-cache --push build/09-opencv
[+] Building 31.3s (9/9) FINISHED                                                                                                                  docker-container:jetson-builder
 => [internal] load build definition from Dockerfile                                                                                                                          0.0s
 => => transferring dockerfile: 2.09kB                                                                                                                                        0.0s
 => [internal] load metadata for docker.io/kairin/001:08-protobuf_cpp                                                                                                         0.3s
 => [internal] load .dockerignore                                                                                                                                             0.0s
 => => transferring context: 2B                                                                                                                                               0.0s
 => [internal] load build context                                                                                                                                             0.0s
 => => transferring context: 161B                                                                                                                                             0.0s
 => [1/3] FROM docker.io/kairin/001:08-protobuf_cpp@sha256:0644517dd695fad855b52aac9df2d0ea814633db3d505bfc0180254f2f8b4141                                                   0.3s
 => => resolve docker.io/kairin/001:08-protobuf_cpp@sha256:0644517dd695fad855b52aac9df2d0ea814633db3d505bfc0180254f2f8b4141                                                   0.0s
 => [2/3] COPY build.sh install.sh install_deps.sh install_deb.sh patches.diff /tmp/opencv/                                                                                   0.1s
 => [3/3] RUN cd /tmp/opencv &&     (./install.sh || ./build.sh || (echo "BUILD FAILED (OpenCV )" && exit 1)) &&     pip3 install --no-cache-dir onnxruntime-gpu &&     ech  19.7s
 => exporting to image                                                                                                                                                       10.7s
 => => exporting layers                                                                                                                                                       1.7s
 => => exporting manifest sha256:97507bdcfc96ea4ff847b8b243be273a49130a77eebd8df2e8e0a26aabb53588                                                                             0.0s 
 => => exporting config sha256:55e6fdffd82bc8171ce1ec2145339d04c50ae4d83ed261b920513ebf73ab6ac8                                                                               0.0s 
 => => exporting attestation manifest sha256:27f11f570f97f4ad659502f1406b91262b9273f37c146e40001240b42dfc822c                                                                 0.0s 
 => => exporting manifest list sha256:5c4075d1c23c01d5f3e0ee26765370cca45b4901cb6ee5556ba910378b8bb190                                                                        0.0s 
 => => pushing layers                                                                                                                                                         6.2s
 => => pushing manifest for docker.io/kairin/001:09-opencv@sha256:5c4075d1c23c01d5f3e0ee26765370cca45b4901cb6ee5556ba910378b8bb190                                            2.6s
 => [auth] kairin/001:pull,push token for registry-1.docker.io                                                                                                                0.0s
Pulling built image: kairin/001:09-opencv
09-opencv: Pulling from kairin/001
14fcbe0c9272: Already exists 
9c92e5240789: Already exists 
7727fa23ba6a: Already exists 
0ee8993960f4: Already exists 
ed9cc4f6f859: Already exists 
065c3c36dc07: Already exists 
90afbce3262f: Already exists 
4f4fb700ef54: Already exists 
25a803142cd2: Already exists 
a2cd38081f2d: Already exists 
0e6e27425c1f: Already exists 
f2181a3cba2b: Already exists 
c4521bb97d5f: Already exists 
22f208790824: Already exists 
a9a5c8abd927: Already exists 
f611b189f0c3: Already exists 
01729d14ce86: Already exists 
f5599f003789: Already exists 
4cc47fad8154: Pull complete 
0b5e09e62311: Pull complete 
Digest: sha256:5c4075d1c23c01d5f3e0ee26765370cca45b4901cb6ee5556ba910378b8bb190
Status: Downloaded newer image for kairin/001:09-opencv
docker.io/kairin/001:09-opencv
Verifying image kairin/001:09-opencv exists locally...
Image kairin/001:09-opencv verified locally.
Successfully built, pushed, and pulled numbered image: kairin/001:09-opencv
Next base image will be: kairin/001:09-opencv
Processing numbered directory: build/10-onnx
Using base image: kairin/001:09-opencv
Generating fixed tag: kairin/001:10-onnx
--------------------------------------------------
Building image from folder: build/10-onnx
Image Name: 10-onnx
Platform: linux/arm64
Tag: kairin/001:10-onnx
Base Image (FROM via ARG): kairin/001:09-opencv
Skip Intermediate Push/Pull: n
--------------------------------------------------
Using --push
Running: docker buildx build --platform linux/arm64 -t kairin/001:10-onnx --build-arg BASE_IMAGE=kairin/001:09-opencv --no-cache --push build/10-onnx
[+] Building 10.3s (7/7) FINISHED                                                                                                                  docker-container:jetson-builder
 => [internal] load build definition from Dockerfile                                                                                                                          0.0s
 => => transferring dockerfile: 1.57kB                                                                                                                                        0.0s
 => [internal] load metadata for docker.io/kairin/001:09-opencv                                                                                                               0.3s
 => [internal] load .dockerignore                                                                                                                                             0.0s
 => => transferring context: 2B                                                                                                                                               0.0s
 => [1/2] FROM docker.io/kairin/001:09-opencv@sha256:5c4075d1c23c01d5f3e0ee26765370cca45b4901cb6ee5556ba910378b8bb190                                                         0.3s
 => => resolve docker.io/kairin/001:09-opencv@sha256:5c4075d1c23c01d5f3e0ee26765370cca45b4901cb6ee5556ba910378b8bb190                                                         0.0s
 => [2/2] RUN pip3 install onnx ||     pip3 install git+https://github.com/onnx/onnx@${ONNX_VERSION} &&     pip3 show onnx &&     python3 -c 'import onnx; print(onnx.__vers  3.4s
 => exporting to image                                                                                                                                                        6.1s 
 => => exporting layers                                                                                                                                                       0.1s 
 => => exporting manifest sha256:0ab680bc6f9c7dcb96501f4cd37c9bf48f3668dc18ec03093bf6420e57b64a55                                                                             0.0s 
 => => exporting config sha256:e2b7c7d5a4c32a94ae4b8514bd81981e79ce62e3c4d0452314f00568eb75284f                                                                               0.0s 
 => => exporting attestation manifest sha256:56d6cd473f595069da74d86edb0d923de09962b5c55ea924479ad9939392f9b1                                                                 0.0s 
 => => exporting manifest list sha256:b3f6bde77fe21993e7f22593b6ea3c333aad7caad4a98af22ea6c780c65fd59f                                                                        0.0s 
 => => pushing layers                                                                                                                                                         3.0s
 => => pushing manifest for docker.io/kairin/001:10-onnx@sha256:b3f6bde77fe21993e7f22593b6ea3c333aad7caad4a98af22ea6c780c65fd59f                                              2.8s
 => [auth] kairin/001:pull,push token for registry-1.docker.io                                                                                                                0.0s
Pulling built image: kairin/001:10-onnx
10-onnx: Pulling from kairin/001
14fcbe0c9272: Already exists 
9c92e5240789: Already exists 
7727fa23ba6a: Already exists 
0ee8993960f4: Already exists 
ed9cc4f6f859: Already exists 
065c3c36dc07: Already exists 
90afbce3262f: Already exists 
4f4fb700ef54: Pull complete 
25a803142cd2: Already exists 
a2cd38081f2d: Already exists 
0e6e27425c1f: Already exists 
f2181a3cba2b: Already exists 
c4521bb97d5f: Already exists 
22f208790824: Already exists 
a9a5c8abd927: Already exists 
f611b189f0c3: Already exists 
01729d14ce86: Already exists 
f5599f003789: Already exists 
4cc47fad8154: Already exists 
0b5e09e62311: Already exists 
Digest: sha256:b3f6bde77fe21993e7f22593b6ea3c333aad7caad4a98af22ea6c780c65fd59f
Status: Downloaded newer image for kairin/001:10-onnx
docker.io/kairin/001:10-onnx
Verifying image kairin/001:10-onnx exists locally...
Image kairin/001:10-onnx verified locally.
Successfully built, pushed, and pulled numbered image: kairin/001:10-onnx
Next base image will be: kairin/001:10-onnx
Processing numbered directory: build/10-onnxruntime
Using base image: kairin/001:10-onnx
Generating fixed tag: kairin/001:10-onnxruntime
--------------------------------------------------
Building image from folder: build/10-onnxruntime
Image Name: 10-onnxruntime
Platform: linux/arm64
Tag: kairin/001:10-onnxruntime
Base Image (FROM via ARG): kairin/001:10-onnx
Skip Intermediate Push/Pull: n
--------------------------------------------------
Using --push
Running: docker buildx build --platform linux/arm64 -t kairin/001:10-onnxruntime --build-arg BASE_IMAGE=kairin/001:10-onnx --no-cache --push build/10-onnxruntime
[+] Building 1.0s (7/7) FINISHED                                                                                                                   docker-container:jetson-builder
 => [internal] load build definition from Dockerfile                                                                                                                          0.0s
 => => transferring dockerfile: 1.13kB                                                                                                                                        0.0s
 => [internal] load metadata for docker.io/kairin/001:10-onnx                                                                                                                 0.3s
 => [internal] load .dockerignore                                                                                                                                             0.0s
 => => transferring context: 2B                                                                                                                                               0.0s
 => [internal] load build context                                                                                                                                             0.0s
 => => transferring context: 60B                                                                                                                                              0.0s
 => [1/3] FROM docker.io/kairin/001:10-onnx@sha256:b3f6bde77fe21993e7f22593b6ea3c333aad7caad4a98af22ea6c780c65fd59f                                                           0.3s
 => => resolve docker.io/kairin/001:10-onnx@sha256:b3f6bde77fe21993e7f22593b6ea3c333aad7caad4a98af22ea6c780c65fd59f                                                           0.0s
 => [2/3] COPY install.sh build.sh /tmp/onnxruntime/                                                                                                                          0.1s
 => ERROR [3/3] RUN /tmp/onnxruntime/install.sh || /tmp/onnxruntime/build.sh                                                                                                  0.2s
------                                                                                                                                                                             
 > [3/3] RUN /tmp/onnxruntime/install.sh || /tmp/onnxruntime/build.sh:                                                                                                             
0.110 + '[' off == on ']'
0.110 + tarpack install onnxruntime-gpu-
0.114 + COMMAND=install
0.114 + PACKAGE=onnxruntime-gpu-
0.114 + : /usr/local
0.114 + : /tmp/tarpack
0.114 + : '--quiet --show-progress --progress=bar:force:noscroll'
0.114 + mkdir -p /tmp/tarpack/uploads
0.117 + '[' install == install ']'
0.117 + cd /tmp/tarpack
0.117 + wget --quiet --show-progress --progress=bar:force:noscroll /onnxruntime-gpu-.tar.gz
0.126 Building onnxruntime  (branch=, flags=)
0.126 + echo 'Building onnxruntime  (branch=, flags=)'
0.126 ++ uname -m
0.129 + '[' '!' -d /usr/lib/aarch64-linux-gnu ']'
0.129 ++ uname -m
0.131 + export LD_LIBRARY_PATH=/usr/lib/aarch64-linux-gnu:
0.131 + LD_LIBRARY_PATH=/usr/lib/aarch64-linux-gnu:
0.132 ++ uname -m
0.133 + '[' '!' -f /usr/lib/aarch64-linux-gnu/libnvinfer.so ']'
0.134 ++ uname -m
0.135 + '[' '!' -f /usr/lib/aarch64-linux-gnu/libnvdla_compiler.so ']'
0.135 TensorRT NVDLA compiler library not found
0.135 + echo 'TensorRT NVDLA compiler library not found'
0.135 + exit 1
------
Dockerfile:31
--------------------
  29 |     COPY install.sh build.sh /tmp/onnxruntime/
  30 |     
  31 | >>> RUN /tmp/onnxruntime/install.sh || /tmp/onnxruntime/build.sh
  32 |     
--------------------
ERROR: failed to solve: process "/bin/sh -c /tmp/onnxruntime/install.sh || /tmp/onnxruntime/build.sh" did not complete successfully: exit code: 1
!!!!!!!!!!!!!!!!!!!!!!!!!!!!!!!!!!!!!!!!!!!!!!!!!!
Error: Failed to build image for 10-onnxruntime (build/10-onnxruntime).
!!!!!!!!!!!!!!!!!!!!!!!!!!!!!!!!!!!!!!!!!!!!!!!!!!
Build, push or pull failed for build/10-onnxruntime. Subsequent dependent builds might fail.
Build process for build/10-onnxruntime exited with code 1
Continuing with next build...
Processing numbered directory: build/10-triton
Using base image: kairin/001:10-onnx
Generating fixed tag: kairin/001:10-triton
--------------------------------------------------
Building image from folder: build/10-triton
Image Name: 10-triton
Platform: linux/arm64
Tag: kairin/001:10-triton
Base Image (FROM via ARG): kairin/001:10-onnx
Skip Intermediate Push/Pull: n
--------------------------------------------------
Using --push
Running: docker buildx build --platform linux/arm64 -t kairin/001:10-triton --build-arg BASE_IMAGE=kairin/001:10-onnx --no-cache --push build/10-triton
[+] Building 10.3s (7/8)                                                                                                                           docker-container:jetson-builder
 => [internal] load build definition from Dockerfile                                                                                                                          0.0s
 => => transferring dockerfile: 1.48kB                                                                                                                                        0.0s
 => [internal] load metadata for docker.io/kairin/001:10-onnx                                                                                                                 0.3s
 => [internal] load .dockerignore                                                                                                                                             0.0s
 => => transferring context: 2B                                                                                                                                               0.0s
 => [internal] load build context                                                                                                                                             0.0s
 => => transferring context: 60B                                                                                                                                              0.0s
 => CACHED [1/4] FROM docker.io/kairin/001:10-onnx@sha256:b3f6bde77fe21993e7f22593b6ea3c333aad7caad4a98af22ea6c780c65fd59f                                                    0.0s
 => => resolve docker.io/kairin/001:10-onnx@sha256:b3f6bde77fe21993e7f22593b6ea3c333aad7caad4a98af22ea6c780c65fd59f                                                           0.0s
 => [2/4] COPY build.sh install.sh /tmp/triton/                                                                                                                               0.1s
 => ERROR [3/4] RUN apt-get update && apt-get install -y --no-install-recommends some-dependency &&     pip3 install --no-cache-dir triton &&     apt-get clean && rm -rf /v  9.7s
------                                                                                                                                                                             
 > [3/4] RUN apt-get update && apt-get install -y --no-install-recommends some-dependency &&     pip3 install --no-cache-dir triton &&     apt-get clean && rm -rf /var/lib/apt/lists/*:                                                                                                                                                                              
0.490 Get:1 http://ports.ubuntu.com/ubuntu-ports noble InRelease [256 kB]                                                                                                          
1.359 Get:2 http://ports.ubuntu.com/ubuntu-ports noble-updates InRelease [126 kB]                                                                                                  
1.575 Get:3 http://ports.ubuntu.com/ubuntu-ports noble-backports InRelease [126 kB]                                                                                                
1.788 Get:4 http://ports.ubuntu.com/ubuntu-ports noble-security InRelease [126 kB]
2.007 Get:5 http://ports.ubuntu.com/ubuntu-ports noble/restricted arm64 Packages [113 kB]
2.071 Get:6 http://ports.ubuntu.com/ubuntu-ports noble/multiverse arm64 Packages [274 kB]
2.289 Get:7 http://ports.ubuntu.com/ubuntu-ports noble/main arm64 Packages [1,776 kB]
2.654 Get:8 http://ports.ubuntu.com/ubuntu-ports noble/universe arm64 Packages [19.0 MB]
3.653 Get:9 http://ports.ubuntu.com/ubuntu-ports noble-updates/multiverse arm64 Packages [20.9 kB]
3.654 Get:10 http://ports.ubuntu.com/ubuntu-ports noble-updates/universe arm64 Packages [1,332 kB]
3.709 Get:11 http://ports.ubuntu.com/ubuntu-ports noble-updates/restricted arm64 Packages [1,414 kB]
4.101 Get:12 http://ports.ubuntu.com/ubuntu-ports noble-updates/main arm64 Packages [1,297 kB]
5.344 Get:13 http://ports.ubuntu.com/ubuntu-ports noble-backports/main arm64 Packages [48.0 kB]
5.348 Get:14 http://ports.ubuntu.com/ubuntu-ports noble-backports/universe arm64 Packages [31.8 kB]
5.350 Get:15 http://ports.ubuntu.com/ubuntu-ports noble-security/universe arm64 Packages [1,041 kB]
5.821 Get:16 http://ports.ubuntu.com/ubuntu-ports noble-security/restricted arm64 Packages [1,269 kB]
6.131 Get:17 http://ports.ubuntu.com/ubuntu-ports noble-security/multiverse arm64 Packages [19.0 kB]
6.133 Get:18 http://ports.ubuntu.com/ubuntu-ports noble-security/main arm64 Packages [948 kB]
6.393 Fetched 29.2 MB in 6s (4,696 kB/s)
6.393 Reading package lists...
7.782 Reading package lists...
9.119 Building dependency tree...
9.528 Reading state information...
9.590 E: Unable to locate package some-dependency
------
Dockerfile:34
--------------------
  33 |     
  34 | >>> RUN apt-get update && apt-get install -y --no-install-recommends some-dependency && \
  35 | >>>     pip3 install --no-cache-dir triton && \ 
  36 | >>>     apt-get clean && rm -rf /var/lib/apt/lists/*
  37 |     
--------------------
ERROR: failed to solve: process "/bin/sh -c apt-get update && apt-get install -y --no-install-recommends some-dependency &&     pip3 install --no-cache-dir triton &&     apt-get clean && rm -rf /var/lib/apt/lists/*" did not complete successfully: exit code: 100
!!!!!!!!!!!!!!!!!!!!!!!!!!!!!!!!!!!!!!!!!!!!!!!!!!
Error: Failed to build image for 10-triton (build/10-triton).
!!!!!!!!!!!!!!!!!!!!!!!!!!!!!!!!!!!!!!!!!!!!!!!!!!
Build, push or pull failed for build/10-triton. Subsequent dependent builds might fail.
Build process for build/10-triton exited with code 1
Continuing with next build...
Processing numbered directory: build/11-diffusers
Using base image: kairin/001:10-onnx
Generating fixed tag: kairin/001:11-diffusers
--------------------------------------------------
Building image from folder: build/11-diffusers
Image Name: 11-diffusers
Platform: linux/arm64
Tag: kairin/001:11-diffusers
Base Image (FROM via ARG): kairin/001:10-onnx
Skip Intermediate Push/Pull: n
--------------------------------------------------
Using --push
Running: docker buildx build --platform linux/arm64 -t kairin/001:11-diffusers --build-arg BASE_IMAGE=kairin/001:10-onnx --no-cache --push build/11-diffusers
[+] Building 16.6s (9/9) FINISHED                                                                                                                  docker-container:jetson-builder
 => [internal] load build definition from Dockerfile                                                                                                                          0.0s
 => => transferring dockerfile: 1.79kB                                                                                                                                        0.0s
 => [internal] load metadata for docker.io/kairin/001:10-onnx                                                                                                                 0.9s
 => [internal] load .dockerignore                                                                                                                                             0.0s
 => => transferring context: 2B                                                                                                                                               0.0s
 => [internal] load build context                                                                                                                                             0.0s
 => => transferring context: 60B                                                                                                                                              0.0s
 => CACHED [1/3] FROM docker.io/kairin/001:10-onnx@sha256:b3f6bde77fe21993e7f22593b6ea3c333aad7caad4a98af22ea6c780c65fd59f                                                    0.0s
 => => resolve docker.io/kairin/001:10-onnx@sha256:b3f6bde77fe21993e7f22593b6ea3c333aad7caad4a98af22ea6c780c65fd59f                                                           0.0s
 => [2/3] COPY build.sh install.sh /tmp/DIFFUSERS/                                                                                                                            0.1s
 => [3/3] RUN rm -rf /opt/diffusers &&     export DIFFUSERS_VERSION=0.24.0 &&     (bash -x /tmp/DIFFUSERS/install.sh || bash -x /tmp/DIFFUSERS/build.sh) &&     echo "check_  5.5s
 => exporting to image                                                                                                                                                        9.8s 
 => => exporting layers                                                                                                                                                       1.5s 
 => => exporting manifest sha256:80e3af3e5226bcfa99f56637d5ebe9c5ae1e64732a6c9003bc47095a6001bb04                                                                             0.0s 
 => => exporting config sha256:5aaac19b7ea6ecaa8acb90d1e12408ead07b1dbe868513789908ae7fc8d43852                                                                               0.0s 
 => => exporting attestation manifest sha256:a07b3fd8ac4c53e8de0e32b6324358cfe17373eb3c01f9b6c6faa57b0baa11c0                                                                 0.0s 
 => => exporting manifest list sha256:e82a59922c46e8e28a7b04ace2e067e20ff0674697b166200cd705acee77fe81                                                                        0.0s 
 => => pushing layers                                                                                                                                                         5.4s
 => => pushing manifest for docker.io/kairin/001:11-diffusers@sha256:e82a59922c46e8e28a7b04ace2e067e20ff0674697b166200cd705acee77fe81                                         2.7s
 => [auth] kairin/001:pull,push token for registry-1.docker.io                                                                                                                0.0s
Pulling built image: kairin/001:11-diffusers
11-diffusers: Pulling from kairin/001
14fcbe0c9272: Already exists 
9c92e5240789: Already exists 
7727fa23ba6a: Already exists 
0ee8993960f4: Already exists 
ed9cc4f6f859: Already exists 
065c3c36dc07: Already exists 
90afbce3262f: Already exists 
4f4fb700ef54: Already exists 
25a803142cd2: Already exists 
a2cd38081f2d: Already exists 
0e6e27425c1f: Already exists 
f2181a3cba2b: Already exists 
c4521bb97d5f: Already exists 
22f208790824: Already exists 
a9a5c8abd927: Already exists 
f611b189f0c3: Already exists 
01729d14ce86: Already exists 
f5599f003789: Already exists 
4cc47fad8154: Already exists 
0b5e09e62311: Already exists 
7d9fc68d36bb: Pull complete 
274a32582873: Pull complete 
Digest: sha256:e82a59922c46e8e28a7b04ace2e067e20ff0674697b166200cd705acee77fe81
Status: Downloaded newer image for kairin/001:11-diffusers
docker.io/kairin/001:11-diffusers
Verifying image kairin/001:11-diffusers exists locally...
Image kairin/001:11-diffusers verified locally.
Successfully built, pushed, and pulled numbered image: kairin/001:11-diffusers
Next base image will be: kairin/001:11-diffusers
Processing numbered directory: build/12-huggingface_hub
Using base image: kairin/001:11-diffusers
Generating fixed tag: kairin/001:12-huggingface_hub
--------------------------------------------------
Building image from folder: build/12-huggingface_hub
Image Name: 12-huggingface_hub
Platform: linux/arm64
Tag: kairin/001:12-huggingface_hub
Base Image (FROM via ARG): kairin/001:11-diffusers
Skip Intermediate Push/Pull: n
--------------------------------------------------
Using --push
Running: docker buildx build --platform linux/arm64 -t kairin/001:12-huggingface_hub --build-arg BASE_IMAGE=kairin/001:11-diffusers --no-cache --push build/12-huggingface_hub
[+] Building 40.4s (11/11) FINISHED                                                                                                                docker-container:jetson-builder
 => [internal] load build definition from Dockerfile                                                                                                                          0.0s
 => => transferring dockerfile: 3.65kB                                                                                                                                        0.0s
 => [internal] load metadata for docker.io/kairin/001:11-diffusers                                                                                                            0.3s
 => [internal] load .dockerignore                                                                                                                                             0.0s
 => => transferring context: 2B                                                                                                                                               0.0s
 => [1/5] FROM docker.io/kairin/001:11-diffusers@sha256:e82a59922c46e8e28a7b04ace2e067e20ff0674697b166200cd705acee77fe81                                                      0.3s
 => => resolve docker.io/kairin/001:11-diffusers@sha256:e82a59922c46e8e28a7b04ace2e067e20ff0674697b166200cd705acee77fe81                                                      0.0s
 => [internal] load build context                                                                                                                                             0.0s
 => => transferring context: 89B                                                                                                                                              0.0s
 => [2/5] RUN set -ex     && mkdir -p /data/models/huggingface         && apt-get update     && apt-get install -y --no-install-recommends         time         curl         25.6s
 => [3/5] COPY huggingface-downloader /usr/local/bin/                                                                                                                         0.1s 
 => [4/5] COPY huggingface-downloader.py /usr/local/bin/_huggingface-downloader.py                                                                                            0.1s 
 => [5/5] RUN huggingface-downloader --help                                                                                                                                   0.7s 
 => exporting to image                                                                                                                                                       13.0s 
 => => exporting layers                                                                                                                                                       2.5s 
 => => exporting manifest sha256:3347ec2fb663db623d7bb98b9ab9f6d358fa3b0496b4a5fc57214642e8ecee65                                                                             0.0s 
 => => exporting config sha256:ccd9e39577ee9fd262dcd457a9a0eb9ac215ee284dae2d7360877170efc7d554                                                                               0.0s 
 => => exporting attestation manifest sha256:552dc2f7986dde4751d4207ba1055e4ed5b059429affb4e4d539ded6ad59cd02                                                                 0.0s 
 => => exporting manifest list sha256:d737d13d8583cfeff1196771b4db4c42262294b8a41836c1f4cc0df0ba88c4ad                                                                        0.0s 
 => => pushing layers                                                                                                                                                         7.5s
 => => pushing manifest for docker.io/kairin/001:12-huggingface_hub@sha256:d737d13d8583cfeff1196771b4db4c42262294b8a41836c1f4cc0df0ba88c4ad                                   2.8s
 => [auth] kairin/001:pull,push token for registry-1.docker.io                                                                                                                0.0s
Pulling built image: kairin/001:12-huggingface_hub
12-huggingface_hub: Pulling from kairin/001
14fcbe0c9272: Already exists 
9c92e5240789: Already exists 
7727fa23ba6a: Already exists 
0ee8993960f4: Already exists 
ed9cc4f6f859: Already exists 
065c3c36dc07: Already exists 
90afbce3262f: Already exists 
4f4fb700ef54: Pull complete 
25a803142cd2: Already exists 
a2cd38081f2d: Already exists 
0e6e27425c1f: Already exists 
f2181a3cba2b: Already exists 
c4521bb97d5f: Already exists 
22f208790824: Already exists 
a9a5c8abd927: Already exists 
f611b189f0c3: Already exists 
01729d14ce86: Already exists 
f5599f003789: Already exists 
4cc47fad8154: Already exists 
0b5e09e62311: Already exists 
7d9fc68d36bb: Already exists 
274a32582873: Already exists 
1e7d085715d1: Pull complete 
d181e07df341: Pull complete 
012481760f5c: Pull complete 
Digest: sha256:d737d13d8583cfeff1196771b4db4c42262294b8a41836c1f4cc0df0ba88c4ad
Status: Downloaded newer image for kairin/001:12-huggingface_hub
docker.io/kairin/001:12-huggingface_hub
Verifying image kairin/001:12-huggingface_hub exists locally...
Image kairin/001:12-huggingface_hub verified locally.
Successfully built, pushed, and pulled numbered image: kairin/001:12-huggingface_hub
Next base image will be: kairin/001:12-huggingface_hub
Processing numbered directory: build/13-transformers
Using base image: kairin/001:12-huggingface_hub
Generating fixed tag: kairin/001:13-transformers
--------------------------------------------------
Building image from folder: build/13-transformers
Image Name: 13-transformers
Platform: linux/arm64
Tag: kairin/001:13-transformers
Base Image (FROM via ARG): kairin/001:12-huggingface_hub
Skip Intermediate Push/Pull: n
--------------------------------------------------
Using --push
Running: docker buildx build --platform linux/arm64 -t kairin/001:13-transformers --build-arg BASE_IMAGE=kairin/001:12-huggingface_hub --no-cache --push build/13-transformers
[+] Building 45.1s (10/10) FINISHED                                                                                                                docker-container:jetson-builder
 => [internal] load build definition from Dockerfile                                                                                                                          0.0s
 => => transferring dockerfile: 2.04kB                                                                                                                                        0.0s
 => [internal] load metadata for docker.io/kairin/001:12-huggingface_hub                                                                                                      0.3s
 => [internal] load .dockerignore                                                                                                                                             0.0s
 => => transferring context: 2B                                                                                                                                               0.0s
 => [1/4] FROM docker.io/kairin/001:12-huggingface_hub@sha256:d737d13d8583cfeff1196771b4db4c42262294b8a41836c1f4cc0df0ba88c4ad                                                0.3s
 => => resolve docker.io/kairin/001:12-huggingface_hub@sha256:d737d13d8583cfeff1196771b4db4c42262294b8a41836c1f4cc0df0ba88c4ad                                                0.0s
 => [internal] load build context                                                                                                                                             0.0s
 => => transferring context: 46B                                                                                                                                              0.0s
 => [2/4] RUN set -ex     && echo "Installing transformers version 4.36.2"     && pip3 install --no-cache-dir accelerate sentencepiece optimum     && pip3 install --no-cac  23.8s
 => [3/4] COPY huggingface-benchmark.py /usr/local/bin                                                                                                                        0.2s 
 => [4/4] RUN chmod +x /usr/local/bin/huggingface-benchmark.py     && echo "check_cmd huggingface-benchmark 'huggingface-benchmark.py --help'" >> /opt/list_app_checks.sh     0.1s 
 => exporting to image                                                                                                                                                       20.0s 
 => => exporting layers                                                                                                                                                       7.1s 
 => => exporting manifest sha256:d4197fc2eaa2d3231416435b45fd9712a45895d862356bfe9e73ce3eed842ce6                                                                             0.0s 
 => => exporting config sha256:41b2bc43a93a6e18222fc6cf174c7a9de1e340e2fc2ed4b087252f3f53f7d6b3                                                                               0.0s 
 => => exporting attestation manifest sha256:cfa79c13ca9e78351060bc66cfb759ddcaae1ceb0ce3af29af0f57e975e86785                                                                 0.0s
 => => exporting manifest list sha256:3c3ad2799dda4d9353a2342845535d0bf028f457fe90f5bb75348ae6e8059414                                                                        0.0s
 => => pushing layers                                                                                                                                                        10.1s
 => => pushing manifest for docker.io/kairin/001:13-transformers@sha256:3c3ad2799dda4d9353a2342845535d0bf028f457fe90f5bb75348ae6e8059414                                      2.7s
 => [auth] kairin/001:pull,push token for registry-1.docker.io                                                                                                                0.0s
Pulling built image: kairin/001:13-transformers
13-transformers: Pulling from kairin/001
14fcbe0c9272: Already exists 
9c92e5240789: Already exists 
7727fa23ba6a: Already exists 
0ee8993960f4: Already exists 
ed9cc4f6f859: Already exists 
065c3c36dc07: Already exists 
90afbce3262f: Already exists 
4f4fb700ef54: Already exists 
25a803142cd2: Already exists 
a2cd38081f2d: Already exists 
0e6e27425c1f: Already exists 
f2181a3cba2b: Already exists 
c4521bb97d5f: Already exists 
22f208790824: Already exists 
a9a5c8abd927: Already exists 
f611b189f0c3: Already exists 
01729d14ce86: Already exists 
f5599f003789: Already exists 
4cc47fad8154: Already exists 
0b5e09e62311: Already exists 
7d9fc68d36bb: Already exists 
274a32582873: Already exists 
1e7d085715d1: Already exists 
d181e07df341: Already exists 
012481760f5c: Already exists 
97aaa991751f: Pull complete 
72fe3c211992: Pull complete 
38ec2fb17af6: Pull complete 
Digest: sha256:3c3ad2799dda4d9353a2342845535d0bf028f457fe90f5bb75348ae6e8059414
Status: Downloaded newer image for kairin/001:13-transformers
docker.io/kairin/001:13-transformers
Verifying image kairin/001:13-transformers exists locally...
Image kairin/001:13-transformers verified locally.
Successfully built, pushed, and pulled numbered image: kairin/001:13-transformers
Next base image will be: kairin/001:13-transformers
Processing numbered directory: build/14-xformers
Using base image: kairin/001:13-transformers
Generating fixed tag: kairin/001:14-xformers
--------------------------------------------------
Building image from folder: build/14-xformers
Image Name: 14-xformers
Platform: linux/arm64
Tag: kairin/001:14-xformers
Base Image (FROM via ARG): kairin/001:13-transformers
Skip Intermediate Push/Pull: n
--------------------------------------------------
Using --push
Running: docker buildx build --platform linux/arm64 -t kairin/001:14-xformers --build-arg BASE_IMAGE=kairin/001:13-transformers --no-cache --push build/14-xformers
[+] Building 179.2s (7/7) FINISHED                                                                                                                 docker-container:jetson-builder
 => [internal] load build definition from Dockerfile                                                                                                                          0.0s
 => => transferring dockerfile: 3.36kB                                                                                                                                        0.0s
 => [internal] load metadata for docker.io/kairin/001:13-transformers                                                                                                         0.8s
 => [internal] load .dockerignore                                                                                                                                             0.0s
 => => transferring context: 2B                                                                                                                                               0.0s
 => [1/2] FROM docker.io/kairin/001:13-transformers@sha256:3c3ad2799dda4d9353a2342845535d0bf028f457fe90f5bb75348ae6e8059414                                                   0.3s
 => => resolve docker.io/kairin/001:13-transformers@sha256:3c3ad2799dda4d9353a2342845535d0bf028f457fe90f5bb75348ae6e8059414                                                   0.0s
 => [2/2] RUN set -ex     && rm -rf /opt/xformers     && CUDA_MAJOR=$(echo ${CUDA_VERSION} | cut -d. -f1)     && CUDA_MINOR=$(echo ${CUDA_VERSION} | cut -d. -f2)     && C  125.4s
 => exporting to image                                                                                                                                                       52.4s 
 => => exporting layers                                                                                                                                                      25.1s 
 => => exporting manifest sha256:04bc97f6bbd78600b0b61f8f22941022920e30dcd221b00de1fc1c119e5f68ad                                                                             0.0s 
 => => exporting config sha256:75d22a0eb894ef32390e2f5c3ed02e2c3745ffea5a231cfbeb0c6db79d9489c3                                                                               0.0s 
 => => exporting attestation manifest sha256:644266ffa8fa83ca5fe64abc0778a478522f5132811ba9fdbf57b3a2d8b1eaed                                                                 0.0s 
 => => exporting manifest list sha256:9f2744e385fa1758cf33296f1a45537eca25e5fd828e75ae41cca052e193fc45                                                                        0.0s 
 => => pushing layers                                                                                                                                                        24.3s
 => => pushing manifest for docker.io/kairin/001:14-xformers@sha256:9f2744e385fa1758cf33296f1a45537eca25e5fd828e75ae41cca052e193fc45                                          2.8s
 => [auth] kairin/001:pull,push token for registry-1.docker.io                                                                                                                0.0s
Pulling built image: kairin/001:14-xformers
14-xformers: Pulling from kairin/001
14fcbe0c9272: Already exists 
9c92e5240789: Already exists 
7727fa23ba6a: Already exists 
0ee8993960f4: Already exists 
ed9cc4f6f859: Already exists 
065c3c36dc07: Already exists 
90afbce3262f: Already exists 
4f4fb700ef54: Already exists 
25a803142cd2: Already exists 
a2cd38081f2d: Already exists 
0e6e27425c1f: Already exists 
f2181a3cba2b: Already exists 
c4521bb97d5f: Already exists 
22f208790824: Already exists 
a9a5c8abd927: Already exists 
f611b189f0c3: Already exists 
01729d14ce86: Already exists 
f5599f003789: Already exists 
4cc47fad8154: Already exists 
0b5e09e62311: Already exists 
7d9fc68d36bb: Already exists 
274a32582873: Already exists 
1e7d085715d1: Already exists 
d181e07df341: Already exists 
012481760f5c: Already exists 
97aaa991751f: Already exists 
72fe3c211992: Already exists 
38ec2fb17af6: Already exists 
190d0cab0853: Pull complete 
Digest: sha256:9f2744e385fa1758cf33296f1a45537eca25e5fd828e75ae41cca052e193fc45
Status: Downloaded newer image for kairin/001:14-xformers
docker.io/kairin/001:14-xformers
Verifying image kairin/001:14-xformers exists locally...
Image kairin/001:14-xformers verified locally.
Successfully built, pushed, and pulled numbered image: kairin/001:14-xformers
Next base image will be: kairin/001:14-xformers
Processing numbered directory: build/15-flash-attention
Using base image: kairin/001:14-xformers
Generating fixed tag: kairin/001:15-flash-attention
--------------------------------------------------
Building image from folder: build/15-flash-attention
Image Name: 15-flash-attention
Platform: linux/arm64
Tag: kairin/001:15-flash-attention
Base Image (FROM via ARG): kairin/001:14-xformers
Skip Intermediate Push/Pull: n
--------------------------------------------------
Using --push
Running: docker buildx build --platform linux/arm64 -t kairin/001:15-flash-attention --build-arg BASE_IMAGE=kairin/001:14-xformers --no-cache --push build/15-flash-attention
[+] Building 16.7s (6/6) FINISHED                                                                                                                  docker-container:jetson-builder
 => [internal] load build definition from Dockerfile                                                                                                                          0.0s
 => => transferring dockerfile: 4.02kB                                                                                                                                        0.0s
 => [internal] load metadata for docker.io/kairin/001:14-xformers                                                                                                             1.6s
 => [auth] kairin/001:pull token for registry-1.docker.io                                                                                                                     0.0s
 => [internal] load .dockerignore                                                                                                                                             0.0s
 => => transferring context: 2B                                                                                                                                               0.0s
 => [1/2] FROM docker.io/kairin/001:14-xformers@sha256:9f2744e385fa1758cf33296f1a45537eca25e5fd828e75ae41cca052e193fc45                                                       0.4s
 => => resolve docker.io/kairin/001:14-xformers@sha256:9f2744e385fa1758cf33296f1a45537eca25e5fd828e75ae41cca052e193fc45                                                       0.0s
 => ERROR [2/2] RUN set -ex     && apt-get update     && apt-get install -y --no-install-recommends         python3-pip python3-setuptools git cmake build-essential     &&  14.6s
------                                                                                                                                                                             
 > [2/2] RUN set -ex     && apt-get update     && apt-get install -y --no-install-recommends         python3-pip python3-setuptools git cmake build-essential     && pip3 install --no-cache-dir --upgrade pip setuptools wheel         && rm -rf /opt/flash-attention     && git clone --depth=1 --branch=v2.5.8 https://github.com/Dao-AILab/flash-attention /opt/flash-attention     && cd /opt/flash-attention         && sed -i 's|def get_platform():|def get_arch():\n    """\n    Returns the system aarch for the current system.\n    """\n    if sys.platform.startswith("linux"):\n        if platform.machine() == "x86_64":\n            return "x86_64"\n        if platform.machine() == "arm64" or platform.machine() == "aarch64":\n            return "aarch64"\n    elif sys.platform == "darwin":\n        mac_version = ".".join(platform.mac_ver()[0].split(".")[:2])\n        return f"macosx_{mac_version}_x86_64"\n    elif sys.platform == "win32":\n        return "win_amd64"\n    else:\n        raise ValueError("Unsupported platform: {}".format(sys.platform))\n\ndef get_system() -> str:\n    """\n    Returns the system name as used in wheel filenames.\n    """\n    if platform.system() == "Windows":\n        return "win"\n    elif platform.system() == "Darwin":\n        mac_version = ".".join(platform.mac_ver()[0].split(".")[:1])\n        return f"macos_{mac_version}"\n    elif platform.system() == "Linux":\n        return "linux"\n    else:\n        raise ValueError("Unsupported system: {}".format(platform.system()))\n\ndef get_platform() -> str:|' setup.py     && sed -i 's|    Returns the platform name as used in wheel filenames.|    Returns the platform name as used in wheel filenames.\n    """\n    return f"{get_system()}_{get_arch()}"|' setup.py     && sed -i 's|    if "80" in cuda_archs():.*|    cc_flag.append("-gencode")\n    cc_flag.append("arch=compute_87,code=sm_87")|' setup.py         && mkdir -p /opt/wheels     && export CMAKE_BUILD_PARALLEL_LEVEL=6     && python3 setup.py --verbose bdist_wheel --dist-dir /opt/wheels     && pip3 install /opt/wheels/flash_attn*.whl         && python3 -c "import flash_attn; print(f'Flash-Attention {flash_attn.__version__} installed successfully')"     && echo "check_python_pkg flash_attn" >> /opt/list_app_checks.sh         && apt-get clean     && rm -rf /var/lib/apt/lists/*     && rm -rf /root/.cache/pip     && rm -rf /opt/flash-attention/build:
0.078 + apt-get update
0.243 Get:1 https://cli.github.com/packages stable InRelease [3,917 B]
0.476 Get:2 http://ports.ubuntu.com/ubuntu-ports noble InRelease [256 kB]
0.594 Get:3 https://cli.github.com/packages stable/main arm64 Packages [343 B]
1.345 Get:4 http://ports.ubuntu.com/ubuntu-ports noble-updates InRelease [126 kB]
1.561 Get:5 http://ports.ubuntu.com/ubuntu-ports noble-backports InRelease [126 kB]
1.776 Get:6 http://ports.ubuntu.com/ubuntu-ports noble-security InRelease [126 kB]
1.995 Get:7 http://ports.ubuntu.com/ubuntu-ports noble/main arm64 Packages [1,776 kB]
2.595 Get:8 http://ports.ubuntu.com/ubuntu-ports noble/multiverse arm64 Packages [274 kB]
2.626 Get:9 http://ports.ubuntu.com/ubuntu-ports noble/universe arm64 Packages [19.0 MB]
3.631 Get:10 http://ports.ubuntu.com/ubuntu-ports noble/restricted arm64 Packages [113 kB]
3.633 Get:11 http://ports.ubuntu.com/ubuntu-ports noble-updates/main arm64 Packages [1,297 kB]
3.693 Get:12 http://ports.ubuntu.com/ubuntu-ports noble-updates/restricted arm64 Packages [1,414 kB]
3.763 Get:13 http://ports.ubuntu.com/ubuntu-ports noble-updates/multiverse arm64 Packages [20.9 kB]
4.092 Get:14 http://ports.ubuntu.com/ubuntu-ports noble-updates/universe arm64 Packages [1,332 kB]
5.356 Get:15 http://ports.ubuntu.com/ubuntu-ports noble-backports/universe arm64 Packages [31.8 kB]
5.358 Get:16 http://ports.ubuntu.com/ubuntu-ports noble-backports/main arm64 Packages [48.0 kB]
5.362 Get:17 http://ports.ubuntu.com/ubuntu-ports noble-security/multiverse arm64 Packages [19.0 kB]
5.363 Get:18 http://ports.ubuntu.com/ubuntu-ports noble-security/main arm64 Packages [948 kB]
5.715 Get:19 http://ports.ubuntu.com/ubuntu-ports noble-security/universe arm64 Packages [1,041 kB]
6.026 Get:20 http://ports.ubuntu.com/ubuntu-ports noble-security/restricted arm64 Packages [1,269 kB]
6.427 Fetched 29.2 MB in 6s (4,660 kB/s)
6.427 Reading package lists...
7.805 + apt-get install -y --no-install-recommends python3-pip python3-setuptools git cmake build-essential
7.819 Reading package lists...
9.175 Building dependency tree...
9.577 Reading state information...
10.41 python3-pip is already the newest version (24.0+dfsg-1ubuntu1.1).
10.41 python3-setuptools is already the newest version (68.1.2-2ubuntu1.1).
10.41 git is already the newest version (1:2.43.0-1ubuntu7.2).
10.41 cmake is already the newest version (3.28.3-1build7).
10.41 build-essential is already the newest version (12.10ubuntu1).
10.41 0 upgraded, 0 newly installed, 0 to remove and 28 not upgraded.
10.41 + pip3 install --no-cache-dir --upgrade pip setuptools wheel
10.93 Using pip 25.0.1 from /opt/venv/lib/python3.12/site-packages/pip (python 3.12)
11.24 DEPRECATION: Loading egg at /usr/local/lib/python3.12/dist-packages/looseversion-1.3.0-py3.12.egg is deprecated. pip 25.1 will enforce this behaviour change. A possible replacement is to use pip for package installation. Discussion can be found at https://github.com/pypa/pip/issues/12330
11.24 DEPRECATION: Loading egg at /usr/local/lib/python3.12/dist-packages/dill-0.3.9-py3.12.egg is deprecated. pip 25.1 will enforce this behaviour change. A possible replacement is to use pip for package installation. Discussion can be found at https://github.com/pypa/pip/issues/12330
11.24 DEPRECATION: Loading egg at /usr/local/lib/python3.12/dist-packages/lightning_utilities-0.14.0-py3.12.egg is deprecated. pip 25.1 will enforce this behaviour change. A possible replacement is to use pip for package installation. Discussion can be found at https://github.com/pypa/pip/issues/12330
11.24 DEPRECATION: Loading egg at /usr/local/lib/python3.12/dist-packages/lightning_thunder-0.2.2.dev0-py3.12.egg is deprecated. pip 25.1 will enforce this behaviour change. A possible replacement is to use pip for package installation. Discussion can be found at https://github.com/pypa/pip/issues/12330
11.24 DEPRECATION: Loading egg at /usr/local/lib/python3.12/dist-packages/opt_einsum-3.4.0-py3.12.egg is deprecated. pip 25.1 will enforce this behaviour change. A possible replacement is to use pip for package installation. Discussion can be found at https://github.com/pypa/pip/issues/12330
11.24 DEPRECATION: Loading egg at /usr/local/lib/python3.12/dist-packages/nvfuser-0.2.26a0+c5e1555-py3.12-linux-aarch64.egg is deprecated. pip 25.1 will enforce this behaviour change. A possible replacement is to use pip for package installation. Discussion can be found at https://github.com/pypa/pip/issues/12330
11.26 Requirement already satisfied: pip in /opt/venv/lib/python3.12/site-packages (25.0.1)
11.50 Requirement already satisfied: setuptools in /opt/venv/lib/python3.12/site-packages (78.1.0)
11.70 Requirement already satisfied: wheel in /usr/local/lib/python3.12/dist-packages (0.45.1)
12.62 + rm -rf /opt/flash-attention
12.63 + git clone --depth=1 --branch=v2.5.8 https://github.com/Dao-AILab/flash-attention /opt/flash-attention
12.63 Cloning into '/opt/flash-attention'...
13.91 Note: switching to '9a11f440d3a34f618b4ba814c825b109c6d7e8f5'.
13.91 
13.91 You are in 'detached HEAD' state. You can look around, make experimental
13.91 changes and commit them, and you can discard any commits you make in this
13.91 state without impacting any branches by switching back to a branch.
13.91 
13.91 If you want to create a new branch to retain commits you create, you may
13.91 do so (now or later) by using -c with the switch command. Example:
13.91 
13.91   git switch -c <new-branch-name>
13.91 
13.91 Or undo this operation with:
13.91 
13.91   git switch -
13.91 
13.91 Turn off this advice by setting config variable advice.detachedHead to false
13.91 
14.01 + cd /opt/flash-attention
14.01 + sed -i 's|def get_platform():|def get_arch():\n    """\n    Returns the system aarch for the current system.\n    """\n    if sys.platform.startswith("linux"):\n        if platform.machine() == "x86_64":\n            return "x86_64"\n        if platform.machine() == "arm64" or platform.machine() == "aarch64":\n            return "aarch64"\n    elif sys.platform == "darwin":\n        mac_version = ".".join(platform.mac_ver()[0].split(".")[:2])\n        return f"macosx_{mac_version}_x86_64"\n    elif sys.platform == "win32":\n        return "win_amd64"\n    else:\n        raise ValueError("Unsupported platform: {}".format(sys.platform))\n\ndef get_system() -> str:\n    """\n    Returns the system name as used in wheel filenames.\n    """\n    if platform.system() == "Windows":\n        return "win"\n    elif platform.system() == "Darwin":\n        mac_version = ".".join(platform.mac_ver()[0].split(".")[:1])\n        return f"macos_{mac_version}"\n    elif platform.system() == "Linux":\n        return "linux"\n    else:\n        raise ValueError("Unsupported system: {}".format(platform.system()))\n\ndef get_platform() -> str:|' setup.py
14.02 + sed -i 's|    Returns the platform name as used in wheel filenames.|    Returns the platform name as used in wheel filenames.\n    """\n    return f"{get_system()}_{get_arch()}"|' setup.py
14.02 + sed -i 's|    if "80" in cuda_archs():.*|    cc_flag.append("-gencode")\n    cc_flag.append("arch=compute_87,code=sm_87")|' setup.py
14.03 + mkdir -p /opt/wheels
14.03 + export CMAKE_BUILD_PARALLEL_LEVEL=6
14.03 + CMAKE_BUILD_PARALLEL_LEVEL=6
14.03 + python3 setup.py --verbose bdist_wheel --dist-dir /opt/wheels
14.05 /opt/flash-attention/setup.py:85: SyntaxWarning: invalid escape sequence '\s'
14.05   """
14.05   File "/opt/flash-attention/setup.py", line 295
14.05     """
14.05     ^
14.05 SyntaxError: unterminated triple-quoted string literal (detected at line 386)
------
Dockerfile:36
--------------------
  35 |     # Single consolidated RUN command for speed and efficiency
  36 | >>> RUN set -ex \
  37 | >>>     # Install dependencies \
  38 | >>>     && apt-get update \
  39 | >>>     && apt-get install -y --no-install-recommends \
  40 | >>>         python3-pip python3-setuptools git cmake build-essential \
  41 | >>>     && pip3 install --no-cache-dir --upgrade pip setuptools wheel \
  42 | >>>     \
  43 | >>>     # Clone specific version \
  44 | >>>     && rm -rf /opt/flash-attention \
  45 | >>>     && git clone --depth=1 --branch=v2.5.8 https://github.com/Dao-AILab/flash-attention /opt/flash-attention \
  46 | >>>     && cd /opt/flash-attention \
  47 | >>>     \
  48 | >>>     # Apply patch directly instead of using a patch file \
  49 | >>>     && sed -i 's|def get_platform():|def get_arch():\n    """\n    Returns the system aarch for the current system.\n    """\n    if sys.platform.startswith("linux"):\n        if platform.machine() == "x86_64":\n            return "x86_64"\n        if platform.machine() == "arm64" or platform.machine() == "aarch64":\n            return "aarch64"\n    elif sys.platform == "darwin":\n        mac_version = ".".join(platform.mac_ver()[0].split(".")[:2])\n        return f"macosx_{mac_version}_x86_64"\n    elif sys.platform == "win32":\n        return "win_amd64"\n    else:\n        raise ValueError("Unsupported platform: {}".format(sys.platform))\n\ndef get_system() -> str:\n    """\n    Returns the system name as used in wheel filenames.\n    """\n    if platform.system() == "Windows":\n        return "win"\n    elif platform.system() == "Darwin":\n        mac_version = ".".join(platform.mac_ver()[0].split(".")[:1])\n        return f"macos_{mac_version}"\n    elif platform.system() == "Linux":\n        return "linux"\n    else:\n        raise ValueError("Unsupported system: {}".format(platform.system()))\n\ndef get_platform() -> str:|' setup.py \
  50 | >>>     && sed -i 's|    Returns the platform name as used in wheel filenames.|    Returns the platform name as used in wheel filenames.\n    """\n    return f"{get_system()}_{get_arch()}"|' setup.py \
  51 | >>>     && sed -i 's|    if "80" in cuda_archs():.*|    cc_flag.append("-gencode")\n    cc_flag.append("arch=compute_87,code=sm_87")|' setup.py \
  52 | >>>     \
  53 | >>>     # Build with optimized parallelism \
  54 | >>>     && mkdir -p /opt/wheels \
  55 | >>>     && export CMAKE_BUILD_PARALLEL_LEVEL=${MAX_JOBS} \
  56 | >>>     && python3 setup.py --verbose bdist_wheel --dist-dir /opt/wheels \
  57 | >>>     && pip3 install /opt/wheels/flash_attn*.whl \
  58 | >>>     \
  59 | >>>     # Verify installation \
  60 | >>>     && python3 -c "import flash_attn; print(f'Flash-Attention {flash_attn.__version__} installed successfully')" \
  61 | >>>     && echo "check_python_pkg flash_attn" >> /opt/list_app_checks.sh \
  62 | >>>     \
  63 | >>>     # Cleanup \
  64 | >>>     && apt-get clean \
  65 | >>>     && rm -rf /var/lib/apt/lists/* \
  66 | >>>     && rm -rf /root/.cache/pip \
  67 | >>>     && rm -rf /opt/flash-attention/build
--------------------
ERROR: failed to solve: process "/bin/sh -c set -ex     && apt-get update     && apt-get install -y --no-install-recommends         python3-pip python3-setuptools git cmake build-essential     && pip3 install --no-cache-dir --upgrade pip setuptools wheel         && rm -rf /opt/flash-attention     && git clone --depth=1 --branch=v2.5.8 https://github.com/Dao-AILab/flash-attention /opt/flash-attention     && cd /opt/flash-attention         && sed -i 's|def get_platform():|def get_arch():\\n    \"\"\"\\n    Returns the system aarch for the current system.\\n    \"\"\"\\n    if sys.platform.startswith(\"linux\"):\\n        if platform.machine() == \"x86_64\":\\n            return \"x86_64\"\\n        if platform.machine() == \"arm64\" or platform.machine() == \"aarch64\":\\n            return \"aarch64\"\\n    elif sys.platform == \"darwin\":\\n        mac_version = \".\".join(platform.mac_ver()[0].split(\".\")[:2])\\n        return f\"macosx_{mac_version}_x86_64\"\\n    elif sys.platform == \"win32\":\\n        return \"win_amd64\"\\n    else:\\n        raise ValueError(\"Unsupported platform: {}\".format(sys.platform))\\n\\ndef get_system() -> str:\\n    \"\"\"\\n    Returns the system name as used in wheel filenames.\\n    \"\"\"\\n    if platform.system() == \"Windows\":\\n        return \"win\"\\n    elif platform.system() == \"Darwin\":\\n        mac_version = \".\".join(platform.mac_ver()[0].split(\".\")[:1])\\n        return f\"macos_{mac_version}\"\\n    elif platform.system() == \"Linux\":\\n        return \"linux\"\\n    else:\\n        raise ValueError(\"Unsupported system: {}\".format(platform.system()))\\n\\ndef get_platform() -> str:|' setup.py     && sed -i 's|    Returns the platform name as used in wheel filenames.|    Returns the platform name as used in wheel filenames.\\n    \"\"\"\\n    return f\"{get_system()}_{get_arch()}\"|' setup.py     && sed -i 's|    if \"80\" in cuda_archs():.*|    cc_flag.append(\"-gencode\")\\n    cc_flag.append(\"arch=compute_87,code=sm_87\")|' setup.py         && mkdir -p /opt/wheels     && export CMAKE_BUILD_PARALLEL_LEVEL=${MAX_JOBS}     && python3 setup.py --verbose bdist_wheel --dist-dir /opt/wheels     && pip3 install /opt/wheels/flash_attn*.whl         && python3 -c \"import flash_attn; print(f'Flash-Attention {flash_attn.__version__} installed successfully')\"     && echo \"check_python_pkg flash_attn\" >> /opt/list_app_checks.sh         && apt-get clean     && rm -rf /var/lib/apt/lists/*     && rm -rf /root/.cache/pip     && rm -rf /opt/flash-attention/build" did not complete successfully: exit code: 1
!!!!!!!!!!!!!!!!!!!!!!!!!!!!!!!!!!!!!!!!!!!!!!!!!!
Error: Failed to build image for 15-flash-attention (build/15-flash-attention).
!!!!!!!!!!!!!!!!!!!!!!!!!!!!!!!!!!!!!!!!!!!!!!!!!!
Build, push or pull failed for build/15-flash-attention. Subsequent dependent builds might fail.
Build process for build/15-flash-attention exited with code 1
Continuing with next build...
Processing numbered directory: build/16-stable-diffusion
Using base image: kairin/001:14-xformers
Generating fixed tag: kairin/001:16-stable-diffusion
--------------------------------------------------
Building image from folder: build/16-stable-diffusion
Image Name: 16-stable-diffusion
Platform: linux/arm64
Tag: kairin/001:16-stable-diffusion
Base Image (FROM via ARG): kairin/001:14-xformers
Skip Intermediate Push/Pull: n
--------------------------------------------------
Using --push
Running: docker buildx build --platform linux/arm64 -t kairin/001:16-stable-diffusion --build-arg BASE_IMAGE=kairin/001:14-xformers --no-cache --push build/16-stable-diffusion
[+] Building 31.9s (5/5) FINISHED                                                                                                                  docker-container:jetson-builder
 => [internal] load build definition from Dockerfile                                                                                                                          0.0s
 => => transferring dockerfile: 4.95kB                                                                                                                                        0.0s
 => [internal] load metadata for docker.io/kairin/001:14-xformers                                                                                                             0.8s
 => [internal] load .dockerignore                                                                                                                                             0.0s
 => => transferring context: 2B                                                                                                                                               0.0s
 => CACHED [1/2] FROM docker.io/kairin/001:14-xformers@sha256:9f2744e385fa1758cf33296f1a45537eca25e5fd828e75ae41cca052e193fc45                                                0.0s
 => => resolve docker.io/kairin/001:14-xformers@sha256:9f2744e385fa1758cf33296f1a45537eca25e5fd828e75ae41cca052e193fc45                                                       0.0s
 => ERROR [2/2] RUN set -ex     && pip3 install --no-cache-dir         diffusers==0.24.0         openai-clip         kornia==0.7.0         taming-transformers==0.0.1        30.9s
------                                                                                                                                                                             
 > [2/2] RUN set -ex     && pip3 install --no-cache-dir         diffusers==0.24.0         openai-clip         kornia==0.7.0         taming-transformers==0.0.1         invisible-watermark==0.2.0         einops==0.7.0         pandas==2.1.1         scipy==1.11.3         && PYTHON_DIST_PACKAGES=$(python3 -c 'import sys; print(f"/usr/local/lib/python{sys.version_info.major}.{sys.version_info.minor}/dist-packages")')     && wget https://raw.githubusercontent.com/CompVis/taming-transformers/master/taming/modules/vqvae/quantize.py -O $PYTHON_DIST_PACKAGES/taming/modules/vqvae/quantize.py         && rm -rf /opt/stable-diffusion /opt/stable-diffusion-optimized         && git clone --depth=1 https://github.com/CompVis/stable-diffusion /opt/stable-diffusion     && git clone --depth=1 https://github.com/basujindal/stable-diffusion /opt/stable-diffusion-optimized     && cp -r /opt/stable-diffusion-optimized/optimizedSD /opt/stable-diffusion/     && rm -rf /opt/stable-diffusion-optimized         && sed -i         -e 's|from pytorch_lightning.utilities.distributed|#from pytorch_lightning.utilities.distributed|g'         -e 's|@rank_zero_only||g'         /opt/stable-diffusion/ldm/models/diffusion/ddpm.py     && sed -i         -e 's|from pytorch_lightning.utilities.distributed|#from pytorch_lightning.utilities.distributed|g'         -e 's|@rank_zero_only||g'         /opt/stable-diffusion/optimizedSD/ddpm.py         && mkdir -p /data/models/diffusers     && mkdir -p /data/images/stable-diffusion         && echo "# Check for Stable Diffusion packages" >> /tmp/sd_checks.sh     && echo "check_python_pkg diffusers" >> /tmp/sd_checks.sh     && echo "check_dir /opt/stable-diffusion 'Stable Diffusion'" >> /tmp/sd_checks.sh     && cat /tmp/sd_checks.sh >> /opt/list_app_checks.sh         && rm -rf /root/.cache/pip     && find /opt/stable-diffusion -name ".git" -type d -exec rm -rf {} +     && rm -f /tmp/sd_checks.sh:
0.076 + pip3 install --no-cache-dir diffusers==0.24.0 openai-clip kornia==0.7.0 taming-transformers==0.0.1 invisible-watermark==0.2.0 einops==0.7.0 pandas==2.1.1 scipy==1.11.3
0.595 Using pip 25.0.1 from /opt/venv/lib/python3.12/site-packages/pip (python 3.12)
0.898 DEPRECATION: Loading egg at /usr/local/lib/python3.12/dist-packages/looseversion-1.3.0-py3.12.egg is deprecated. pip 25.1 will enforce this behaviour change. A possible replacement is to use pip for package installation. Discussion can be found at https://github.com/pypa/pip/issues/12330
0.899 DEPRECATION: Loading egg at /usr/local/lib/python3.12/dist-packages/dill-0.3.9-py3.12.egg is deprecated. pip 25.1 will enforce this behaviour change. A possible replacement is to use pip for package installation. Discussion can be found at https://github.com/pypa/pip/issues/12330
0.899 DEPRECATION: Loading egg at /usr/local/lib/python3.12/dist-packages/lightning_utilities-0.14.0-py3.12.egg is deprecated. pip 25.1 will enforce this behaviour change. A possible replacement is to use pip for package installation. Discussion can be found at https://github.com/pypa/pip/issues/12330
0.900 DEPRECATION: Loading egg at /usr/local/lib/python3.12/dist-packages/lightning_thunder-0.2.2.dev0-py3.12.egg is deprecated. pip 25.1 will enforce this behaviour change. A possible replacement is to use pip for package installation. Discussion can be found at https://github.com/pypa/pip/issues/12330
0.900 DEPRECATION: Loading egg at /usr/local/lib/python3.12/dist-packages/opt_einsum-3.4.0-py3.12.egg is deprecated. pip 25.1 will enforce this behaviour change. A possible replacement is to use pip for package installation. Discussion can be found at https://github.com/pypa/pip/issues/12330
0.901 DEPRECATION: Loading egg at /usr/local/lib/python3.12/dist-packages/nvfuser-0.2.26a0+c5e1555-py3.12-linux-aarch64.egg is deprecated. pip 25.1 will enforce this behaviour change. A possible replacement is to use pip for package installation. Discussion can be found at https://github.com/pypa/pip/issues/12330
0.922 Requirement already satisfied: diffusers==0.24.0 in /opt/venv/lib/python3.12/site-packages (0.24.0)
1.340 Collecting openai-clip
1.542   Downloading openai-clip-1.0.1.tar.gz (1.4 MB)
1.605      ━━━━━━━━━━━━━━━━━━━━━━━━━━━━━━━━━━━━━━━━ 1.4/1.4 MB 51.1 MB/s eta 0:00:00
1.637   Preparing metadata (setup.py): started
1.637   Running command python setup.py egg_info
2.146   running egg_info
2.182   creating /tmp/pip-pip-egg-info-_5i3vfv7/openai_clip.egg-info
2.182   writing /tmp/pip-pip-egg-info-_5i3vfv7/openai_clip.egg-info/PKG-INFO
2.183   writing dependency_links to /tmp/pip-pip-egg-info-_5i3vfv7/openai_clip.egg-info/dependency_links.txt
2.184   writing requirements to /tmp/pip-pip-egg-info-_5i3vfv7/openai_clip.egg-info/requires.txt
2.184   writing top-level names to /tmp/pip-pip-egg-info-_5i3vfv7/openai_clip.egg-info/top_level.txt
2.184   writing manifest file '/tmp/pip-pip-egg-info-_5i3vfv7/openai_clip.egg-info/SOURCES.txt'
2.294   reading manifest file '/tmp/pip-pip-egg-info-_5i3vfv7/openai_clip.egg-info/SOURCES.txt'
2.294   reading manifest template 'MANIFEST.in'
2.296   writing manifest file '/tmp/pip-pip-egg-info-_5i3vfv7/openai_clip.egg-info/SOURCES.txt'
2.361   Preparing metadata (setup.py): finished with status 'done'
2.390 Collecting kornia==0.7.0
2.391   Obtaining dependency information for kornia==0.7.0 from https://files.pythonhosted.org/packages/55/da/72cb83aa364ebb4d0109965e20c5d33d7063ccab15332c3fd0acfd5609c9/kornia-0.7.0-py2.py3-none-any.whl.metadata
2.400   Downloading kornia-0.7.0-py2.py3-none-any.whl.metadata (12 kB)
2.675 Collecting taming-transformers==0.0.1
2.676   Obtaining dependency information for taming-transformers==0.0.1 from https://files.pythonhosted.org/packages/8a/c2/ae7227e4b089c6a8210920db9d5ac59186b0a84eb1e6d96b9218916cdaf1/taming_transformers-0.0.1-py3-none-any.whl.metadata
2.683   Downloading taming_transformers-0.0.1-py3-none-any.whl.metadata (499 bytes)
2.702 Collecting invisible-watermark==0.2.0
2.703   Obtaining dependency information for invisible-watermark==0.2.0 from https://files.pythonhosted.org/packages/2b/57/18b5a914f6d7994dd349252873169e946dc824328e9a37fd15ed836deedc/invisible_watermark-0.2.0-py3-none-any.whl.metadata
2.711   Downloading invisible_watermark-0.2.0-py3-none-any.whl.metadata (8.2 kB)
2.735 Collecting einops==0.7.0
2.735   Obtaining dependency information for einops==0.7.0 from https://files.pythonhosted.org/packages/29/0b/2d1c0ebfd092e25935b86509a9a817159212d82aa43d7fb07eca4eeff2c2/einops-0.7.0-py3-none-any.whl.metadata
2.743   Downloading einops-0.7.0-py3-none-any.whl.metadata (13 kB)
2.922 Collecting pandas==2.1.1
2.923   Obtaining dependency information for pandas==2.1.1 from https://files.pythonhosted.org/packages/8e/2d/d6723a2639310abcadb91233ea13428768865ff9f61fb8cf2ee42ed568f8/pandas-2.1.1-cp312-cp312-manylinux_2_17_aarch64.manylinux2014_aarch64.whl.metadata
2.930   Downloading pandas-2.1.1-cp312-cp312-manylinux_2_17_aarch64.manylinux2014_aarch64.whl.metadata (18 kB)
3.050   Link requires a different Python (3.12.3 not in: '>=3.7,<3.10'): https://files.pythonhosted.org/packages/99/f1/c00d6be56e1a718a3068079e3ec8ce044d7179345280f6a3f5066068af0d/scipy-1.6.2.tar.gz (from https://pypi.org/simple/scipy/) (requires-python:>=3.7,<3.10)
3.050   Link requires a different Python (3.12.3 not in: '>=3.7,<3.10'): https://files.pythonhosted.org/packages/fe/fd/8704c7b7b34cdac850485e638346025ca57c5a859934b9aa1be5399b33b7/scipy-1.6.3.tar.gz (from https://pypi.org/simple/scipy/) (requires-python:>=3.7,<3.10)
3.051   Link requires a different Python (3.12.3 not in: '>=3.7,<3.10'): https://files.pythonhosted.org/packages/bb/bb/944f559d554df6c9adf037aa9fc982a9706ee0e96c0d5beac701cb158900/scipy-1.7.0.tar.gz (from https://pypi.org/simple/scipy/) (requires-python:>=3.7,<3.10)
3.051   Link requires a different Python (3.12.3 not in: '>=3.7,<3.10'): https://files.pythonhosted.org/packages/47/33/a24aec22b7be7fdb10ec117a95e1e4099890d8bbc6646902f443fc7719d1/scipy-1.7.1.tar.gz (from https://pypi.org/simple/scipy/) (requires-python:>=3.7,<3.10)
3.052   Link requires a different Python (3.12.3 not in: '>=3.7,<3.11'): https://files.pythonhosted.org/packages/0e/23/58c4f995475a2a97cb5f4a032aedaf881ad87cd976a7180c55118d105a1d/scipy-1.7.2.tar.gz (from https://pypi.org/simple/scipy/) (requires-python:>=3.7,<3.11)
3.053   Link requires a different Python (3.12.3 not in: '>=3.7,<3.11'): https://files.pythonhosted.org/packages/61/67/1a654b96309c991762ee9bc39c363fc618076b155fe52d295211cf2536c7/scipy-1.7.3.tar.gz (from https://pypi.org/simple/scipy/) (requires-python:>=3.7,<3.11)
3.054   Link requires a different Python (3.12.3 not in: '>=3.8,<3.11'): https://files.pythonhosted.org/packages/c0/ad/e3c052ed4e0027a8abef0a5e8441a044427d252d17d9aee06d56e62fc698/scipy-1.8.0rc1.tar.gz (from https://pypi.org/simple/scipy/) (requires-python:>=3.8,<3.11)
3.055   Link requires a different Python (3.12.3 not in: '>=3.8,<3.11'): https://files.pythonhosted.org/packages/29/d2/151a54944b333e465f98804dced31dab1284f3c37b752b9cefa710b64681/scipy-1.8.0rc2.tar.gz (from https://pypi.org/simple/scipy/) (requires-python:>=3.8,<3.11)
3.056   Link requires a different Python (3.12.3 not in: '>=3.8,<3.11'): https://files.pythonhosted.org/packages/e4/26/83dd1c6378513a6241d984bda9f08c512b6e35fff13fba3acc1b3c195f02/scipy-1.8.0rc3.tar.gz (from https://pypi.org/simple/scipy/) (requires-python:>=3.8,<3.11)
3.056   Link requires a different Python (3.12.3 not in: '>=3.8,<3.11'): https://files.pythonhosted.org/packages/22/78/056cc43e7737811b6f50886788a940f852773dd9804f5365952805db9648/scipy-1.8.0rc4.tar.gz (from https://pypi.org/simple/scipy/) (requires-python:>=3.8,<3.11)
3.057   Link requires a different Python (3.12.3 not in: '>=3.8,<3.11'): https://files.pythonhosted.org/packages/b4/a2/4faa34bf0cdbefd5c706625f1234987795f368eb4e97bde9d6f46860843e/scipy-1.8.0.tar.gz (from https://pypi.org/simple/scipy/) (requires-python:>=3.8,<3.11)
3.058   Link requires a different Python (3.12.3 not in: '>=3.8,<3.11'): https://files.pythonhosted.org/packages/26/b5/9330f004b9a3b2b6a31f59f46f1617ce9ca15c0e7fe64288c20385a05c9d/scipy-1.8.1.tar.gz (from https://pypi.org/simple/scipy/) (requires-python:>=3.8,<3.11)
3.059   Link requires a different Python (3.12.3 not in: '>=3.8,<3.12'): https://files.pythonhosted.org/packages/87/82/8b9bf8bb8030f1eef281ad2af87cc648e06e4a4974c2b9201a57d991b12c/scipy-1.9.0rc1.tar.gz (from https://pypi.org/simple/scipy/) (requires-python:>=3.8,<3.12)
3.060   Link requires a different Python (3.12.3 not in: '>=3.8,<3.12'): https://files.pythonhosted.org/packages/5a/87/27f9ee75c32138d6eaabff2b91744c97a3fdbbbdd78948372dac93e0079f/scipy-1.9.0rc2.tar.gz (from https://pypi.org/simple/scipy/) (requires-python:>=3.8,<3.12)
3.060   Link requires a different Python (3.12.3 not in: '>=3.8,<3.12'): https://files.pythonhosted.org/packages/57/72/484c38e5b814b48b41ac6432ef69077f2e7c8094925d3ce17bc3d61359b0/scipy-1.9.0rc3.tar.gz (from https://pypi.org/simple/scipy/) (requires-python:>=3.8,<3.12)
3.061   Link requires a different Python (3.12.3 not in: '>=3.8,<3.12'): https://files.pythonhosted.org/packages/a8/e3/4ec401f609d34162b7023a09165da491630879e4cfa2336667fe2102cd06/scipy-1.9.0.tar.gz (from https://pypi.org/simple/scipy/) (requires-python:>=3.8,<3.12)
3.062   Link requires a different Python (3.12.3 not in: '>=3.8,<3.12'): https://files.pythonhosted.org/packages/db/af/16906139f52bc6866c43401869ce247662739ad71afa11c6f18505eb0546/scipy-1.9.1.tar.gz (from https://pypi.org/simple/scipy/) (requires-python:>=3.8,<3.12)
3.063   Link requires a different Python (3.12.3 not in: '<3.12,>=3.8'): https://files.pythonhosted.org/packages/a2/ce/2592c3b550cf8f68879d4ff2159f3c689ee6f032f8fc9059022074f7bd75/scipy-1.10.0rc1.tar.gz (from https://pypi.org/simple/scipy/) (requires-python:<3.12,>=3.8)
3.064   Link requires a different Python (3.12.3 not in: '<3.12,>=3.8'): https://files.pythonhosted.org/packages/6b/a3/7de758a32569e06877a6b298bdf7b529ce97a33c55deb2b1637b0162fd9d/scipy-1.10.0rc2.tar.gz (from https://pypi.org/simple/scipy/) (requires-python:<3.12,>=3.8)
3.065   Link requires a different Python (3.12.3 not in: '<3.12,>=3.8'): https://files.pythonhosted.org/packages/d6/bd/2d13a273d95f7b7d9903c906c486040b0aebb85e008f93a5dd0891f21f1f/scipy-1.10.0.tar.gz (from https://pypi.org/simple/scipy/) (requires-python:<3.12,>=3.8)
3.065   Link requires a different Python (3.12.3 not in: '<3.12,>=3.8'): https://files.pythonhosted.org/packages/84/a9/2bf119f3f9cff1f376f924e39cfae18dec92a1514784046d185731301281/scipy-1.10.1.tar.gz (from https://pypi.org/simple/scipy/) (requires-python:<3.12,>=3.8)
3.082 Collecting scipy==1.11.3
3.082   Obtaining dependency information for scipy==1.11.3 from https://files.pythonhosted.org/packages/85/61/0b1298353028ae5080674a02a44ea2514decb7c87664007cd1e0c4822522/scipy-1.11.3-cp312-cp312-manylinux_2_17_aarch64.manylinux2014_aarch64.whl.metadata
3.341   Downloading scipy-1.11.3-cp312-cp312-manylinux_2_17_aarch64.manylinux2014_aarch64.whl.metadata (112 kB)
3.392 Requirement already satisfied: Pillow in /usr/local/lib/python3.12/dist-packages (from diffusers==0.24.0) (11.1.0)
3.393 Requirement already satisfied: filelock in /usr/local/lib/python3.12/dist-packages (from diffusers==0.24.0) (3.17.0)
3.393 Requirement already satisfied: huggingface-hub>=0.19.4 in /opt/venv/lib/python3.12/site-packages (from diffusers==0.24.0) (0.30.2)
3.394 Requirement already satisfied: importlib-metadata in /usr/local/lib/python3.12/dist-packages/setuptools/_vendor (from diffusers==0.24.0) (8.0.0)
3.395 Requirement already satisfied: numpy in /usr/local/lib/python3.12/dist-packages (from diffusers==0.24.0) (1.26.4)
3.395 Requirement already satisfied: regex!=2019.12.17 in /usr/local/lib/python3.12/dist-packages (from diffusers==0.24.0) (2024.11.6)
3.396 Requirement already satisfied: requests in /usr/local/lib/python3.12/dist-packages (from diffusers==0.24.0) (2.32.3)
3.397 Requirement already satisfied: safetensors>=0.3.1 in /usr/local/lib/python3.12/dist-packages (from diffusers==0.24.0) (0.5.3)
3.399 Requirement already satisfied: packaging in /usr/local/lib/python3.12/dist-packages (from kornia==0.7.0) (24.2)
3.399 Requirement already satisfied: torch>=1.9.1 in /usr/local/lib/python3.12/dist-packages (from kornia==0.7.0) (2.7.0a0+7c8ec84dab.nv25.3)
3.402 Requirement already satisfied: torchvision in /usr/local/lib/python3.12/dist-packages (from taming-transformers==0.0.1) (0.22.0a0)
3.402 Requirement already satisfied: tqdm in /usr/local/lib/python3.12/dist-packages (from taming-transformers==0.0.1) (4.67.1)
3.435 Collecting omegaconf>=2.0.0 (from taming-transformers==0.0.1)
3.435   Obtaining dependency information for omegaconf>=2.0.0 from https://files.pythonhosted.org/packages/e3/94/1843518e420fa3ed6919835845df698c7e27e183cb997394e4a670973a65/omegaconf-2.3.0-py3-none-any.whl.metadata
3.440   Downloading omegaconf-2.3.0-py3-none-any.whl.metadata (3.9 kB)
3.492 Collecting pytorch-lightning>=1.0.8 (from taming-transformers==0.0.1)
3.493   Obtaining dependency information for pytorch-lightning>=1.0.8 from https://files.pythonhosted.org/packages/82/ff/5701f79317a1a03e5ee8a1bf48e7273a8445162a2774e51fc06411a67c89/pytorch_lightning-2.5.1-py3-none-any.whl.metadata
3.500   Downloading pytorch_lightning-2.5.1-py3-none-any.whl.metadata (20 kB)
3.562 Collecting PyWavelets>=1.1.1 (from invisible-watermark==0.2.0)
3.563   Obtaining dependency information for PyWavelets>=1.1.1 from https://files.pythonhosted.org/packages/63/1c/42e5130226538c70d4bbbaee00eb1bc06ec3287f7ea43d5fcf85bfc761ce/pywavelets-1.8.0-cp312-cp312-manylinux_2_17_aarch64.manylinux2014_aarch64.whl.metadata
3.569   Downloading pywavelets-1.8.0-cp312-cp312-manylinux_2_17_aarch64.manylinux2014_aarch64.whl.metadata (9.0 kB)
3.650 Collecting opencv-python>=4.1.0.25 (from invisible-watermark==0.2.0)
3.650   Obtaining dependency information for opencv-python>=4.1.0.25 from https://files.pythonhosted.org/packages/f3/bd/29c126788da65c1fb2b5fb621b7fed0ed5f9122aa22a0868c5e2c15c6d23/opencv_python-4.11.0.86-cp37-abi3-manylinux_2_17_aarch64.manylinux2014_aarch64.whl.metadata
3.657   Downloading opencv_python-4.11.0.86-cp37-abi3-manylinux_2_17_aarch64.manylinux2014_aarch64.whl.metadata (20 kB)
3.669 Requirement already satisfied: python-dateutil>=2.8.2 in /usr/local/lib/python3.12/dist-packages (from pandas==2.1.1) (2.9.0.post0)
3.714 Collecting pytz>=2020.1 (from pandas==2.1.1)
3.714   Obtaining dependency information for pytz>=2020.1 from https://files.pythonhosted.org/packages/81/c4/34e93fe5f5429d7570ec1fa436f1986fb1f00c3e0f43a589fe2bbcd22c3f/pytz-2025.2-py2.py3-none-any.whl.metadata
3.720   Downloading pytz-2025.2-py2.py3-none-any.whl.metadata (22 kB)
3.738 Collecting tzdata>=2022.1 (from pandas==2.1.1)
3.739   Obtaining dependency information for tzdata>=2022.1 from https://files.pythonhosted.org/packages/5c/23/c7abc0ca0a1526a0774eca151daeb8de62ec457e77262b66b359c3c7679e/tzdata-2025.2-py2.py3-none-any.whl.metadata
3.743   Downloading tzdata-2025.2-py2.py3-none-any.whl.metadata (1.4 kB)
3.764 Collecting ftfy (from openai-clip)
3.764   Obtaining dependency information for ftfy from https://files.pythonhosted.org/packages/ab/6e/81d47999aebc1b155f81eca4477a616a70f238a2549848c38983f3c22a82/ftfy-6.3.1-py3-none-any.whl.metadata
3.770   Downloading ftfy-6.3.1-py3-none-any.whl.metadata (7.3 kB)
3.790 Requirement already satisfied: fsspec>=2023.5.0 in /usr/local/lib/python3.12/dist-packages (from huggingface-hub>=0.19.4->diffusers==0.24.0) (2025.3.0)
3.791 Requirement already satisfied: pyyaml>=5.1 in /usr/local/lib/python3.12/dist-packages (from huggingface-hub>=0.19.4->diffusers==0.24.0) (6.0.2)
3.792 Requirement already satisfied: typing-extensions>=3.7.4.3 in /usr/local/lib/python3.12/dist-packages (from huggingface-hub>=0.19.4->diffusers==0.24.0) (4.12.2)
3.811 Collecting antlr4-python3-runtime==4.9.* (from omegaconf>=2.0.0->taming-transformers==0.0.1)
3.816   Downloading antlr4-python3-runtime-4.9.3.tar.gz (117 kB)
3.858   Preparing metadata (setup.py): started
3.858   Running command python setup.py egg_info
4.351   running egg_info
4.387   creating /tmp/pip-pip-egg-info-b5ponhne/antlr4_python3_runtime.egg-info
4.387   writing /tmp/pip-pip-egg-info-b5ponhne/antlr4_python3_runtime.egg-info/PKG-INFO
4.388   writing dependency_links to /tmp/pip-pip-egg-info-b5ponhne/antlr4_python3_runtime.egg-info/dependency_links.txt
4.388   writing requirements to /tmp/pip-pip-egg-info-b5ponhne/antlr4_python3_runtime.egg-info/requires.txt
4.388   writing top-level names to /tmp/pip-pip-egg-info-b5ponhne/antlr4_python3_runtime.egg-info/top_level.txt
4.389   writing manifest file '/tmp/pip-pip-egg-info-b5ponhne/antlr4_python3_runtime.egg-info/SOURCES.txt'
4.534   reading manifest file '/tmp/pip-pip-egg-info-b5ponhne/antlr4_python3_runtime.egg-info/SOURCES.txt'
4.534   reading manifest template 'MANIFEST.in'
4.534   warning: no files found matching '*.py' under directory 'test'
4.535   warning: no files found matching '*.c' under directory 'test'
4.536   writing manifest file '/tmp/pip-pip-egg-info-b5ponhne/antlr4_python3_runtime.egg-info/SOURCES.txt'
4.601   Preparing metadata (setup.py): finished with status 'done'
4.629 Requirement already satisfied: six>=1.5 in /usr/local/lib/python3.12/dist-packages (from python-dateutil>=2.8.2->pandas==2.1.1) (1.16.0)
4.673 Collecting torchmetrics>=0.7.0 (from pytorch-lightning>=1.0.8->taming-transformers==0.0.1)
4.674   Obtaining dependency information for torchmetrics>=0.7.0 from https://files.pythonhosted.org/packages/e0/ee/4d0a7213a6f412afb3483031009a3b970dd7bed3be24de95ab04fba1c05a/torchmetrics-1.7.1-py3-none-any.whl.metadata
4.682   Downloading torchmetrics-1.7.1-py3-none-any.whl.metadata (21 kB)
4.741 Requirement already satisfied: lightning-utilities>=0.10.0 in /usr/local/lib/python3.12/dist-packages/lightning_utilities-0.14.0-py3.12.egg (from pytorch-lightning>=1.0.8->taming-transformers==0.0.1) (0.14.0)
4.760 Requirement already satisfied: networkx in /usr/local/lib/python3.12/dist-packages (from torch>=1.9.1->kornia==0.7.0) (3.4.2)
4.760 Requirement already satisfied: jinja2 in /usr/local/lib/python3.12/dist-packages (from torch>=1.9.1->kornia==0.7.0) (3.1.6)
4.761 Requirement already satisfied: setuptools in /opt/venv/lib/python3.12/site-packages (from torch>=1.9.1->kornia==0.7.0) (78.1.0)
4.762 Requirement already satisfied: sympy==1.13.1 in /usr/local/lib/python3.12/dist-packages (from torch>=1.9.1->kornia==0.7.0) (1.13.1)
4.766 Requirement already satisfied: mpmath<1.4,>=1.1.0 in /usr/local/lib/python3.12/dist-packages (from sympy==1.13.1->torch>=1.9.1->kornia==0.7.0) (1.3.0)
4.779 Requirement already satisfied: wcwidth in /usr/local/lib/python3.12/dist-packages (from ftfy->openai-clip) (0.2.13)
4.785 Requirement already satisfied: zipp>=0.5 in /usr/local/lib/python3.12/dist-packages/setuptools/_vendor (from importlib-metadata->diffusers==0.24.0) (3.19.2)
4.790 Requirement already satisfied: charset-normalizer<4,>=2 in /usr/local/lib/python3.12/dist-packages (from requests->diffusers==0.24.0) (3.4.1)
4.791 Requirement already satisfied: idna<4,>=2.5 in /usr/local/lib/python3.12/dist-packages (from requests->diffusers==0.24.0) (3.10)
4.791 Requirement already satisfied: urllib3<3,>=1.21.1 in /usr/local/lib/python3.12/dist-packages (from requests->diffusers==0.24.0) (2.3.0)
4.792 Requirement already satisfied: certifi>=2017.4.17 in /usr/local/lib/python3.12/dist-packages (from requests->diffusers==0.24.0) (2025.1.31)
5.312 Collecting aiohttp!=4.0.0a0,!=4.0.0a1 (from fsspec[http]>=2022.5.0->pytorch-lightning>=1.0.8->taming-transformers==0.0.1)
5.312   Obtaining dependency information for aiohttp!=4.0.0a0,!=4.0.0a1 from https://files.pythonhosted.org/packages/80/ad/216c6f71bdff2becce6c8776f0aa32cb0fa5d83008d13b49c3208d2e4016/aiohttp-3.11.16-cp312-cp312-manylinux_2_17_aarch64.manylinux2014_aarch64.whl.metadata
5.319   Downloading aiohttp-3.11.16-cp312-cp312-manylinux_2_17_aarch64.manylinux2014_aarch64.whl.metadata (7.7 kB)
5.373 Requirement already satisfied: MarkupSafe>=2.0 in /usr/local/lib/python3.12/dist-packages (from jinja2->torch>=1.9.1->kornia==0.7.0) (3.0.2)
5.431 Collecting aiohappyeyeballs>=2.3.0 (from aiohttp!=4.0.0a0,!=4.0.0a1->fsspec[http]>=2022.5.0->pytorch-lightning>=1.0.8->taming-transformers==0.0.1)
5.432   Obtaining dependency information for aiohappyeyeballs>=2.3.0 from https://files.pythonhosted.org/packages/0f/15/5bf3b99495fb160b63f95972b81750f18f7f4e02ad051373b669d17d44f2/aiohappyeyeballs-2.6.1-py3-none-any.whl.metadata
5.436   Downloading aiohappyeyeballs-2.6.1-py3-none-any.whl.metadata (5.9 kB)
5.448 Collecting aiosignal>=1.1.2 (from aiohttp!=4.0.0a0,!=4.0.0a1->fsspec[http]>=2022.5.0->pytorch-lightning>=1.0.8->taming-transformers==0.0.1)
5.448   Obtaining dependency information for aiosignal>=1.1.2 from https://files.pythonhosted.org/packages/ec/6a/bc7e17a3e87a2985d3e8f4da4cd0f481060eb78fb08596c42be62c90a4d9/aiosignal-1.3.2-py2.py3-none-any.whl.metadata
5.454   Downloading aiosignal-1.3.2-py2.py3-none-any.whl.metadata (3.8 kB)
5.457 Requirement already satisfied: attrs>=17.3.0 in /usr/local/lib/python3.12/dist-packages (from aiohttp!=4.0.0a0,!=4.0.0a1->fsspec[http]>=2022.5.0->pytorch-lightning>=1.0.8->taming-transformers==0.0.1) (25.1.0)
5.512 Collecting frozenlist>=1.1.1 (from aiohttp!=4.0.0a0,!=4.0.0a1->fsspec[http]>=2022.5.0->pytorch-lightning>=1.0.8->taming-transformers==0.0.1)
5.512   Obtaining dependency information for frozenlist>=1.1.1 from https://files.pythonhosted.org/packages/d0/31/9e61c6b5fc493cf24d54881731204d27105234d09878be1a5983182cc4a5/frozenlist-1.6.0-cp312-cp312-manylinux_2_17_aarch64.manylinux2014_aarch64.whl.metadata
5.521   Downloading frozenlist-1.6.0-cp312-cp312-manylinux_2_17_aarch64.manylinux2014_aarch64.whl.metadata (16 kB)
5.732 Collecting multidict<7.0,>=4.5 (from aiohttp!=4.0.0a0,!=4.0.0a1->fsspec[http]>=2022.5.0->pytorch-lightning>=1.0.8->taming-transformers==0.0.1)
5.732   Obtaining dependency information for multidict<7.0,>=4.5 from https://files.pythonhosted.org/packages/60/23/79bc78146c7ac8d1ac766b2770ca2e07c2816058b8a3d5da6caed8148637/multidict-6.4.3-cp312-cp312-manylinux_2_17_aarch64.manylinux2014_aarch64.whl.metadata
5.739   Downloading multidict-6.4.3-cp312-cp312-manylinux_2_17_aarch64.manylinux2014_aarch64.whl.metadata (5.3 kB)
5.783 Collecting propcache>=0.2.0 (from aiohttp!=4.0.0a0,!=4.0.0a1->fsspec[http]>=2022.5.0->pytorch-lightning>=1.0.8->taming-transformers==0.0.1)
5.783   Obtaining dependency information for propcache>=0.2.0 from https://files.pythonhosted.org/packages/d4/b0/911eda0865f90c0c7e9f0415d40a5bf681204da5fd7ca089361a64c16b28/propcache-0.3.1-cp312-cp312-manylinux_2_17_aarch64.manylinux2014_aarch64.whl.metadata
5.789   Downloading propcache-0.3.1-cp312-cp312-manylinux_2_17_aarch64.manylinux2014_aarch64.whl.metadata (10 kB)
6.062 Collecting yarl<2.0,>=1.17.0 (from aiohttp!=4.0.0a0,!=4.0.0a1->fsspec[http]>=2022.5.0->pytorch-lightning>=1.0.8->taming-transformers==0.0.1)
6.063   Obtaining dependency information for yarl<2.0,>=1.17.0 from https://files.pythonhosted.org/packages/2d/4e/929633b249611eeed04e2f861a14ed001acca3ef9ec2a984a757b1515889/yarl-1.20.0-cp312-cp312-manylinux_2_17_aarch64.manylinux2014_aarch64.whl.metadata
6.068   Downloading yarl-1.20.0-cp312-cp312-manylinux_2_17_aarch64.manylinux2014_aarch64.whl.metadata (72 kB)
6.156 Downloading kornia-0.7.0-py2.py3-none-any.whl (705 kB)
6.167    ━━━━━━━━━━━━━━━━━━━━━━━━━━━━━━━━━━━━━━━━ 705.7/705.7 kB 83.7 MB/s eta 0:00:00
6.174 Downloading taming_transformers-0.0.1-py3-none-any.whl (45 kB)
6.180 Downloading invisible_watermark-0.2.0-py3-none-any.whl (1.6 MB)
6.198    ━━━━━━━━━━━━━━━━━━━━━━━━━━━━━━━━━━━━━━━━ 1.6/1.6 MB 107.4 MB/s eta 0:00:00
6.204 Downloading einops-0.7.0-py3-none-any.whl (44 kB)
6.210 Downloading pandas-2.1.1-cp312-cp312-manylinux_2_17_aarch64.manylinux2014_aarch64.whl (14.2 MB)
6.335    ━━━━━━━━━━━━━━━━━━━━━━━━━━━━━━━━━━━━━━━━ 14.2/14.2 MB 116.3 MB/s eta 0:00:00
6.342 Downloading scipy-1.11.3-cp312-cp312-manylinux_2_17_aarch64.manylinux2014_aarch64.whl (32.2 MB)
8.226    ━━━━━━━━━━━━━━━━━━━━━━━━━━━━━━━━━━━━━━━━ 32.2/32.2 MB 17.1 MB/s eta 0:00:00
8.234 Downloading omegaconf-2.3.0-py3-none-any.whl (79 kB)
8.243 Downloading opencv_python-4.11.0.86-cp37-abi3-manylinux_2_17_aarch64.manylinux2014_aarch64.whl (42.2 MB)
8.604    ━━━━━━━━━━━━━━━━━━━━━━━━━━━━━━━━━━━━━━━━ 42.2/42.2 MB 119.6 MB/s eta 0:00:00
8.612 Downloading pytorch_lightning-2.5.1-py3-none-any.whl (822 kB)
8.621    ━━━━━━━━━━━━━━━━━━━━━━━━━━━━━━━━━━━━━━━ 823.0/823.0 kB 217.0 MB/s eta 0:00:00
8.627 Downloading pytz-2025.2-py2.py3-none-any.whl (509 kB)
8.636 Downloading pywavelets-1.8.0-cp312-cp312-manylinux_2_17_aarch64.manylinux2014_aarch64.whl (4.4 MB)
8.676    ━━━━━━━━━━━━━━━━━━━━━━━━━━━━━━━━━━━━━━━━ 4.4/4.4 MB 124.9 MB/s eta 0:00:00
8.683 Downloading tzdata-2025.2-py2.py3-none-any.whl (347 kB)
8.690 Downloading ftfy-6.3.1-py3-none-any.whl (44 kB)
8.695 Downloading torchmetrics-1.7.1-py3-none-any.whl (961 kB)
8.705    ━━━━━━━━━━━━━━━━━━━━━━━━━━━━━━━━━━━━━━━ 961.5/961.5 kB 138.1 MB/s eta 0:00:00
8.713 Downloading aiohttp-3.11.16-cp312-cp312-manylinux_2_17_aarch64.manylinux2014_aarch64.whl (1.7 MB)
8.729    ━━━━━━━━━━━━━━━━━━━━━━━━━━━━━━━━━━━━━━━━ 1.7/1.7 MB 134.5 MB/s eta 0:00:00
8.736 Downloading aiohappyeyeballs-2.6.1-py3-none-any.whl (15 kB)
8.741 Downloading aiosignal-1.3.2-py2.py3-none-any.whl (7.6 kB)
8.748 Downloading frozenlist-1.6.0-cp312-cp312-manylinux_2_17_aarch64.manylinux2014_aarch64.whl (316 kB)
8.756 Downloading multidict-6.4.3-cp312-cp312-manylinux_2_17_aarch64.manylinux2014_aarch64.whl (224 kB)
8.763 Downloading propcache-0.3.1-cp312-cp312-manylinux_2_17_aarch64.manylinux2014_aarch64.whl (243 kB)
8.771 Downloading yarl-1.20.0-cp312-cp312-manylinux_2_17_aarch64.manylinux2014_aarch64.whl (343 kB)
8.970 Building wheels for collected packages: openai-clip, antlr4-python3-runtime
8.971   Building wheel for openai-clip (setup.py): started
8.971   Running command python setup.py bdist_wheel
9.436   running bdist_wheel
9.616   running build
9.617   running build_py
9.654   creating build/lib/clip
9.655   copying clip/clip.py -> build/lib/clip
9.656   copying clip/model.py -> build/lib/clip
9.656   copying clip/simple_tokenizer.py -> build/lib/clip
9.657   copying clip/__init__.py -> build/lib/clip
9.657   running egg_info
9.692   writing openai_clip.egg-info/PKG-INFO
9.694   writing dependency_links to openai_clip.egg-info/dependency_links.txt
9.694   writing requirements to openai_clip.egg-info/requires.txt
9.694   writing top-level names to openai_clip.egg-info/top_level.txt
9.732   reading manifest file 'openai_clip.egg-info/SOURCES.txt'
9.732   reading manifest template 'MANIFEST.in'
9.734   writing manifest file 'openai_clip.egg-info/SOURCES.txt'
9.735   copying clip/bpe_simple_vocab_16e6.txt.gz -> build/lib/clip
9.774   /opt/venv/lib/python3.12/site-packages/setuptools/_distutils/cmd.py:90: SetuptoolsDeprecationWarning: setup.py install is deprecated.
9.775   !!
9.776 
9.776           ********************************************************************************
9.777           Please avoid running ``setup.py`` directly.
9.778           Instead, use pypa/build, pypa/installer or other
9.778           standards-based tools.
9.778 
9.779           See https://blog.ganssle.io/articles/2021/10/setup-py-deprecated.html for details.
9.779           ********************************************************************************
9.780 
9.780   !!
9.780     self.initialize_options()
9.810   installing to build/bdist.linux-aarch64/wheel
9.810   running install
9.820   running install_lib
9.856   creating build/bdist.linux-aarch64/wheel
9.856   creating build/bdist.linux-aarch64/wheel/clip
9.857   copying build/lib/clip/clip.py -> build/bdist.linux-aarch64/wheel/./clip
9.857   copying build/lib/clip/model.py -> build/bdist.linux-aarch64/wheel/./clip
9.857   copying build/lib/clip/simple_tokenizer.py -> build/bdist.linux-aarch64/wheel/./clip
9.858   copying build/lib/clip/__init__.py -> build/bdist.linux-aarch64/wheel/./clip
9.858   copying build/lib/clip/bpe_simple_vocab_16e6.txt.gz -> build/bdist.linux-aarch64/wheel/./clip
9.861   running install_egg_info
9.898   Copying openai_clip.egg-info to build/bdist.linux-aarch64/wheel/./openai_clip-1.0.1-py3.12.egg-info
9.900   running install_scripts
9.901   creating build/bdist.linux-aarch64/wheel/openai_clip-1.0.1.dist-info/WHEEL
9.902   creating '/tmp/pip-wheel-iagxajww/openai_clip-1.0.1-py3-none-any.whl' and adding 'build/bdist.linux-aarch64/wheel' to it
9.903   adding 'clip/__init__.py'
9.958   adding 'clip/bpe_simple_vocab_16e6.txt.gz'
9.960   adding 'clip/clip.py'
9.961   adding 'clip/model.py'
9.962   adding 'clip/simple_tokenizer.py'
9.965   adding 'openai_clip-1.0.1.dist-info/METADATA'
9.966   adding 'openai_clip-1.0.1.dist-info/WHEEL'
9.966   adding 'openai_clip-1.0.1.dist-info/top_level.txt'
9.966   adding 'openai_clip-1.0.1.dist-info/RECORD'
9.967   removing build/bdist.linux-aarch64/wheel
10.03   Building wheel for openai-clip (setup.py): finished with status 'done'
10.03   Created wheel for openai-clip: filename=openai_clip-1.0.1-py3-none-any.whl size=1368628 sha256=c795e8693062df19367afc7b166efbc2ce35a3ca92b1b20a7c7a033f117b756d
10.03   Stored in directory: /tmp/pip-ephem-wheel-cache-o2hp4idr/wheels/ab/49/bc/c2342e8e14878210ba4825cf314a53f2570f6fb18b91fce3cf
10.04   Building wheel for antlr4-python3-runtime (setup.py): started
10.04   Running command python setup.py bdist_wheel
10.51   running bdist_wheel
10.68   running build
10.68   running build_py
10.72   creating build/lib/antlr4
10.72   copying src/antlr4/ParserInterpreter.py -> build/lib/antlr4
10.73   copying src/antlr4/Token.py -> build/lib/antlr4
10.73   copying src/antlr4/FileStream.py -> build/lib/antlr4
10.73   copying src/antlr4/PredictionContext.py -> build/lib/antlr4
10.73   copying src/antlr4/Lexer.py -> build/lib/antlr4
10.73   copying src/antlr4/RuleContext.py -> build/lib/antlr4
10.73   copying src/antlr4/Parser.py -> build/lib/antlr4
10.73   copying src/antlr4/CommonTokenFactory.py -> build/lib/antlr4
10.73   copying src/antlr4/StdinStream.py -> build/lib/antlr4
10.73   copying src/antlr4/InputStream.py -> build/lib/antlr4
10.73   copying src/antlr4/BufferedTokenStream.py -> build/lib/antlr4
10.73   copying src/antlr4/TokenStreamRewriter.py -> build/lib/antlr4
10.73   copying src/antlr4/Utils.py -> build/lib/antlr4
10.73   copying src/antlr4/ListTokenSource.py -> build/lib/antlr4
10.73   copying src/antlr4/CommonTokenStream.py -> build/lib/antlr4
10.73   copying src/antlr4/ParserRuleContext.py -> build/lib/antlr4
10.73   copying src/antlr4/IntervalSet.py -> build/lib/antlr4
10.73   copying src/antlr4/Recognizer.py -> build/lib/antlr4
10.73   copying src/antlr4/__init__.py -> build/lib/antlr4
10.73   copying src/antlr4/LL1Analyzer.py -> build/lib/antlr4
10.73   creating build/lib/antlr4/atn
10.73   copying src/antlr4/atn/LexerAction.py -> build/lib/antlr4/atn
10.73   copying src/antlr4/atn/ATNDeserializationOptions.py -> build/lib/antlr4/atn
10.73   copying src/antlr4/atn/ParserATNSimulator.py -> build/lib/antlr4/atn
10.73   copying src/antlr4/atn/LexerATNSimulator.py -> build/lib/antlr4/atn
10.73   copying src/antlr4/atn/Transition.py -> build/lib/antlr4/atn
10.73   copying src/antlr4/atn/ATNConfig.py -> build/lib/antlr4/atn
10.73   copying src/antlr4/atn/LexerActionExecutor.py -> build/lib/antlr4/atn
10.73   copying src/antlr4/atn/ATNState.py -> build/lib/antlr4/atn
10.73   copying src/antlr4/atn/ATNSimulator.py -> build/lib/antlr4/atn
10.74   copying src/antlr4/atn/PredictionMode.py -> build/lib/antlr4/atn
10.74   copying src/antlr4/atn/ATNConfigSet.py -> build/lib/antlr4/atn
10.74   copying src/antlr4/atn/ATNType.py -> build/lib/antlr4/atn
10.74   copying src/antlr4/atn/SemanticContext.py -> build/lib/antlr4/atn
10.74   copying src/antlr4/atn/__init__.py -> build/lib/antlr4/atn
10.74   copying src/antlr4/atn/ATN.py -> build/lib/antlr4/atn
10.74   copying src/antlr4/atn/ATNDeserializer.py -> build/lib/antlr4/atn
10.74   creating build/lib/antlr4/dfa
10.74   copying src/antlr4/dfa/DFASerializer.py -> build/lib/antlr4/dfa
10.74   copying src/antlr4/dfa/DFAState.py -> build/lib/antlr4/dfa
10.74   copying src/antlr4/dfa/__init__.py -> build/lib/antlr4/dfa
10.74   copying src/antlr4/dfa/DFA.py -> build/lib/antlr4/dfa
10.74   creating build/lib/antlr4/tree
10.74   copying src/antlr4/tree/Tree.py -> build/lib/antlr4/tree
10.74   copying src/antlr4/tree/ParseTreePattern.py -> build/lib/antlr4/tree
10.74   copying src/antlr4/tree/ParseTreePatternMatcher.py -> build/lib/antlr4/tree
10.74   copying src/antlr4/tree/Chunk.py -> build/lib/antlr4/tree
10.74   copying src/antlr4/tree/Trees.py -> build/lib/antlr4/tree
10.74   copying src/antlr4/tree/TokenTagToken.py -> build/lib/antlr4/tree
10.74   copying src/antlr4/tree/RuleTagToken.py -> build/lib/antlr4/tree
10.74   copying src/antlr4/tree/ParseTreeMatch.py -> build/lib/antlr4/tree
10.74   copying src/antlr4/tree/__init__.py -> build/lib/antlr4/tree
10.74   creating build/lib/antlr4/error
10.74   copying src/antlr4/error/Errors.py -> build/lib/antlr4/error
10.74   copying src/antlr4/error/DiagnosticErrorListener.py -> build/lib/antlr4/error
10.74   copying src/antlr4/error/__init__.py -> build/lib/antlr4/error
10.74   copying src/antlr4/error/ErrorStrategy.py -> build/lib/antlr4/error
10.74   copying src/antlr4/error/ErrorListener.py -> build/lib/antlr4/error
10.74   creating build/lib/antlr4/xpath
10.74   copying src/antlr4/xpath/XPath.py -> build/lib/antlr4/xpath
10.74   copying src/antlr4/xpath/__init__.py -> build/lib/antlr4/xpath
10.75   running build_scripts
10.75   creating build/scripts-3.12
10.75   copying and adjusting bin/pygrun -> build/scripts-3.12
10.75   changing mode of build/scripts-3.12/pygrun from 644 to 755
10.78   /opt/venv/lib/python3.12/site-packages/setuptools/_distutils/cmd.py:90: SetuptoolsDeprecationWarning: setup.py install is deprecated.
10.78   !!
10.78 
10.78           ********************************************************************************
10.78           Please avoid running ``setup.py`` directly.
10.78           Instead, use pypa/build, pypa/installer or other
10.79           standards-based tools.
10.79 
10.79           See https://blog.ganssle.io/articles/2021/10/setup-py-deprecated.html for details.
10.79           ********************************************************************************
10.79 
10.79   !!
10.79     self.initialize_options()
10.82   installing to build/bdist.linux-aarch64/wheel
10.82   running install
10.83   running install_lib
10.87   creating build/bdist.linux-aarch64/wheel
10.87   creating build/bdist.linux-aarch64/wheel/antlr4
10.87   copying build/lib/antlr4/ParserInterpreter.py -> build/bdist.linux-aarch64/wheel/./antlr4
10.87   copying build/lib/antlr4/Token.py -> build/bdist.linux-aarch64/wheel/./antlr4
10.87   copying build/lib/antlr4/FileStream.py -> build/bdist.linux-aarch64/wheel/./antlr4
10.87   copying build/lib/antlr4/PredictionContext.py -> build/bdist.linux-aarch64/wheel/./antlr4
10.87   copying build/lib/antlr4/Lexer.py -> build/bdist.linux-aarch64/wheel/./antlr4
10.87   copying build/lib/antlr4/RuleContext.py -> build/bdist.linux-aarch64/wheel/./antlr4
10.87   creating build/bdist.linux-aarch64/wheel/antlr4/xpath
10.87   copying build/lib/antlr4/xpath/XPath.py -> build/bdist.linux-aarch64/wheel/./antlr4/xpath
10.87   copying build/lib/antlr4/xpath/__init__.py -> build/bdist.linux-aarch64/wheel/./antlr4/xpath
10.87   copying build/lib/antlr4/Parser.py -> build/bdist.linux-aarch64/wheel/./antlr4
10.87   creating build/bdist.linux-aarch64/wheel/antlr4/dfa
10.87   copying build/lib/antlr4/dfa/DFASerializer.py -> build/bdist.linux-aarch64/wheel/./antlr4/dfa
10.87   copying build/lib/antlr4/dfa/DFAState.py -> build/bdist.linux-aarch64/wheel/./antlr4/dfa
10.87   copying build/lib/antlr4/dfa/__init__.py -> build/bdist.linux-aarch64/wheel/./antlr4/dfa
10.87   copying build/lib/antlr4/dfa/DFA.py -> build/bdist.linux-aarch64/wheel/./antlr4/dfa
10.87   copying build/lib/antlr4/CommonTokenFactory.py -> build/bdist.linux-aarch64/wheel/./antlr4
10.87   copying build/lib/antlr4/StdinStream.py -> build/bdist.linux-aarch64/wheel/./antlr4
10.87   copying build/lib/antlr4/InputStream.py -> build/bdist.linux-aarch64/wheel/./antlr4
10.87   copying build/lib/antlr4/BufferedTokenStream.py -> build/bdist.linux-aarch64/wheel/./antlr4
10.87   copying build/lib/antlr4/TokenStreamRewriter.py -> build/bdist.linux-aarch64/wheel/./antlr4
10.87   copying build/lib/antlr4/Utils.py -> build/bdist.linux-aarch64/wheel/./antlr4
10.87   copying build/lib/antlr4/ListTokenSource.py -> build/bdist.linux-aarch64/wheel/./antlr4
10.87   copying build/lib/antlr4/CommonTokenStream.py -> build/bdist.linux-aarch64/wheel/./antlr4
10.87   copying build/lib/antlr4/ParserRuleContext.py -> build/bdist.linux-aarch64/wheel/./antlr4
10.87   creating build/bdist.linux-aarch64/wheel/antlr4/tree
10.87   copying build/lib/antlr4/tree/Tree.py -> build/bdist.linux-aarch64/wheel/./antlr4/tree
10.87   copying build/lib/antlr4/tree/ParseTreePattern.py -> build/bdist.linux-aarch64/wheel/./antlr4/tree
10.87   copying build/lib/antlr4/tree/ParseTreePatternMatcher.py -> build/bdist.linux-aarch64/wheel/./antlr4/tree
10.88   copying build/lib/antlr4/tree/Chunk.py -> build/bdist.linux-aarch64/wheel/./antlr4/tree
10.88   copying build/lib/antlr4/tree/Trees.py -> build/bdist.linux-aarch64/wheel/./antlr4/tree
10.88   copying build/lib/antlr4/tree/TokenTagToken.py -> build/bdist.linux-aarch64/wheel/./antlr4/tree
10.88   copying build/lib/antlr4/tree/RuleTagToken.py -> build/bdist.linux-aarch64/wheel/./antlr4/tree
10.88   copying build/lib/antlr4/tree/ParseTreeMatch.py -> build/bdist.linux-aarch64/wheel/./antlr4/tree
10.88   copying build/lib/antlr4/tree/__init__.py -> build/bdist.linux-aarch64/wheel/./antlr4/tree
10.88   copying build/lib/antlr4/IntervalSet.py -> build/bdist.linux-aarch64/wheel/./antlr4
10.88   copying build/lib/antlr4/Recognizer.py -> build/bdist.linux-aarch64/wheel/./antlr4
10.88   copying build/lib/antlr4/__init__.py -> build/bdist.linux-aarch64/wheel/./antlr4
10.88   copying build/lib/antlr4/LL1Analyzer.py -> build/bdist.linux-aarch64/wheel/./antlr4
10.88   creating build/bdist.linux-aarch64/wheel/antlr4/atn
10.88   copying build/lib/antlr4/atn/LexerAction.py -> build/bdist.linux-aarch64/wheel/./antlr4/atn
10.88   copying build/lib/antlr4/atn/ATNDeserializationOptions.py -> build/bdist.linux-aarch64/wheel/./antlr4/atn
10.88   copying build/lib/antlr4/atn/ParserATNSimulator.py -> build/bdist.linux-aarch64/wheel/./antlr4/atn
10.88   copying build/lib/antlr4/atn/LexerATNSimulator.py -> build/bdist.linux-aarch64/wheel/./antlr4/atn
10.88   copying build/lib/antlr4/atn/Transition.py -> build/bdist.linux-aarch64/wheel/./antlr4/atn
10.88   copying build/lib/antlr4/atn/ATNConfig.py -> build/bdist.linux-aarch64/wheel/./antlr4/atn
10.88   copying build/lib/antlr4/atn/LexerActionExecutor.py -> build/bdist.linux-aarch64/wheel/./antlr4/atn
10.88   copying build/lib/antlr4/atn/ATNState.py -> build/bdist.linux-aarch64/wheel/./antlr4/atn
10.88   copying build/lib/antlr4/atn/ATNSimulator.py -> build/bdist.linux-aarch64/wheel/./antlr4/atn
10.88   copying build/lib/antlr4/atn/PredictionMode.py -> build/bdist.linux-aarch64/wheel/./antlr4/atn
10.88   copying build/lib/antlr4/atn/ATNConfigSet.py -> build/bdist.linux-aarch64/wheel/./antlr4/atn
10.88   copying build/lib/antlr4/atn/ATNType.py -> build/bdist.linux-aarch64/wheel/./antlr4/atn
10.88   copying build/lib/antlr4/atn/SemanticContext.py -> build/bdist.linux-aarch64/wheel/./antlr4/atn
10.88   copying build/lib/antlr4/atn/__init__.py -> build/bdist.linux-aarch64/wheel/./antlr4/atn
10.88   copying build/lib/antlr4/atn/ATN.py -> build/bdist.linux-aarch64/wheel/./antlr4/atn
10.88   copying build/lib/antlr4/atn/ATNDeserializer.py -> build/bdist.linux-aarch64/wheel/./antlr4/atn
10.88   creating build/bdist.linux-aarch64/wheel/antlr4/error
10.89   copying build/lib/antlr4/error/Errors.py -> build/bdist.linux-aarch64/wheel/./antlr4/error
10.89   copying build/lib/antlr4/error/DiagnosticErrorListener.py -> build/bdist.linux-aarch64/wheel/./antlr4/error
10.89   copying build/lib/antlr4/error/__init__.py -> build/bdist.linux-aarch64/wheel/./antlr4/error
10.89   copying build/lib/antlr4/error/ErrorStrategy.py -> build/bdist.linux-aarch64/wheel/./antlr4/error
10.89   copying build/lib/antlr4/error/ErrorListener.py -> build/bdist.linux-aarch64/wheel/./antlr4/error
10.89   running install_egg_info
10.92   running egg_info
10.96   writing src/antlr4_python3_runtime.egg-info/PKG-INFO
10.96   writing dependency_links to src/antlr4_python3_runtime.egg-info/dependency_links.txt
10.96   writing requirements to src/antlr4_python3_runtime.egg-info/requires.txt
10.96   writing top-level names to src/antlr4_python3_runtime.egg-info/top_level.txt
11.00   reading manifest file 'src/antlr4_python3_runtime.egg-info/SOURCES.txt'
11.00   reading manifest template 'MANIFEST.in'
11.00   warning: no files found matching '*.py' under directory 'test'
11.00   warning: no files found matching '*.c' under directory 'test'
11.00   writing manifest file 'src/antlr4_python3_runtime.egg-info/SOURCES.txt'
11.00   Copying src/antlr4_python3_runtime.egg-info to build/bdist.linux-aarch64/wheel/./antlr4_python3_runtime-4.9.3-py3.12.egg-info
11.01   running install_scripts
11.01   creating build/bdist.linux-aarch64/wheel/antlr4_python3_runtime-4.9.3.data/scripts
11.01   copying build/scripts-3.12/pygrun -> build/bdist.linux-aarch64/wheel/antlr4_python3_runtime-4.9.3.data/scripts
11.01   changing mode of build/bdist.linux-aarch64/wheel/antlr4_python3_runtime-4.9.3.data/scripts/pygrun to 755
11.01   creating build/bdist.linux-aarch64/wheel/antlr4_python3_runtime-4.9.3.dist-info/WHEEL
11.01   creating '/tmp/pip-wheel-oe4hjflx/antlr4_python3_runtime-4.9.3-py3-none-any.whl' and adding 'build/bdist.linux-aarch64/wheel' to it
11.01   adding 'antlr4/BufferedTokenStream.py'
11.01   adding 'antlr4/CommonTokenFactory.py'
11.01   adding 'antlr4/CommonTokenStream.py'
11.01   adding 'antlr4/FileStream.py'
11.01   adding 'antlr4/InputStream.py'
11.01   adding 'antlr4/IntervalSet.py'
11.01   adding 'antlr4/LL1Analyzer.py'
11.01   adding 'antlr4/Lexer.py'
11.01   adding 'antlr4/ListTokenSource.py'
11.02   adding 'antlr4/Parser.py'
11.02   adding 'antlr4/ParserInterpreter.py'
11.02   adding 'antlr4/ParserRuleContext.py'
11.02   adding 'antlr4/PredictionContext.py'
11.02   adding 'antlr4/Recognizer.py'
11.02   adding 'antlr4/RuleContext.py'
11.02   adding 'antlr4/StdinStream.py'
11.02   adding 'antlr4/Token.py'
11.02   adding 'antlr4/TokenStreamRewriter.py'
11.02   adding 'antlr4/Utils.py'
11.02   adding 'antlr4/__init__.py'
11.02   adding 'antlr4/atn/ATN.py'
11.02   adding 'antlr4/atn/ATNConfig.py'
11.02   adding 'antlr4/atn/ATNConfigSet.py'
11.02   adding 'antlr4/atn/ATNDeserializationOptions.py'
11.02   adding 'antlr4/atn/ATNDeserializer.py'
11.02   adding 'antlr4/atn/ATNSimulator.py'
11.03   adding 'antlr4/atn/ATNState.py'
11.03   adding 'antlr4/atn/ATNType.py'
11.03   adding 'antlr4/atn/LexerATNSimulator.py'
11.03   adding 'antlr4/atn/LexerAction.py'
11.03   adding 'antlr4/atn/LexerActionExecutor.py'
11.03   adding 'antlr4/atn/ParserATNSimulator.py'
11.03   adding 'antlr4/atn/PredictionMode.py'
11.04   adding 'antlr4/atn/SemanticContext.py'
11.04   adding 'antlr4/atn/Transition.py'
11.04   adding 'antlr4/atn/__init__.py'
11.04   adding 'antlr4/dfa/DFA.py'
11.04   adding 'antlr4/dfa/DFASerializer.py'
11.04   adding 'antlr4/dfa/DFAState.py'
11.04   adding 'antlr4/dfa/__init__.py'
11.04   adding 'antlr4/error/DiagnosticErrorListener.py'
11.04   adding 'antlr4/error/ErrorListener.py'
11.04   adding 'antlr4/error/ErrorStrategy.py'
11.04   adding 'antlr4/error/Errors.py'
11.04   adding 'antlr4/error/__init__.py'
11.04   adding 'antlr4/tree/Chunk.py'
11.04   adding 'antlr4/tree/ParseTreeMatch.py'
11.04   adding 'antlr4/tree/ParseTreePattern.py'
11.04   adding 'antlr4/tree/ParseTreePatternMatcher.py'
11.04   adding 'antlr4/tree/RuleTagToken.py'
11.04   adding 'antlr4/tree/TokenTagToken.py'
11.04   adding 'antlr4/tree/Tree.py'
11.05   adding 'antlr4/tree/Trees.py'
11.05   adding 'antlr4/tree/__init__.py'
11.05   adding 'antlr4/xpath/XPath.py'
11.05   adding 'antlr4/xpath/__init__.py'
11.05   adding 'antlr4_python3_runtime-4.9.3.data/scripts/pygrun'
11.05   adding 'antlr4_python3_runtime-4.9.3.dist-info/METADATA'
11.05   adding 'antlr4_python3_runtime-4.9.3.dist-info/WHEEL'
11.05   adding 'antlr4_python3_runtime-4.9.3.dist-info/top_level.txt'
11.05   adding 'antlr4_python3_runtime-4.9.3.dist-info/RECORD'
11.05   removing build/bdist.linux-aarch64/wheel
11.12   Building wheel for antlr4-python3-runtime (setup.py): finished with status 'done'
11.12   Created wheel for antlr4-python3-runtime: filename=antlr4_python3_runtime-4.9.3-py3-none-any.whl size=144592 sha256=400c383ed969aabe7d150d8dc0ea37853612b578ddbd7df938d4f2a7242c3e26
11.12   Stored in directory: /tmp/pip-ephem-wheel-cache-o2hp4idr/wheels/1f/be/48/13754633f1d08d1fbfc60d5e80ae1e5d7329500477685286cd
11.13 Successfully built openai-clip antlr4-python3-runtime
12.08 Installing collected packages: pytz, antlr4-python3-runtime, tzdata, scipy, PyWavelets, propcache, opencv-python, omegaconf, multidict, ftfy, frozenlist, einops, aiohappyeyeballs, yarl, pandas, openai-clip, aiosignal, torchmetrics, kornia, invisible-watermark, aiohttp, pytorch-lightning, taming-transformers
12.60   Attempting uninstall: scipy
12.62     Found existing installation: scipy 1.15.2
12.62     Not uninstalling scipy at /usr/local/lib/python3.12/dist-packages, outside environment /opt/venv
12.62     Can't uninstall 'scipy'. No files were found to uninstall.
19.22   changing mode of /opt/venv/bin/ftfy to 755
30.16 Successfully installed PyWavelets-1.8.0 aiohappyeyeballs-2.6.1 aiohttp-3.11.16 aiosignal-1.3.2 antlr4-python3-runtime-4.9.3 einops-0.7.0 frozenlist-1.6.0 ftfy-6.3.1 invisible-watermark-0.2.0 kornia-0.7.0 multidict-6.4.3 omegaconf-2.3.0 openai-clip-1.0.1 opencv-python-4.11.0.86 pandas-2.1.1 propcache-0.3.1 pytorch-lightning-2.5.1 pytz-2025.2 scipy-1.11.3 taming-transformers-0.0.1 torchmetrics-1.7.1 tzdata-2025.2 yarl-1.20.0
30.52 ++ python3 -c 'import sys; print(f"/usr/local/lib/python{sys.version_info.major}.{sys.version_info.minor}/dist-packages")'
30.55 + PYTHON_DIST_PACKAGES=/usr/local/lib/python3.12/dist-packages
30.55 + wget https://raw.githubusercontent.com/CompVis/taming-transformers/master/taming/modules/vqvae/quantize.py -O /usr/local/lib/python3.12/dist-packages/taming/modules/vqvae/quantize.py
30.55 /usr/local/lib/python3.12/dist-packages/taming/modules/vqvae/quantize.py: No such file or directory
------
Dockerfile:62
--------------------
  61 |     # Install dependencies and set up Stable Diffusion repositories
  62 | >>> RUN set -ex \
  63 | >>>     # Install Python packages with version pinning \
  64 | >>>     && pip3 install --no-cache-dir \
  65 | >>>         diffusers==0.24.0 \
  66 | >>>         openai-clip \
  67 | >>>         kornia==0.7.0 \
  68 | >>>         taming-transformers==0.0.1 \
  69 | >>>         invisible-watermark==0.2.0 \
  70 | >>>         einops==0.7.0 \
  71 | >>>         pandas==2.1.1 \
  72 | >>>         scipy==1.11.3 \
  73 | >>>     \
  74 | >>>     # Get Python dist-packages path \
  75 | >>>     && PYTHON_DIST_PACKAGES=$(python3 -c 'import sys; print(f"/usr/local/lib/python{sys.version_info.major}.{sys.version_info.minor}/dist-packages")') \
  76 | >>>     && wget https://raw.githubusercontent.com/CompVis/taming-transformers/master/taming/modules/vqvae/quantize.py -O $PYTHON_DIST_PACKAGES/taming/modules/vqvae/quantize.py \
  77 | >>>     \
  78 | >>>     # Clean before cloning \
  79 | >>>     && rm -rf /opt/stable-diffusion /opt/stable-diffusion-optimized \
  80 | >>>     \
  81 | >>>     # Clone repositories \
  82 | >>>     && git clone --depth=1 https://github.com/CompVis/stable-diffusion /opt/stable-diffusion \
  83 | >>>     && git clone --depth=1 https://github.com/basujindal/stable-diffusion /opt/stable-diffusion-optimized \
  84 | >>>     && cp -r /opt/stable-diffusion-optimized/optimizedSD /opt/stable-diffusion/ \
  85 | >>>     && rm -rf /opt/stable-diffusion-optimized \
  86 | >>>     \
  87 | >>>     # Apply fixes \
  88 | >>>     && sed -i \
  89 | >>>         -e 's|from pytorch_lightning.utilities.distributed|#from pytorch_lightning.utilities.distributed|g' \
  90 | >>>         -e 's|@rank_zero_only||g' \
  91 | >>>         /opt/stable-diffusion/ldm/models/diffusion/ddpm.py \
  92 | >>>     && sed -i \
  93 | >>>         -e 's|from pytorch_lightning.utilities.distributed|#from pytorch_lightning.utilities.distributed|g' \
  94 | >>>         -e 's|@rank_zero_only||g' \
  95 | >>>         /opt/stable-diffusion/optimizedSD/ddpm.py \
  96 | >>>     \
  97 | >>>     # Create directories \
  98 | >>>     && mkdir -p /data/models/diffusers \
  99 | >>>     && mkdir -p /data/images/stable-diffusion \
 100 | >>>     \

 1 warning found (use docker --debug to expand):
 - UndefinedVar: Usage of undefined variable '$PYTHONPATH' (line 113)
 101 | >>>     # Add verification checks \
 102 | >>>     && echo "# Check for Stable Diffusion packages" >> /tmp/sd_checks.sh \
 103 | >>>     && echo "check_python_pkg diffusers" >> /tmp/sd_checks.sh \
 104 | >>>     && echo "check_dir /opt/stable-diffusion 'Stable Diffusion'" >> /tmp/sd_checks.sh \
 105 | >>>     && cat /tmp/sd_checks.sh >> /opt/list_app_checks.sh \
 106 | >>>     \
 107 | >>>     # Cleanup \
 108 | >>>     && rm -rf /root/.cache/pip \
 109 | >>>     && find /opt/stable-diffusion -name ".git" -type d -exec rm -rf {} + \
 110 | >>>     && rm -f /tmp/sd_checks.sh
 111 |     
--------------------
ERROR: failed to solve: process "/bin/sh -c set -ex     && pip3 install --no-cache-dir         diffusers==0.24.0         openai-clip         kornia==0.7.0         taming-transformers==0.0.1         invisible-watermark==0.2.0         einops==0.7.0         pandas==2.1.1         scipy==1.11.3         && PYTHON_DIST_PACKAGES=$(python3 -c 'import sys; print(f\"/usr/local/lib/python{sys.version_info.major}.{sys.version_info.minor}/dist-packages\")')     && wget https://raw.githubusercontent.com/CompVis/taming-transformers/master/taming/modules/vqvae/quantize.py -O $PYTHON_DIST_PACKAGES/taming/modules/vqvae/quantize.py         && rm -rf /opt/stable-diffusion /opt/stable-diffusion-optimized         && git clone --depth=1 https://github.com/CompVis/stable-diffusion /opt/stable-diffusion     && git clone --depth=1 https://github.com/basujindal/stable-diffusion /opt/stable-diffusion-optimized     && cp -r /opt/stable-diffusion-optimized/optimizedSD /opt/stable-diffusion/     && rm -rf /opt/stable-diffusion-optimized         && sed -i         -e 's|from pytorch_lightning.utilities.distributed|#from pytorch_lightning.utilities.distributed|g'         -e 's|@rank_zero_only||g'         /opt/stable-diffusion/ldm/models/diffusion/ddpm.py     && sed -i         -e 's|from pytorch_lightning.utilities.distributed|#from pytorch_lightning.utilities.distributed|g'         -e 's|@rank_zero_only||g'         /opt/stable-diffusion/optimizedSD/ddpm.py         && mkdir -p /data/models/diffusers     && mkdir -p /data/images/stable-diffusion         && echo \"# Check for Stable Diffusion packages\" >> /tmp/sd_checks.sh     && echo \"check_python_pkg diffusers\" >> /tmp/sd_checks.sh     && echo \"check_dir /opt/stable-diffusion 'Stable Diffusion'\" >> /tmp/sd_checks.sh     && cat /tmp/sd_checks.sh >> /opt/list_app_checks.sh         && rm -rf /root/.cache/pip     && find /opt/stable-diffusion -name \".git\" -type d -exec rm -rf {} +     && rm -f /tmp/sd_checks.sh" did not complete successfully: exit code: 1
!!!!!!!!!!!!!!!!!!!!!!!!!!!!!!!!!!!!!!!!!!!!!!!!!!
Error: Failed to build image for 16-stable-diffusion (build/16-stable-diffusion).
!!!!!!!!!!!!!!!!!!!!!!!!!!!!!!!!!!!!!!!!!!!!!!!!!!
Build, push or pull failed for build/16-stable-diffusion. Subsequent dependent builds might fail.
Build process for build/16-stable-diffusion exited with code 1
Continuing with next build...
Processing numbered directory: build/17-stable-diffusion-webui
Using base image: kairin/001:14-xformers
Generating fixed tag: kairin/001:17-stable-diffusion-webui
--------------------------------------------------
Building image from folder: build/17-stable-diffusion-webui
Image Name: 17-stable-diffusion-webui
Platform: linux/arm64
Tag: kairin/001:17-stable-diffusion-webui
Base Image (FROM via ARG): kairin/001:14-xformers
Skip Intermediate Push/Pull: n
--------------------------------------------------
Using --push
Running: docker buildx build --platform linux/arm64 -t kairin/001:17-stable-diffusion-webui --build-arg BASE_IMAGE=kairin/001:14-xformers --no-cache --push build/17-stable-diffusion-webui
[+] Building 186.7s (4/6)                                                                                                                          docker-container:jetson-builder
[+] Building 489.3s (8/8) FINISHED                                                                                                                 docker-container:jetson-builder
 => [internal] load build definition from Dockerfile                                                                                                                          0.0s
 => => transferring dockerfile: 8.28kB                                                                                                                                        0.0s
 => [internal] load metadata for docker.io/kairin/001:14-xformers                                                                                                             0.8s
 => [internal] load .dockerignore                                                                                                                                             0.0s
 => => transferring context: 2B                                                                                                                                               0.0s
 => CACHED [1/3] FROM docker.io/kairin/001:14-xformers@sha256:9f2744e385fa1758cf33296f1a45537eca25e5fd828e75ae41cca052e193fc45                                                0.0s
 => => resolve docker.io/kairin/001:14-xformers@sha256:9f2744e385fa1758cf33296f1a45537eca25e5fd828e75ae41cca052e193fc45                                                       0.0s
 => [2/3] RUN set -ex     && L4T_VERSION=$(cat /etc/nv_tegra_release | grep -o 'R[0-9]\+.[0-9]\+.[0-9]\+' | sed 's/R//')     && L4T_MAJOR=$(echo $L4T_VERSION | cut -d. -f  394.7s  => [3/3] RUN mkdir -p /data/models/stable-diffusion                                                                                                                          0.3s 
 => exporting to image                                                                                                                                                       93.1s 
 => => exporting layers                                                                                                                                                      45.3s 
 => => exporting manifest sha256:6b7d2a6027b95d1063c72a0dc3a2be36360e883bc184a37abbba2f6a3d7f003b                                                                             0.0s 
 => => exporting config sha256:a19fff31096a5acbf6e7b43922c931e721b67c5964b7a7240bd9b1c9d570888b                                                                               0.0s 
 => => exporting attestation manifest sha256:a996e1eca8b8af4f6f635889e6c9eb534732cf8c86c6122af5c268783efb67f9                                                                 0.0s 
 => => exporting manifest list sha256:20480626fcddd52bab3dba9dc3b045a09db7c162ac649fd2d28db33e0ac4d692                                                                        0.0s
 => => pushing layers                                                                                                                                                        44.8s
 => => pushing manifest for docker.io/kairin/001:17-stable-diffusion-webui@sha256:20480626fcddd52bab3dba9dc3b045a09db7c162ac649fd2d28db33e0ac4d692                            2.9s
 => [auth] kairin/001:pull,push token for registry-1.docker.io                                                                                                                0.0s
Pulling built image: kairin/001:17-stable-diffusion-webui
17-stable-diffusion-webui: Pulling from kairin/001
14fcbe0c9272: Already exists 
9c92e5240789: Already exists 
7727fa23ba6a: Already exists 
0ee8993960f4: Already exists 
ed9cc4f6f859: Already exists 
065c3c36dc07: Already exists 
90afbce3262f: Already exists 
4f4fb700ef54: Already exists 
25a803142cd2: Already exists 
a2cd38081f2d: Already exists 
0e6e27425c1f: Already exists 
f2181a3cba2b: Already exists 
c4521bb97d5f: Already exists 
22f208790824: Already exists 
a9a5c8abd927: Already exists 
f611b189f0c3: Already exists 
01729d14ce86: Already exists 
f5599f003789: Already exists 
4cc47fad8154: Already exists 
0b5e09e62311: Already exists 
7d9fc68d36bb: Already exists 
274a32582873: Already exists 
1e7d085715d1: Already exists 
d181e07df341: Already exists 
012481760f5c: Already exists 
97aaa991751f: Already exists 
72fe3c211992: Already exists 
38ec2fb17af6: Already exists 
190d0cab0853: Already exists 
6f18b76caf7a: Pull complete 
6294311a20ec: Pull complete 
Digest: sha256:20480626fcddd52bab3dba9dc3b045a09db7c162ac649fd2d28db33e0ac4d692
Status: Downloaded newer image for kairin/001:17-stable-diffusion-webui
docker.io/kairin/001:17-stable-diffusion-webui
Verifying image kairin/001:17-stable-diffusion-webui exists locally...
Image kairin/001:17-stable-diffusion-webui verified locally.
Successfully built, pushed, and pulled numbered image: kairin/001:17-stable-diffusion-webui
Next base image will be: kairin/001:17-stable-diffusion-webui
Processing numbered directory: build/18-comfyui
Using base image: kairin/001:17-stable-diffusion-webui
Generating fixed tag: kairin/001:18-comfyui
--------------------------------------------------
Building image from folder: build/18-comfyui
Image Name: 18-comfyui
Platform: linux/arm64
Tag: kairin/001:18-comfyui
Base Image (FROM via ARG): kairin/001:17-stable-diffusion-webui
Skip Intermediate Push/Pull: n
--------------------------------------------------
Using --push
Running: docker buildx build --platform linux/arm64 -t kairin/001:18-comfyui --build-arg BASE_IMAGE=kairin/001:17-stable-diffusion-webui --no-cache --push build/18-comfyui
[+] Building 103.8s (12/12) FINISHED                                                                                                               docker-container:jetson-builder
 => [internal] load build definition from Dockerfile                                                                                                                          0.0s
 => => transferring dockerfile: 4.16kB                                                                                                                                        0.0s
 => [internal] load metadata for docker.io/kairin/001:17-stable-diffusion-webui                                                                                               1.6s
 => [auth] kairin/001:pull token for registry-1.docker.io                                                                                                                     0.0s
 => [internal] load .dockerignore                                                                                                                                             0.0s
 => => transferring context: 2B                                                                                                                                               0.0s
 => [1/5] FROM docker.io/kairin/001:17-stable-diffusion-webui@sha256:20480626fcddd52bab3dba9dc3b045a09db7c162ac649fd2d28db33e0ac4d692                                         0.4s
 => => resolve docker.io/kairin/001:17-stable-diffusion-webui@sha256:20480626fcddd52bab3dba9dc3b045a09db7c162ac649fd2d28db33e0ac4d692                                         0.0s
 => [internal] load build context                                                                                                                                             0.0s
 => => transferring context: 148B                                                                                                                                             0.0s
 => [2/5] COPY workflow /opt/ComfyUI/workflow                                                                                                                                 0.4s
 => [3/5] COPY extra /opt/ComfyUI/extra                                                                                                                                       0.1s
 => [4/5] RUN set -ex     && rm -rf /opt/ComfyUI     && mkdir -p /opt/ComfyUI     && cd /opt         && git clone --depth=1 https://github.com/comfyanonymous/ComfyUI.git /  34.0s
 => [5/5] WORKDIR /opt/ComfyUI                                                                                                                                                0.3s 
 => exporting to image                                                                                                                                                       66.7s 
 => => exporting layers                                                                                                                                                      29.4s 
 => => exporting manifest sha256:25c4d2a28bfa340b8481536e0d760e389deb838fb48945cbc55c21b4178d4144                                                                             0.0s 
 => => exporting config sha256:369dc412c60c36826084c48b9004b6a6c3f803d8484a3e7712079fcde5ff03fb                                                                               0.0s 
 => => exporting attestation manifest sha256:00f5719d4d55612ff248618b01a2511e2944fed0ab1c94b8e653d724882b7be3                                                                 0.0s 
 => => exporting manifest list sha256:5b3ddd64203bf10583d2cf4e30c20cbd1cf6e1859652cb256be6504b39720d70                                                                        0.0s
 => => pushing layers                                                                                                                                                        34.3s
 => => pushing manifest for docker.io/kairin/001:18-comfyui@sha256:5b3ddd64203bf10583d2cf4e30c20cbd1cf6e1859652cb256be6504b39720d70                                           2.9s
 => [auth] kairin/001:pull,push token for registry-1.docker.io                                                                                                                0.0s
Pulling built image: kairin/001:18-comfyui
18-comfyui: Pulling from kairin/001
14fcbe0c9272: Already exists 
9c92e5240789: Already exists 
7727fa23ba6a: Already exists 
0ee8993960f4: Already exists 
ed9cc4f6f859: Already exists 
065c3c36dc07: Already exists 
90afbce3262f: Already exists 
4f4fb700ef54: Pull complete 
25a803142cd2: Already exists 
a2cd38081f2d: Already exists 
0e6e27425c1f: Already exists 
f2181a3cba2b: Already exists 
c4521bb97d5f: Already exists 
22f208790824: Already exists 
a9a5c8abd927: Already exists 
f611b189f0c3: Already exists 
01729d14ce86: Already exists 
f5599f003789: Already exists 
4cc47fad8154: Already exists 
0b5e09e62311: Already exists 
7d9fc68d36bb: Already exists 
274a32582873: Already exists 
1e7d085715d1: Already exists 
d181e07df341: Already exists 
012481760f5c: Already exists 
97aaa991751f: Already exists 
72fe3c211992: Already exists 
38ec2fb17af6: Already exists 
190d0cab0853: Already exists 
6f18b76caf7a: Already exists 
6294311a20ec: Already exists 
0cd1be7ac6c6: Pull complete 
b4c7c545a20f: Pull complete 
15e633058f5f: Pull complete 
Digest: sha256:5b3ddd64203bf10583d2cf4e30c20cbd1cf6e1859652cb256be6504b39720d70
Status: Downloaded newer image for kairin/001:18-comfyui
docker.io/kairin/001:18-comfyui
Verifying image kairin/001:18-comfyui exists locally...
Image kairin/001:18-comfyui verified locally.
Successfully built, pushed, and pulled numbered image: kairin/001:18-comfyui
Next base image will be: kairin/001:18-comfyui
Processing numbered directory: build/19-bitsandbytes
Using base image: kairin/001:18-comfyui
Generating fixed tag: kairin/001:19-bitsandbytes
--------------------------------------------------
Building image from folder: build/19-bitsandbytes
Image Name: 19-bitsandbytes
Platform: linux/arm64
Tag: kairin/001:19-bitsandbytes
Base Image (FROM via ARG): kairin/001:18-comfyui
Skip Intermediate Push/Pull: n
--------------------------------------------------
Using --push
Running: docker buildx build --platform linux/arm64 -t kairin/001:19-bitsandbytes --build-arg BASE_IMAGE=kairin/001:18-comfyui --no-cache --push build/19-bitsandbytes
[+] Building 14.6s (7/7) FINISHED                                                                                                                  docker-container:jetson-builder
 => [internal] load build definition from Dockerfile                                                                                                                          0.0s
 => => transferring dockerfile: 3.24kB                                                                                                                                        0.0s
 => [internal] load metadata for docker.io/kairin/001:18-comfyui                                                                                                              0.9s
 => [internal] load .dockerignore                                                                                                                                             0.0s
 => => transferring context: 2B                                                                                                                                               0.0s
 => [1/4] FROM docker.io/kairin/001:18-comfyui@sha256:5b3ddd64203bf10583d2cf4e30c20cbd1cf6e1859652cb256be6504b39720d70                                                        0.4s
 => => resolve docker.io/kairin/001:18-comfyui@sha256:5b3ddd64203bf10583d2cf4e30c20cbd1cf6e1859652cb256be6504b39720d70                                                        0.0s
 => [2/4] RUN set -ex     && apt-get update     && apt-get install -y --no-install-recommends         python3-pip         python3-setuptools         git         cmake       10.8s
 => [3/4] RUN mkdir -p /tmp/wheels                                                                                                                                            0.1s 
 => ERROR [4/4] RUN set -ex     && echo "### CUDA_INSTALLED_VERSION: 11.8"     && echo "### CUDA_MAKE_LIB: cuda11x"     && echo "Building bitsandbytes 0.45.4 from source"    2.2s 
------                                                                                                                                                                             
 > [4/4] RUN set -ex     && echo "### CUDA_INSTALLED_VERSION: 11.8"     && echo "### CUDA_MAKE_LIB: cuda11x"     && echo "Building bitsandbytes 0.45.4 from source"     && rm -rf /opt/bitsandbytes     && git clone --branch=main --recursive --depth=1 "https://github.com/bitsandbytes-foundation/bitsandbytes" /opt/bitsandbytes     && cd /opt/bitsandbytes     && if [ "11.8" -lt 126 ]; then         CUDA_VERSION=11.8 make -C /opt/bitsandbytes -j$(nproc) "cuda11x" &&         CUDA_VERSION=11.8 make -C /opt/bitsandbytes -j$(nproc) "cuda11x_nomatmul";     else         cmake -DCOMPUTE_BACKEND=cuda -S . &&         CUDA_VERSION=11.8 make -C . -j$(nproc);     fi     && python3 setup.py --verbose build_ext --inplace -j$(nproc) bdist_wheel --dist-dir /tmp/wheels     && ls -l /tmp/wheels     && pip3 install /tmp/wheels/bitsandbytes*.whl     && echo "check_python_pkg bitsandbytes" >> /opt/list_app_checks.sh     && rm -rf /tmp/wheels/*     && rm -rf /root/.cache/pip:
0.108 + echo '### CUDA_INSTALLED_VERSION: 11.8'
0.108 + echo '### CUDA_MAKE_LIB: cuda11x'
0.108 + echo 'Building bitsandbytes 0.45.4 from source'
0.108 + rm -rf /opt/bitsandbytes
0.108 ### CUDA_INSTALLED_VERSION: 11.8
0.108 ### CUDA_MAKE_LIB: cuda11x
0.108 Building bitsandbytes 0.45.4 from source
0.156 + git clone --branch=main --recursive --depth=1 https://github.com/bitsandbytes-foundation/bitsandbytes /opt/bitsandbytes
0.159 Cloning into '/opt/bitsandbytes'...
1.226 + cd /opt/bitsandbytes
1.227 + '[' 11.8 -lt 126 ']'
1.227 /bin/bash: line 1: [: 11.8: integer expression expected
1.227 + cmake -DCOMPUTE_BACKEND=cuda -S .
1.756 -- The CXX compiler identification is GNU 13.3.0
1.783 -- Detecting CXX compiler ABI info
1.921 -- Detecting CXX compiler ABI info - done
1.971 -- Check for working CXX compiler: /usr/bin/c++ - skipped
1.972 -- Detecting CXX compile features
1.974 -- Detecting CXX compile features - done
1.994 -- Configuring bitsandbytes (Backend: cuda)
2.091 -- The CUDA compiler identification is unknown
2.095 CMake Error at /usr/local/lib/python3.12/dist-packages/cmake/data/share/cmake-3.31/Modules/CMakeDetermineCUDACompiler.cmake:266 (message):
2.095   Failed to detect a default CUDA architecture.
2.095 
2.095 
2.095 
2.095   Compiler output:
2.095 
2.095 Call Stack (most recent call first):
2.095   CMakeLists.txt:76 (enable_language)
2.095 
2.095 
2.096 -- Configuring incomplete, errors occurred!
------
Dockerfile:58
--------------------
  57 |     # Add check to remove target directory if it exists
  58 | >>> RUN set -ex \
  59 | >>>     && echo "### CUDA_INSTALLED_VERSION: ${CUDA_INSTALLED_VERSION}" \
  60 | >>>     && echo "### CUDA_MAKE_LIB: ${CUDA_MAKE_LIB}" \
  61 | >>>     && echo "Building bitsandbytes ${BITSANDBYTES_VERSION} from source" \
  62 | >>>     && rm -rf /opt/bitsandbytes \
  63 | >>>     && git clone --branch=${BITSANDBYTES_BRANCH} --recursive --depth=1 "https://github.com/${BITSANDBYTES_REPO}" /opt/bitsandbytes \
  64 | >>>     && cd /opt/bitsandbytes \
  65 | >>>     && if [ "${CUDA_INSTALLED_VERSION}" -lt 126 ]; then \
  66 | >>>         CUDA_VERSION=${CUDA_INSTALLED_VERSION} make -C /opt/bitsandbytes -j$(nproc) "${CUDA_MAKE_LIB}" && \
  67 | >>>         CUDA_VERSION=${CUDA_INSTALLED_VERSION} make -C /opt/bitsandbytes -j$(nproc) "${CUDA_MAKE_LIB}_nomatmul"; \
  68 | >>>     else \
  69 | >>>         cmake -DCOMPUTE_BACKEND=cuda -S . && \
  70 | >>>         CUDA_VERSION=${CUDA_INSTALLED_VERSION} make -C . -j$(nproc); \
  71 | >>>     fi \
  72 | >>>     && python3 setup.py --verbose build_ext --inplace -j$(nproc) bdist_wheel --dist-dir ${PIP_WHEEL_DIR} \
  73 | >>>     && ls -l ${PIP_WHEEL_DIR} \
  74 | >>>     && pip3 install ${PIP_WHEEL_DIR}/bitsandbytes*.whl \
  75 | >>>     # Add verification check
  76 | >>>     && echo "check_python_pkg bitsandbytes" >> /opt/list_app_checks.sh \
  77 | >>>     # Clean up to reduce image size
  78 | >>>     && rm -rf ${PIP_WHEEL_DIR}/* \
  79 | >>>     && rm -rf /root/.cache/pip
--------------------
ERROR: failed to solve: process "/bin/sh -c set -ex     && echo \"### CUDA_INSTALLED_VERSION: ${CUDA_INSTALLED_VERSION}\"     && echo \"### CUDA_MAKE_LIB: ${CUDA_MAKE_LIB}\"     && echo \"Building bitsandbytes ${BITSANDBYTES_VERSION} from source\"     && rm -rf /opt/bitsandbytes     && git clone --branch=${BITSANDBYTES_BRANCH} --recursive --depth=1 \"https://github.com/${BITSANDBYTES_REPO}\" /opt/bitsandbytes     && cd /opt/bitsandbytes     && if [ \"${CUDA_INSTALLED_VERSION}\" -lt 126 ]; then         CUDA_VERSION=${CUDA_INSTALLED_VERSION} make -C /opt/bitsandbytes -j$(nproc) \"${CUDA_MAKE_LIB}\" &&         CUDA_VERSION=${CUDA_INSTALLED_VERSION} make -C /opt/bitsandbytes -j$(nproc) \"${CUDA_MAKE_LIB}_nomatmul\";     else         cmake -DCOMPUTE_BACKEND=cuda -S . &&         CUDA_VERSION=${CUDA_INSTALLED_VERSION} make -C . -j$(nproc);     fi     && python3 setup.py --verbose build_ext --inplace -j$(nproc) bdist_wheel --dist-dir ${PIP_WHEEL_DIR}     && ls -l ${PIP_WHEEL_DIR}     && pip3 install ${PIP_WHEEL_DIR}/bitsandbytes*.whl     && echo \"check_python_pkg bitsandbytes\" >> /opt/list_app_checks.sh     && rm -rf ${PIP_WHEEL_DIR}/*     && rm -rf /root/.cache/pip" did not complete successfully: exit code: 1
!!!!!!!!!!!!!!!!!!!!!!!!!!!!!!!!!!!!!!!!!!!!!!!!!!
Error: Failed to build image for 19-bitsandbytes (build/19-bitsandbytes).
!!!!!!!!!!!!!!!!!!!!!!!!!!!!!!!!!!!!!!!!!!!!!!!!!!
Build, push or pull failed for build/19-bitsandbytes. Subsequent dependent builds might fail.
Build process for build/19-bitsandbytes exited with code 1
Continuing with next build...
--- Building Other Directories ---
No non-numbered directories found in build.
--------------------------------------------------
Folder build process complete!
--- Verifying and Pulling All Attempted Images (if needed) ---
Skipping pre-tagging pull verification due to earlier build failures.
--------------------------------------------------
--- Creating Final Timestamped Tag ---
Skipping final timestamped tag creation due to previous errors.
--------------------------------------------------
Build, Push, Pull, and Tagging process complete!
Total images successfully built/pushed/pulled/verified: 17
Warning: One or more steps failed. See logs above.
--------------------------------------------------
(Image pulling and verification now happens during build process)
No final image tag recorded or build failed, skipping further operations.
--------------------------------------------------
--- Verifying all SUCCESSFULLY PROCESSED images exist locally ---
Checking 17 image(s) recorded as successful:
Verifying kairin/001:01-00-build-essential... OK
Verifying kairin/001:01-01-numpy... OK
Verifying kairin/001:02-bazel... OK
Verifying kairin/001:03-ninja... OK
Verifying kairin/001:04-python... OK
Verifying kairin/001:05-h5py... OK
Verifying kairin/001:06-rust... OK
Verifying kairin/001:07-protobuf_apt... OK
Verifying kairin/001:08-protobuf_cpp... OK
Verifying kairin/001:09-opencv... OK
Verifying kairin/001:10-onnx... OK
Verifying kairin/001:11-diffusers... OK
Verifying kairin/001:12-huggingface_hub... OK
Verifying kairin/001:13-transformers... OK
Verifying kairin/001:14-xformers... OK
Verifying kairin/001:17-stable-diffusion-webui... OK
Verifying kairin/001:18-comfyui... OK
All successfully processed images verified successfully locally during final check.
--------------------------------------------------
Script finished with one or more errors.
--------------------------------------------------

╭─░▒▓      /media/kkk/Apps/jetc/buildx  on    main *3 ▓▒░···································································░▒▓ 1 ✘  took 23m 35s    at 18:32:40   ▓▒░─╮
╰─                                                                                                                                                                              ─╯
